[2020-09-23T15:57:55+08:00][sql] CONNECT:[ UseTime:0.001326s ] mysql:host=127.0.0.1;port=3306;dbname=shane;charset=utf8
[2020-09-23T15:57:55+08:00][sql] SHOW FULL COLUMNS FROM `api_user` [ RunTime:0.003477s ]
[2020-09-23T15:57:55+08:00][sql] SELECT * FROM `api_user` WHERE  `email` = '1109571639@qq.com' LIMIT 1 [ RunTime:0.000784s ]
[2020-09-23T16:39:27+08:00][sql] CONNECT:[ UseTime:0.011515s ] mysql:host=127.0.0.1;port=3306;dbname=shane;charset=utf8
[2020-09-23T16:39:27+08:00][sql] SHOW FULL COLUMNS FROM `api_app_config` [ RunTime:0.002735s ]
[2020-09-23T16:39:27+08:00][sql] SELECT `value` FROM `api_app_config` WHERE  `key` = 'EMAIL_HOST'  AND `status` = 1 LIMIT 1 [ RunTime:0.000974s ]
[2020-09-23T16:39:27+08:00][sql] SELECT `value` FROM `api_app_config` WHERE  `key` = 'EMAIL_USERNAME'  AND `status` = 1 LIMIT 1 [ RunTime:0.000546s ]
[2020-09-23T16:39:27+08:00][sql] SELECT `value` FROM `api_app_config` WHERE  `key` = 'EMAIL_PASSWORD'  AND `status` = 1 LIMIT 1 [ RunTime:0.000476s ]
[2020-09-23T16:39:27+08:00][sql] SELECT `value` FROM `api_app_config` WHERE  `key` = 'EMAIL_NAME'  AND `status` = 1 LIMIT 1 [ RunTime:0.000419s ]
[2020-09-23T16:39:27+08:00][sql] SHOW FULL COLUMNS FROM `api_user` [ RunTime:0.002631s ]
[2020-09-23T16:39:27+08:00][sql] SELECT * FROM `api_user` WHERE  `email` = '1109571639@qq.com' LIMIT 1 [ RunTime:0.000720s ]
[2020-09-23T16:39:27+08:00][sql] SELECT `value` FROM `api_app_config` WHERE  `key` = 'EMAIL_ACTIVE_TITLE'  AND `status` = 1 LIMIT 1 [ RunTime:0.000659s ]
[2020-09-23T16:39:27+08:00][sql] SELECT `value` FROM `api_app_config` WHERE  `key` = 'EMAIL_ACTIVE_BODY'  AND `status` = 1 LIMIT 1 [ RunTime:0.000487s ]
[2020-09-23T16:39:27+08:00][sql] SELECT `value` FROM `api_app_config` WHERE  `key` = 'EMAIL_ACTIVE_ALT_BODY'  AND `status` = 1 LIMIT 1 [ RunTime:0.000392s ]
[2020-09-23T16:40:08+08:00][sql] CONNECT:[ UseTime:0.011502s ] mysql:host=127.0.0.1;port=3306;dbname=shane;charset=utf8
[2020-09-23T16:40:08+08:00][sql] SHOW FULL COLUMNS FROM `api_app_config` [ RunTime:0.001719s ]
[2020-09-23T16:40:08+08:00][sql] SELECT `value` FROM `api_app_config` WHERE  `key` = 'EMAIL_HOST'  AND `status` = 1 LIMIT 1 [ RunTime:0.000759s ]
[2020-09-23T16:40:08+08:00][sql] SELECT `value` FROM `api_app_config` WHERE  `key` = 'EMAIL_USERNAME'  AND `status` = 1 LIMIT 1 [ RunTime:0.000294s ]
[2020-09-23T16:40:08+08:00][sql] SELECT `value` FROM `api_app_config` WHERE  `key` = 'EMAIL_PASSWORD'  AND `status` = 1 LIMIT 1 [ RunTime:0.000341s ]
[2020-09-23T16:40:08+08:00][sql] SELECT `value` FROM `api_app_config` WHERE  `key` = 'EMAIL_NAME'  AND `status` = 1 LIMIT 1 [ RunTime:0.000299s ]
[2020-09-23T16:40:08+08:00][sql] SHOW FULL COLUMNS FROM `api_user` [ RunTime:0.001704s ]
[2020-09-23T16:40:08+08:00][sql] SELECT * FROM `api_user` WHERE  `email` = '2949794718@qq.com' LIMIT 1 [ RunTime:0.000369s ]
[2020-09-23T16:40:08+08:00][sql] SELECT `value` FROM `api_app_config` WHERE  `key` = 'EMAIL_ACTIVE_TITLE'  AND `status` = 1 LIMIT 1 [ RunTime:0.000548s ]
[2020-09-23T16:40:08+08:00][sql] SELECT `value` FROM `api_app_config` WHERE  `key` = 'EMAIL_ACTIVE_BODY'  AND `status` = 1 LIMIT 1 [ RunTime:0.000486s ]
[2020-09-23T16:40:08+08:00][sql] SELECT `value` FROM `api_app_config` WHERE  `key` = 'EMAIL_ACTIVE_ALT_BODY'  AND `status` = 1 LIMIT 1 [ RunTime:0.000585s ]
[2020-09-23T17:13:50+08:00][sql] CONNECT:[ UseTime:0.010002s ] mysql:host=127.0.0.1;port=3306;dbname=shane;charset=utf8
[2020-09-23T17:13:50+08:00][sql] SHOW FULL COLUMNS FROM `api_app_config` [ RunTime:0.001412s ]
[2020-09-23T17:13:50+08:00][sql] SELECT `value` FROM `api_app_config` WHERE  `key` = 'EMAIL_HOST'  AND `status` = 1 LIMIT 1 [ RunTime:0.001095s ]
[2020-09-23T17:13:50+08:00][sql] SELECT `value` FROM `api_app_config` WHERE  `key` = 'EMAIL_USERNAME'  AND `status` = 1 LIMIT 1 [ RunTime:0.000550s ]
[2020-09-23T17:13:50+08:00][sql] SELECT `value` FROM `api_app_config` WHERE  `key` = 'EMAIL_PASSWORD'  AND `status` = 1 LIMIT 1 [ RunTime:0.000548s ]
[2020-09-23T17:13:50+08:00][sql] SELECT `value` FROM `api_app_config` WHERE  `key` = 'EMAIL_NAME'  AND `status` = 1 LIMIT 1 [ RunTime:0.000532s ]
[2020-09-23T17:13:50+08:00][sql] SHOW FULL COLUMNS FROM `api_user` [ RunTime:0.001591s ]
[2020-09-23T17:13:50+08:00][sql] INSERT INTO `api_user` SET `email` = '1109571639@qq.com' , `password` = '2ca80f7e6b68120d3f27c6cc6ae5e5c6' , `name` = 'shane' , `student_id` = '2018510500' , `password_salt` = '5Z41w' , `last_login_ip` = '127.0.0.1' , `last_login_time` = 1600850364 , `create_time` = 1600852430 , `update_time` = 1600852430 [ RunTime:0.000876s ]
[2020-09-23T17:14:46+08:00][sql] CONNECT:[ UseTime:0.000762s ] mysql:host=127.0.0.1;port=3306;dbname=shane;charset=utf8
[2020-09-23T17:14:46+08:00][sql] SHOW FULL COLUMNS FROM `api_app_config` [ RunTime:0.001581s ]
[2020-09-23T17:14:46+08:00][sql] SELECT `value` FROM `api_app_config` WHERE  `key` = 'EMAIL_HOST'  AND `status` = 1 LIMIT 1 [ RunTime:0.000561s ]
[2020-09-23T17:14:46+08:00][sql] SELECT `value` FROM `api_app_config` WHERE  `key` = 'EMAIL_USERNAME'  AND `status` = 1 LIMIT 1 [ RunTime:0.000428s ]
[2020-09-23T17:14:46+08:00][sql] SELECT `value` FROM `api_app_config` WHERE  `key` = 'EMAIL_PASSWORD'  AND `status` = 1 LIMIT 1 [ RunTime:0.000396s ]
[2020-09-23T17:14:46+08:00][sql] SELECT `value` FROM `api_app_config` WHERE  `key` = 'EMAIL_NAME'  AND `status` = 1 LIMIT 1 [ RunTime:0.000357s ]
[2020-09-23T17:14:46+08:00][sql] SHOW FULL COLUMNS FROM `api_user` [ RunTime:0.001885s ]
[2020-09-23T17:20:13+08:00][sql] CONNECT:[ UseTime:0.001071s ] mysql:host=127.0.0.1;port=3306;dbname=shane;charset=utf8
[2020-09-23T17:20:13+08:00][sql] SHOW FULL COLUMNS FROM `api_app_config` [ RunTime:0.002298s ]
[2020-09-23T17:20:13+08:00][sql] SELECT `value` FROM `api_app_config` WHERE  `key` = 'EMAIL_HOST'  AND `status` = 1 LIMIT 1 [ RunTime:0.001048s ]
[2020-09-23T17:20:13+08:00][sql] SELECT `value` FROM `api_app_config` WHERE  `key` = 'EMAIL_USERNAME'  AND `status` = 1 LIMIT 1 [ RunTime:0.000449s ]
[2020-09-23T17:20:13+08:00][sql] SELECT `value` FROM `api_app_config` WHERE  `key` = 'EMAIL_PASSWORD'  AND `status` = 1 LIMIT 1 [ RunTime:0.000420s ]
[2020-09-23T17:20:13+08:00][sql] SELECT `value` FROM `api_app_config` WHERE  `key` = 'EMAIL_NAME'  AND `status` = 1 LIMIT 1 [ RunTime:0.000343s ]
[2020-09-23T17:20:13+08:00][sql] SHOW FULL COLUMNS FROM `api_user` [ RunTime:0.001987s ]
[2020-09-23T17:20:13+08:00][sql] SELECT * FROM `api_user` WHERE  `email` = '1109571639@qq.com' LIMIT 1 [ RunTime:0.000410s ]
[2020-09-23T17:52:25+08:00][sql] CONNECT:[ UseTime:0.001540s ] mysql:host=127.0.0.1;port=3306;dbname=shane;charset=utf8
[2020-09-23T17:52:25+08:00][sql] SHOW FULL COLUMNS FROM `api_app_config` [ RunTime:0.002123s ]
[2020-09-23T17:52:25+08:00][sql] SELECT `value` FROM `api_app_config` WHERE  `key` = 'EMAIL_HOST'  AND `status` = 1 LIMIT 1 [ RunTime:0.000955s ]
[2020-09-23T17:52:25+08:00][sql] SELECT `value` FROM `api_app_config` WHERE  `key` = 'EMAIL_USERNAME'  AND `status` = 1 LIMIT 1 [ RunTime:0.000427s ]
[2020-09-23T17:52:25+08:00][sql] SELECT `value` FROM `api_app_config` WHERE  `key` = 'EMAIL_PASSWORD'  AND `status` = 1 LIMIT 1 [ RunTime:0.000357s ]
[2020-09-23T17:52:25+08:00][sql] SELECT `value` FROM `api_app_config` WHERE  `key` = 'EMAIL_NAME'  AND `status` = 1 LIMIT 1 [ RunTime:0.000352s ]
[2020-09-23T17:52:25+08:00][sql] SHOW FULL COLUMNS FROM `api_user` [ RunTime:0.001803s ]
[2020-09-23T17:52:25+08:00][sql] SELECT * FROM `api_user` WHERE  `email` = '1109571639@qq.com'  AND `status` = 1 LIMIT 1 [ RunTime:0.000934s ]
[2020-09-23T20:58:15+08:00][sql] CONNECT:[ UseTime:0.013302s ] mysql:host=127.0.0.1;port=3306;dbname=shane;charset=utf8
[2020-09-23T20:58:15+08:00][sql] SHOW FULL COLUMNS FROM `api_app_config` [ RunTime:0.002454s ]
[2020-09-23T20:58:15+08:00][sql] SELECT `value` FROM `api_app_config` WHERE  `key` = 'EMAIL_HOST'  AND `status` = 1 LIMIT 1 [ RunTime:0.000568s ]
[2020-09-23T20:58:15+08:00][sql] SELECT `value` FROM `api_app_config` WHERE  `key` = 'EMAIL_USERNAME'  AND `status` = 1 LIMIT 1 [ RunTime:0.000363s ]
[2020-09-23T20:58:15+08:00][sql] SELECT `value` FROM `api_app_config` WHERE  `key` = 'EMAIL_PASSWORD'  AND `status` = 1 LIMIT 1 [ RunTime:0.000359s ]
[2020-09-23T20:58:15+08:00][sql] SELECT `value` FROM `api_app_config` WHERE  `key` = 'EMAIL_NAME'  AND `status` = 1 LIMIT 1 [ RunTime:0.000389s ]
[2020-09-23T20:58:15+08:00][sql] SHOW FULL COLUMNS FROM `api_user` [ RunTime:0.001612s ]
[2020-09-23T20:58:15+08:00][sql] SELECT * FROM `api_user` WHERE  `email` = '1109571639@qq.co'  AND `status` = 1 LIMIT 1 [ RunTime:0.007453s ]
[2020-09-23T20:58:19+08:00][sql] CONNECT:[ UseTime:0.001038s ] mysql:host=127.0.0.1;port=3306;dbname=shane;charset=utf8
[2020-09-23T20:58:19+08:00][sql] SHOW FULL COLUMNS FROM `api_app_config` [ RunTime:0.002142s ]
[2020-09-23T20:58:19+08:00][sql] SELECT `value` FROM `api_app_config` WHERE  `key` = 'EMAIL_HOST'  AND `status` = 1 LIMIT 1 [ RunTime:0.000985s ]
[2020-09-23T20:58:19+08:00][sql] SELECT `value` FROM `api_app_config` WHERE  `key` = 'EMAIL_USERNAME'  AND `status` = 1 LIMIT 1 [ RunTime:0.000469s ]
[2020-09-23T20:58:19+08:00][sql] SELECT `value` FROM `api_app_config` WHERE  `key` = 'EMAIL_PASSWORD'  AND `status` = 1 LIMIT 1 [ RunTime:0.000323s ]
[2020-09-23T20:58:19+08:00][sql] SELECT `value` FROM `api_app_config` WHERE  `key` = 'EMAIL_NAME'  AND `status` = 1 LIMIT 1 [ RunTime:0.000365s ]
[2020-09-23T20:58:19+08:00][sql] SHOW FULL COLUMNS FROM `api_user` [ RunTime:0.001524s ]
[2020-09-23T20:58:19+08:00][sql] SELECT * FROM `api_user` WHERE  `email` = '1109571639@qq.com'  AND `status` = 1 LIMIT 1 [ RunTime:0.000521s ]
[2020-09-23T20:58:19+08:00][sql] SELECT `value` FROM `api_app_config` WHERE  `key` = 'EMAIL_RANDOM_TITLE'  AND `status` = 1 LIMIT 1 [ RunTime:0.000521s ]
[2020-09-23T20:58:19+08:00][sql] SELECT `value` FROM `api_app_config` WHERE  `key` = 'EMAIL_RANDOM_BODY'  AND `status` = 1 LIMIT 1 [ RunTime:0.000367s ]
[2020-09-23T20:58:19+08:00][sql] SELECT `value` FROM `api_app_config` WHERE  `key` = 'EMAIL_RANDOM_ALT_BODY'  AND `status` = 1 LIMIT 1 [ RunTime:0.000403s ]
[2020-09-23T21:24:04+08:00][sql] CONNECT:[ UseTime:0.001402s ] mysql:host=127.0.0.1;port=3306;dbname=shane;charset=utf8
[2020-09-23T21:24:04+08:00][sql] SHOW FULL COLUMNS FROM `api_app_config` [ RunTime:0.001798s ]
[2020-09-23T21:24:04+08:00][sql] SELECT `value` FROM `api_app_config` WHERE  `key` = 'EMAIL_HOST'  AND `status` = 1 LIMIT 1 [ RunTime:0.000530s ]
[2020-09-23T21:24:04+08:00][sql] SELECT `value` FROM `api_app_config` WHERE  `key` = 'EMAIL_USERNAME'  AND `status` = 1 LIMIT 1 [ RunTime:0.000308s ]
[2020-09-23T21:24:04+08:00][sql] SELECT `value` FROM `api_app_config` WHERE  `key` = 'EMAIL_PASSWORD'  AND `status` = 1 LIMIT 1 [ RunTime:0.000299s ]
[2020-09-23T21:24:04+08:00][sql] SELECT `value` FROM `api_app_config` WHERE  `key` = 'EMAIL_NAME'  AND `status` = 1 LIMIT 1 [ RunTime:0.000305s ]
[2020-09-23T21:24:04+08:00][sql] SHOW FULL COLUMNS FROM `api_user` [ RunTime:0.001622s ]
[2020-09-23T21:24:04+08:00][sql] SELECT * FROM `api_user` WHERE  `email` = '1109571639@qq.com'  AND `status` = 1 LIMIT 1 [ RunTime:0.000387s ]
[2020-09-23T21:24:04+08:00][sql] SELECT `value` FROM `api_app_config` WHERE  `key` = 'EMAIL_RANDOM_TITLE'  AND `status` = 1 LIMIT 1 [ RunTime:0.000556s ]
[2020-09-23T21:24:04+08:00][sql] SELECT `value` FROM `api_app_config` WHERE  `key` = 'EMAIL_RANDOM_BODY'  AND `status` = 1 LIMIT 1 [ RunTime:0.000471s ]
[2020-09-23T21:24:04+08:00][sql] SELECT `value` FROM `api_app_config` WHERE  `key` = 'EMAIL_RANDOM_ALT_BODY'  AND `status` = 1 LIMIT 1 [ RunTime:0.000503s ]
[2020-09-23T21:24:37+08:00][sql] CONNECT:[ UseTime:0.001019s ] mysql:host=127.0.0.1;port=3306;dbname=shane;charset=utf8
[2020-09-23T21:24:37+08:00][sql] SHOW FULL COLUMNS FROM `api_app_config` [ RunTime:0.001598s ]
[2020-09-23T21:24:37+08:00][sql] SELECT `value` FROM `api_app_config` WHERE  `key` = 'EMAIL_HOST'  AND `status` = 1 LIMIT 1 [ RunTime:0.000733s ]
[2020-09-23T21:24:37+08:00][sql] SELECT `value` FROM `api_app_config` WHERE  `key` = 'EMAIL_USERNAME'  AND `status` = 1 LIMIT 1 [ RunTime:0.000376s ]
[2020-09-23T21:24:37+08:00][sql] SELECT `value` FROM `api_app_config` WHERE  `key` = 'EMAIL_PASSWORD'  AND `status` = 1 LIMIT 1 [ RunTime:0.000392s ]
[2020-09-23T21:24:37+08:00][sql] SELECT `value` FROM `api_app_config` WHERE  `key` = 'EMAIL_NAME'  AND `status` = 1 LIMIT 1 [ RunTime:0.000485s ]
[2020-09-23T21:24:37+08:00][sql] SHOW FULL COLUMNS FROM `api_user` [ RunTime:0.001519s ]
[2020-09-23T21:24:37+08:00][sql] SELECT * FROM `api_user` WHERE  `email` = '1109571639@qq.com'  AND `status` = 1 LIMIT 1 [ RunTime:0.000545s ]
[2020-09-23T21:24:37+08:00][sql] SELECT * FROM `api_user` WHERE  `email` = '1109571639@qq.com'  AND `status` = 1 LIMIT 1 [ RunTime:0.000510s ]
[2020-09-23T21:24:37+08:00][sql] UPDATE `api_user`  SET `last_login_time` = 1600867477 , `last_login_token` = '3656466a6bd82d4d655571a1c97465c29c1a795e' , `update_time` = 1600867477  WHERE  `id` = 1 [ RunTime:0.000529s ]
[2020-09-23T21:26:39+08:00][sql] CONNECT:[ UseTime:0.010882s ] mysql:host=127.0.0.1;port=3306;dbname=shane;charset=utf8
[2020-09-23T21:26:39+08:00][sql] SHOW FULL COLUMNS FROM `api_app_config` [ RunTime:0.002184s ]
[2020-09-23T21:26:39+08:00][sql] SELECT `value` FROM `api_app_config` WHERE  `key` = 'EMAIL_HOST'  AND `status` = 1 LIMIT 1 [ RunTime:0.000656s ]
[2020-09-23T21:26:39+08:00][sql] SELECT `value` FROM `api_app_config` WHERE  `key` = 'EMAIL_USERNAME'  AND `status` = 1 LIMIT 1 [ RunTime:0.000369s ]
[2020-09-23T21:26:39+08:00][sql] SELECT `value` FROM `api_app_config` WHERE  `key` = 'EMAIL_PASSWORD'  AND `status` = 1 LIMIT 1 [ RunTime:0.000475s ]
[2020-09-23T21:26:39+08:00][sql] SELECT `value` FROM `api_app_config` WHERE  `key` = 'EMAIL_NAME'  AND `status` = 1 LIMIT 1 [ RunTime:0.000510s ]
[2020-09-23T21:26:39+08:00][sql] SHOW FULL COLUMNS FROM `api_user` [ RunTime:0.002275s ]
[2020-09-23T21:26:39+08:00][sql] SELECT * FROM `api_user` WHERE  `email` = '1109571639@qq.com'  AND `status` = 1 LIMIT 1 [ RunTime:0.000684s ]
[2020-09-23T21:26:39+08:00][sql] SELECT * FROM `api_user` WHERE  `email` = '1109571639@qq.com'  AND `status` = 1 LIMIT 1 [ RunTime:0.000357s ]
[2020-09-23T21:26:39+08:00][sql] SELECT `value` FROM `api_app_config` WHERE  `key` = 'EMAIL_RANDOM_TITLE'  AND `status` = 1 LIMIT 1 [ RunTime:0.000641s ]
[2020-09-23T21:26:39+08:00][sql] SELECT `value` FROM `api_app_config` WHERE  `key` = 'EMAIL_RANDOM_BODY'  AND `status` = 1 LIMIT 1 [ RunTime:0.000628s ]
[2020-09-23T21:26:39+08:00][sql] SELECT `value` FROM `api_app_config` WHERE  `key` = 'EMAIL_RANDOM_ALT_BODY'  AND `status` = 1 LIMIT 1 [ RunTime:0.000482s ]
[2020-09-23T21:27:08+08:00][sql] CONNECT:[ UseTime:0.000818s ] mysql:host=127.0.0.1;port=3306;dbname=shane;charset=utf8
[2020-09-23T21:27:08+08:00][sql] SHOW FULL COLUMNS FROM `api_app_config` [ RunTime:0.001740s ]
[2020-09-23T21:27:08+08:00][sql] SELECT `value` FROM `api_app_config` WHERE  `key` = 'EMAIL_HOST'  AND `status` = 1 LIMIT 1 [ RunTime:0.000532s ]
[2020-09-23T21:27:08+08:00][sql] SELECT `value` FROM `api_app_config` WHERE  `key` = 'EMAIL_USERNAME'  AND `status` = 1 LIMIT 1 [ RunTime:0.000404s ]
[2020-09-23T21:27:08+08:00][sql] SELECT `value` FROM `api_app_config` WHERE  `key` = 'EMAIL_PASSWORD'  AND `status` = 1 LIMIT 1 [ RunTime:0.000433s ]
[2020-09-23T21:27:08+08:00][sql] SELECT `value` FROM `api_app_config` WHERE  `key` = 'EMAIL_NAME'  AND `status` = 1 LIMIT 1 [ RunTime:0.000401s ]
[2020-09-23T21:27:08+08:00][sql] SHOW FULL COLUMNS FROM `api_user` [ RunTime:0.001493s ]
[2020-09-23T21:27:08+08:00][sql] SELECT * FROM `api_user` WHERE  `email` = '1109571639@qq.com'  AND `status` = 1 LIMIT 1 [ RunTime:0.000440s ]
[2020-09-23T21:27:08+08:00][sql] SELECT * FROM `api_user` WHERE  `email` = '1109571639@qq.com'  AND `status` = 1 LIMIT 1 [ RunTime:0.000517s ]
[2020-09-23T21:27:08+08:00][sql] UPDATE `api_user`  SET `last_login_ip` = '127.0.0.1' , `last_login_time` = 1600867627 , `last_login_token` = '3175361e71f9664810904b7117f822a3cb2d9919' , `update_time` = 1600867627  WHERE  `id` = 1 [ RunTime:0.000475s ]
[2020-09-23T21:30:04+08:00][sql] CONNECT:[ UseTime:0.010563s ] mysql:host=127.0.0.1;port=3306;dbname=shane;charset=utf8
[2020-09-23T21:30:04+08:00][sql] SHOW FULL COLUMNS FROM `api_app_config` [ RunTime:0.001677s ]
[2020-09-23T21:30:04+08:00][sql] SELECT `value` FROM `api_app_config` WHERE  `key` = 'EMAIL_HOST'  AND `status` = 1 LIMIT 1 [ RunTime:0.000587s ]
[2020-09-23T21:30:04+08:00][sql] SELECT `value` FROM `api_app_config` WHERE  `key` = 'EMAIL_USERNAME'  AND `status` = 1 LIMIT 1 [ RunTime:0.000337s ]
[2020-09-23T21:30:04+08:00][sql] SELECT `value` FROM `api_app_config` WHERE  `key` = 'EMAIL_PASSWORD'  AND `status` = 1 LIMIT 1 [ RunTime:0.000359s ]
[2020-09-23T21:30:04+08:00][sql] SELECT `value` FROM `api_app_config` WHERE  `key` = 'EMAIL_NAME'  AND `status` = 1 LIMIT 1 [ RunTime:0.000400s ]
[2020-09-23T21:30:04+08:00][sql] SHOW FULL COLUMNS FROM `api_user` [ RunTime:0.001558s ]
[2020-09-23T21:30:04+08:00][sql] SELECT * FROM `api_user` WHERE  `email` = '1109571639@qq.com'  AND `status` = 1 LIMIT 1 [ RunTime:0.000407s ]
[2020-09-23T21:30:04+08:00][sql] SELECT `value` FROM `api_app_config` WHERE  `key` = 'EMAIL_RANDOM_TITLE'  AND `status` = 1 LIMIT 1 [ RunTime:0.000491s ]
[2020-09-23T21:30:04+08:00][sql] SELECT `value` FROM `api_app_config` WHERE  `key` = 'EMAIL_RANDOM_BODY'  AND `status` = 1 LIMIT 1 [ RunTime:0.000358s ]
[2020-09-23T21:30:04+08:00][sql] SELECT `value` FROM `api_app_config` WHERE  `key` = 'EMAIL_RANDOM_ALT_BODY'  AND `status` = 1 LIMIT 1 [ RunTime:0.000358s ]
[2020-09-23T21:30:19+08:00][sql] CONNECT:[ UseTime:0.011049s ] mysql:host=127.0.0.1;port=3306;dbname=shane;charset=utf8
[2020-09-23T21:30:19+08:00][sql] SHOW FULL COLUMNS FROM `api_app_config` [ RunTime:0.002009s ]
[2020-09-23T21:30:19+08:00][sql] SELECT `value` FROM `api_app_config` WHERE  `key` = 'EMAIL_HOST'  AND `status` = 1 LIMIT 1 [ RunTime:0.000550s ]
[2020-09-23T21:30:19+08:00][sql] SELECT `value` FROM `api_app_config` WHERE  `key` = 'EMAIL_USERNAME'  AND `status` = 1 LIMIT 1 [ RunTime:0.000489s ]
[2020-09-23T21:30:19+08:00][sql] SELECT `value` FROM `api_app_config` WHERE  `key` = 'EMAIL_PASSWORD'  AND `status` = 1 LIMIT 1 [ RunTime:0.000377s ]
[2020-09-23T21:30:19+08:00][sql] SELECT `value` FROM `api_app_config` WHERE  `key` = 'EMAIL_NAME'  AND `status` = 1 LIMIT 1 [ RunTime:0.000355s ]
[2020-09-23T21:30:19+08:00][sql] SHOW FULL COLUMNS FROM `api_user` [ RunTime:0.001661s ]
[2020-09-23T21:30:19+08:00][sql] SELECT * FROM `api_user` WHERE  `email` = '1109571639@qq.com'  AND `status` = 1 LIMIT 1 [ RunTime:0.000551s ]
[2020-09-23T21:30:19+08:00][sql] SELECT * FROM `api_user` WHERE  `email` = '1109571639@qq.com'  AND `status` = 1 LIMIT 1 [ RunTime:0.000464s ]
[2020-09-23T21:30:19+08:00][sql] UPDATE `api_user`  SET `last_login_time` = 1600867819 , `last_login_token` = '3419f758e826e5aff0b734433e348732d802e43b' , `update_time` = 1600867819  WHERE  `id` = 1 [ RunTime:0.000439s ]
[2020-09-23T21:32:42+08:00][sql] CONNECT:[ UseTime:0.011422s ] mysql:host=127.0.0.1;port=3306;dbname=shane;charset=utf8
[2020-09-23T21:32:42+08:00][sql] SHOW FULL COLUMNS FROM `api_app_config` [ RunTime:0.001495s ]
[2020-09-23T21:32:42+08:00][sql] SELECT `value` FROM `api_app_config` WHERE  `key` = 'EMAIL_HOST'  AND `status` = 1 LIMIT 1 [ RunTime:0.001503s ]
[2020-09-23T21:32:42+08:00][sql] SELECT `value` FROM `api_app_config` WHERE  `key` = 'EMAIL_USERNAME'  AND `status` = 1 LIMIT 1 [ RunTime:0.000717s ]
[2020-09-23T21:32:42+08:00][sql] SELECT `value` FROM `api_app_config` WHERE  `key` = 'EMAIL_PASSWORD'  AND `status` = 1 LIMIT 1 [ RunTime:0.000531s ]
[2020-09-23T21:32:42+08:00][sql] SELECT `value` FROM `api_app_config` WHERE  `key` = 'EMAIL_NAME'  AND `status` = 1 LIMIT 1 [ RunTime:0.000526s ]
[2020-09-23T21:32:42+08:00][sql] SHOW FULL COLUMNS FROM `api_user` [ RunTime:0.001543s ]
[2020-09-23T21:32:42+08:00][sql] SELECT * FROM `api_user` WHERE  `email` = '1109571639@qq.com'  AND `status` = 1 LIMIT 1 [ RunTime:0.000433s ]
[2020-09-23T21:32:42+08:00][sql] SELECT * FROM `api_user` WHERE  `email` = '1109571639@qq.com'  AND `status` = 1 LIMIT 1 [ RunTime:0.000488s ]
[2020-09-23T21:32:42+08:00][sql] SELECT `value` FROM `api_app_config` WHERE  `key` = 'EMAIL_RANDOM_TITLE'  AND `status` = 1 LIMIT 1 [ RunTime:0.000792s ]
[2020-09-23T21:32:42+08:00][sql] SELECT `value` FROM `api_app_config` WHERE  `key` = 'EMAIL_RANDOM_BODY'  AND `status` = 1 LIMIT 1 [ RunTime:0.000353s ]
[2020-09-23T21:32:42+08:00][sql] SELECT `value` FROM `api_app_config` WHERE  `key` = 'EMAIL_RANDOM_ALT_BODY'  AND `status` = 1 LIMIT 1 [ RunTime:0.000348s ]
[2020-09-23T21:33:02+08:00][sql] CONNECT:[ UseTime:0.011526s ] mysql:host=127.0.0.1;port=3306;dbname=shane;charset=utf8
[2020-09-23T21:33:02+08:00][sql] SHOW FULL COLUMNS FROM `api_app_config` [ RunTime:0.001491s ]
[2020-09-23T21:33:02+08:00][sql] SELECT `value` FROM `api_app_config` WHERE  `key` = 'EMAIL_HOST'  AND `status` = 1 LIMIT 1 [ RunTime:0.000572s ]
[2020-09-23T21:33:02+08:00][sql] SELECT `value` FROM `api_app_config` WHERE  `key` = 'EMAIL_USERNAME'  AND `status` = 1 LIMIT 1 [ RunTime:0.000725s ]
[2020-09-23T21:33:02+08:00][sql] SELECT `value` FROM `api_app_config` WHERE  `key` = 'EMAIL_PASSWORD'  AND `status` = 1 LIMIT 1 [ RunTime:0.000585s ]
[2020-09-23T21:33:02+08:00][sql] SELECT `value` FROM `api_app_config` WHERE  `key` = 'EMAIL_NAME'  AND `status` = 1 LIMIT 1 [ RunTime:0.000520s ]
[2020-09-23T21:33:02+08:00][sql] SHOW FULL COLUMNS FROM `api_user` [ RunTime:0.001882s ]
[2020-09-23T21:33:02+08:00][sql] SELECT * FROM `api_user` WHERE  `email` = '1109571639@qq.com'  AND `status` = 1 LIMIT 1 [ RunTime:0.000558s ]
[2020-09-23T21:33:02+08:00][sql] SELECT * FROM `api_user` WHERE  `email` = '1109571639@qq.com'  AND `status` = 1 LIMIT 1 [ RunTime:0.000752s ]
[2020-09-23T21:33:02+08:00][sql] UPDATE `api_user`  SET `last_login_ip` = '127.0.0.1' , `last_login_time` = 1600867982 , `last_login_token` = '4a991730add086ed4dc98f9175e4cc7633158fac' , `update_time` = 1600867982  WHERE  `id` = 1 [ RunTime:0.000507s ]
[2020-09-23T22:06:26+08:00][sql] CONNECT:[ UseTime:0.011025s ] mysql:host=127.0.0.1;port=3306;dbname=shane;charset=utf8
[2020-09-23T22:06:26+08:00][sql] SHOW FULL COLUMNS FROM `api_user` [ RunTime:0.001749s ]
[2020-09-23T22:06:26+08:00][sql] SELECT * FROM `api_user` WHERE  `email` = '1109571639@qq.com'  AND `status` = 1 LIMIT 1 [ RunTime:0.000475s ]
[2020-09-23T22:07:58+08:00][sql] CONNECT:[ UseTime:0.010673s ] mysql:host=127.0.0.1;port=3306;dbname=shane;charset=utf8
[2020-09-23T22:07:58+08:00][sql] SHOW FULL COLUMNS FROM `api_user` [ RunTime:0.001792s ]
[2020-09-23T22:07:58+08:00][sql] SELECT * FROM `api_user` WHERE  `email` = '1109571639@qq.com'  AND `status` = 1 LIMIT 1 [ RunTime:0.000405s ]
[2020-09-23T22:18:34+08:00][sql] CONNECT:[ UseTime:0.011014s ] mysql:host=127.0.0.1;port=3306;dbname=shane;charset=utf8
[2020-09-23T22:18:34+08:00][sql] SHOW FULL COLUMNS FROM `api_app_config` [ RunTime:0.001616s ]
[2020-09-23T22:18:34+08:00][sql] SELECT `value` FROM `api_app_config` WHERE  `key` = 'EMAIL_HOST'  AND `status` = 1 LIMIT 1 [ RunTime:0.000531s ]
[2020-09-23T22:18:34+08:00][sql] SELECT `value` FROM `api_app_config` WHERE  `key` = 'EMAIL_USERNAME'  AND `status` = 1 LIMIT 1 [ RunTime:0.000345s ]
[2020-09-23T22:18:34+08:00][sql] SELECT `value` FROM `api_app_config` WHERE  `key` = 'EMAIL_PASSWORD'  AND `status` = 1 LIMIT 1 [ RunTime:0.000357s ]
[2020-09-23T22:18:34+08:00][sql] SELECT `value` FROM `api_app_config` WHERE  `key` = 'EMAIL_NAME'  AND `status` = 1 LIMIT 1 [ RunTime:0.000339s ]
[2020-09-23T22:18:34+08:00][sql] SHOW FULL COLUMNS FROM `api_user` [ RunTime:0.001652s ]
[2020-09-23T22:18:34+08:00][sql] SELECT * FROM `api_user` WHERE  `email` = '1109571639@qq.com'  AND `status` = 1 LIMIT 1 [ RunTime:0.000457s ]
[2020-09-23T22:18:34+08:00][sql] SELECT * FROM `api_user` WHERE  `email` = '1109571639@qq.com'  AND `status` = 1 LIMIT 1 [ RunTime:0.000389s ]
[2020-09-23T22:18:34+08:00][sql] UPDATE `api_user`  SET `last_login_time` = 1600870713 , `last_login_token` = '7defa4a53ae29952daa7c12d5673448e08790b59' , `update_time` = 1600870713  WHERE  `id` = 1 [ RunTime:0.000664s ]
[2020-09-23T22:19:26+08:00][sql] CONNECT:[ UseTime:0.010172s ] mysql:host=127.0.0.1;port=3306;dbname=shane;charset=utf8
[2020-09-23T22:19:26+08:00][sql] SHOW FULL COLUMNS FROM `api_user` [ RunTime:0.001705s ]
[2020-09-23T22:19:26+08:00][sql] SELECT * FROM `api_user` WHERE  `email` = '1109571639@qq.com'  AND `status` = 1 LIMIT 1 [ RunTime:0.000413s ]
[2020-09-23T22:19:49+08:00][sql] CONNECT:[ UseTime:0.011345s ] mysql:host=127.0.0.1;port=3306;dbname=shane;charset=utf8
[2020-09-23T22:19:49+08:00][sql] SHOW FULL COLUMNS FROM `api_app_config` [ RunTime:0.001489s ]
[2020-09-23T22:19:49+08:00][sql] SELECT `value` FROM `api_app_config` WHERE  `key` = 'EMAIL_HOST'  AND `status` = 1 LIMIT 1 [ RunTime:0.000413s ]
[2020-09-23T22:19:49+08:00][sql] SELECT `value` FROM `api_app_config` WHERE  `key` = 'EMAIL_USERNAME'  AND `status` = 1 LIMIT 1 [ RunTime:0.000327s ]
[2020-09-23T22:19:49+08:00][sql] SELECT `value` FROM `api_app_config` WHERE  `key` = 'EMAIL_PASSWORD'  AND `status` = 1 LIMIT 1 [ RunTime:0.000364s ]
[2020-09-23T22:19:49+08:00][sql] SELECT `value` FROM `api_app_config` WHERE  `key` = 'EMAIL_NAME'  AND `status` = 1 LIMIT 1 [ RunTime:0.000302s ]
[2020-09-23T22:19:49+08:00][sql] SHOW FULL COLUMNS FROM `api_user` [ RunTime:0.002349s ]
[2020-09-23T22:19:49+08:00][sql] SELECT * FROM `api_user` WHERE  `email` = '1109571639@qq.com'  AND `status` = 1 LIMIT 1 [ RunTime:0.000610s ]
[2020-09-23T22:19:49+08:00][sql] SELECT * FROM `api_user` WHERE  `email` = '1109571639@qq.com'  AND `status` = 1 LIMIT 1 [ RunTime:0.000527s ]
[2020-09-23T22:19:49+08:00][sql] UPDATE `api_user`  SET `last_login_time` = 1600870789 , `last_login_token` = '52fef6bef1b0ce756f8d8cb28328f5805b146b20' , `update_time` = 1600870789  WHERE  `id` = 1 [ RunTime:0.000581s ]
[2020-09-23T22:24:05+08:00][sql] CONNECT:[ UseTime:0.010907s ] mysql:host=127.0.0.1;port=3306;dbname=shane;charset=utf8
[2020-09-23T22:24:05+08:00][sql] SHOW FULL COLUMNS FROM `api_app_config` [ RunTime:0.001764s ]
[2020-09-23T22:24:05+08:00][sql] SELECT `value` FROM `api_app_config` WHERE  `key` = 'EMAIL_HOST'  AND `status` = 1 LIMIT 1 [ RunTime:0.000507s ]
[2020-09-23T22:24:05+08:00][sql] SELECT `value` FROM `api_app_config` WHERE  `key` = 'EMAIL_USERNAME'  AND `status` = 1 LIMIT 1 [ RunTime:0.000369s ]
[2020-09-23T22:24:05+08:00][sql] SELECT `value` FROM `api_app_config` WHERE  `key` = 'EMAIL_PASSWORD'  AND `status` = 1 LIMIT 1 [ RunTime:0.000362s ]
[2020-09-23T22:24:05+08:00][sql] SELECT `value` FROM `api_app_config` WHERE  `key` = 'EMAIL_NAME'  AND `status` = 1 LIMIT 1 [ RunTime:0.000349s ]
[2020-09-23T22:24:05+08:00][sql] SHOW FULL COLUMNS FROM `api_user` [ RunTime:0.001517s ]
[2020-09-23T22:24:05+08:00][sql] SELECT * FROM `api_user` WHERE  `email` = '1109571639@qq.com'  AND `status` = 1 LIMIT 1 [ RunTime:0.000405s ]
[2020-09-23T22:24:05+08:00][sql] SELECT * FROM `api_user` WHERE  `email` = '1109571639@qq.com'  AND `status` = 1 LIMIT 1 [ RunTime:0.000426s ]
[2020-09-23T22:24:05+08:00][sql] UPDATE `api_user`  SET `last_login_time` = 1600871045 , `last_login_token` = '3dcf1b4dcd47a3650d017972a3f10b7bac88ff69' , `update_time` = 1600871045  WHERE  `id` = 1 [ RunTime:0.000408s ]
[2020-09-23T22:24:12+08:00][sql] CONNECT:[ UseTime:0.011368s ] mysql:host=127.0.0.1;port=3306;dbname=shane;charset=utf8
[2020-09-23T22:24:12+08:00][sql] SHOW FULL COLUMNS FROM `api_app_config` [ RunTime:0.001776s ]
[2020-09-23T22:24:12+08:00][sql] SELECT `value` FROM `api_app_config` WHERE  `key` = 'EMAIL_HOST'  AND `status` = 1 LIMIT 1 [ RunTime:0.000571s ]
[2020-09-23T22:24:12+08:00][sql] SELECT `value` FROM `api_app_config` WHERE  `key` = 'EMAIL_USERNAME'  AND `status` = 1 LIMIT 1 [ RunTime:0.000421s ]
[2020-09-23T22:24:12+08:00][sql] SELECT `value` FROM `api_app_config` WHERE  `key` = 'EMAIL_PASSWORD'  AND `status` = 1 LIMIT 1 [ RunTime:0.000519s ]
[2020-09-23T22:24:12+08:00][sql] SELECT `value` FROM `api_app_config` WHERE  `key` = 'EMAIL_NAME'  AND `status` = 1 LIMIT 1 [ RunTime:0.000409s ]
[2020-09-23T22:24:12+08:00][sql] SHOW FULL COLUMNS FROM `api_user` [ RunTime:0.001698s ]
[2020-09-23T22:24:12+08:00][sql] SELECT * FROM `api_user` WHERE  `email` = '1109571639@qq.com'  AND `status` = 1 LIMIT 1 [ RunTime:0.000492s ]
[2020-09-23T22:24:12+08:00][sql] SELECT * FROM `api_user` WHERE  `email` = '1109571639@qq.com'  AND `status` = 1 LIMIT 1 [ RunTime:0.000381s ]
[2020-09-23T22:24:12+08:00][sql] UPDATE `api_user`  SET `last_login_time` = 1600871052 , `last_login_token` = 'adfc17e73a6f1dda3f31ba73d13766a2a9428ad8' , `update_time` = 1600871052  WHERE  `id` = 1 [ RunTime:0.000482s ]
[2020-09-23T22:25:52+08:00][sql] CONNECT:[ UseTime:0.001063s ] mysql:host=127.0.0.1;port=3306;dbname=shane;charset=utf8
[2020-09-23T22:25:52+08:00][sql] SHOW FULL COLUMNS FROM `api_app_config` [ RunTime:0.001452s ]
[2020-09-23T22:25:52+08:00][sql] SELECT `value` FROM `api_app_config` WHERE  `key` = 'EMAIL_HOST'  AND `status` = 1 LIMIT 1 [ RunTime:0.000498s ]
[2020-09-23T22:25:52+08:00][sql] SELECT `value` FROM `api_app_config` WHERE  `key` = 'EMAIL_USERNAME'  AND `status` = 1 LIMIT 1 [ RunTime:0.000314s ]
[2020-09-23T22:25:52+08:00][sql] SELECT `value` FROM `api_app_config` WHERE  `key` = 'EMAIL_PASSWORD'  AND `status` = 1 LIMIT 1 [ RunTime:0.000304s ]
[2020-09-23T22:25:52+08:00][sql] SELECT `value` FROM `api_app_config` WHERE  `key` = 'EMAIL_NAME'  AND `status` = 1 LIMIT 1 [ RunTime:0.000404s ]
[2020-09-23T22:25:52+08:00][sql] SHOW FULL COLUMNS FROM `api_user` [ RunTime:0.001425s ]
[2020-09-23T22:25:52+08:00][sql] SELECT * FROM `api_user` WHERE  `email` = '1109571639@qq.com'  AND `status` = 1 LIMIT 1 [ RunTime:0.000426s ]
[2020-09-23T22:25:52+08:00][sql] SELECT * FROM `api_user` WHERE  `email` = '1109571639@qq.com'  AND `status` = 1 LIMIT 1 [ RunTime:0.000429s ]
[2020-09-23T22:25:52+08:00][sql] UPDATE `api_user`  SET `last_login_time` = 1600871152 , `last_login_token` = 'c5cbb9434258e0ad797fcc6ec14843e3972d7803' , `update_time` = 1600871152  WHERE  `id` = 1 [ RunTime:0.000469s ]
[2020-09-23T22:26:17+08:00][sql] CONNECT:[ UseTime:0.010204s ] mysql:host=127.0.0.1;port=3306;dbname=shane;charset=utf8
[2020-09-23T22:26:17+08:00][sql] SHOW FULL COLUMNS FROM `api_app_config` [ RunTime:0.001691s ]
[2020-09-23T22:26:17+08:00][sql] SELECT `value` FROM `api_app_config` WHERE  `key` = 'EMAIL_HOST'  AND `status` = 1 LIMIT 1 [ RunTime:0.000540s ]
[2020-09-23T22:26:17+08:00][sql] SELECT `value` FROM `api_app_config` WHERE  `key` = 'EMAIL_USERNAME'  AND `status` = 1 LIMIT 1 [ RunTime:0.000364s ]
[2020-09-23T22:26:17+08:00][sql] SELECT `value` FROM `api_app_config` WHERE  `key` = 'EMAIL_PASSWORD'  AND `status` = 1 LIMIT 1 [ RunTime:0.000378s ]
[2020-09-23T22:26:17+08:00][sql] SELECT `value` FROM `api_app_config` WHERE  `key` = 'EMAIL_NAME'  AND `status` = 1 LIMIT 1 [ RunTime:0.000359s ]
[2020-09-23T22:26:17+08:00][sql] SHOW FULL COLUMNS FROM `api_user` [ RunTime:0.001672s ]
[2020-09-23T22:26:17+08:00][sql] SELECT * FROM `api_user` WHERE  `email` = '1109571639@qq.com'  AND `status` = 1 LIMIT 1 [ RunTime:0.000413s ]
[2020-09-23T22:26:17+08:00][sql] SELECT * FROM `api_user` WHERE  `email` = '1109571639@qq.com'  AND `status` = 1 LIMIT 1 [ RunTime:0.000577s ]
[2020-09-23T22:26:17+08:00][sql] UPDATE `api_user`  SET `last_login_time` = 1600871177 , `last_login_token` = '96512098ebdd60ec564c66f1eb817a9d0a754fef' , `update_time` = 1600871177  WHERE  `id` = 1 [ RunTime:0.000763s ]
[2020-09-23T22:26:56+08:00][sql] CONNECT:[ UseTime:0.010680s ] mysql:host=127.0.0.1;port=3306;dbname=shane;charset=utf8
[2020-09-23T22:26:56+08:00][sql] SHOW FULL COLUMNS FROM `api_user` [ RunTime:0.001748s ]
[2020-09-23T22:26:56+08:00][sql] SELECT * FROM `api_user` WHERE  `email` = '1109571639@qq.com'  AND `status` = 1 LIMIT 1 [ RunTime:0.000467s ]
