[2020-09-24T15:28:02+08:00][sql] CONNECT:[ UseTime:0.014871s ] mysql:host=127.0.0.1;port=3306;dbname=shane;charset=utf8
[2020-09-24T15:28:02+08:00][sql] SHOW FULL COLUMNS FROM `api_app_config` [ RunTime:0.002456s ]
[2020-09-24T15:28:02+08:00][sql] SELECT `value` FROM `api_app_config` WHERE  `key` = 'EMAIL_HOST'  AND `status` = 1 LIMIT 1 [ RunTime:0.012525s ]
[2020-09-24T15:28:02+08:00][sql] SELECT `value` FROM `api_app_config` WHERE  `key` = 'EMAIL_USERNAME'  AND `status` = 1 LIMIT 1 [ RunTime:0.000678s ]
[2020-09-24T15:28:02+08:00][sql] SELECT `value` FROM `api_app_config` WHERE  `key` = 'EMAIL_PASSWORD'  AND `status` = 1 LIMIT 1 [ RunTime:0.000682s ]
[2020-09-24T15:28:02+08:00][sql] SELECT `value` FROM `api_app_config` WHERE  `key` = 'EMAIL_NAME'  AND `status` = 1 LIMIT 1 [ RunTime:0.000589s ]
[2020-09-24T15:28:02+08:00][sql] SHOW FULL COLUMNS FROM `api_user` [ RunTime:0.001554s ]
[2020-09-24T15:28:02+08:00][sql] SELECT * FROM `api_user` WHERE  `email` = '1109571639@qq.com'  AND `status` = 1 LIMIT 1 [ RunTime:0.014490s ]
[2020-09-24T15:28:02+08:00][sql] SELECT * FROM `api_user` WHERE  `email` = '1109571639@qq.com'  AND `status` = 1 LIMIT 1 [ RunTime:0.000534s ]
[2020-09-24T15:28:02+08:00][sql] UPDATE `api_user`  SET `last_login_time` = 1600932482 , `last_login_token` = '44ef5cd1180ba7b8af66290f70bf35b1027d4d79' , `update_time` = 1600932482  WHERE  `id` = 1 [ RunTime:0.000539s ]
[2020-09-24T15:28:16+08:00][sql] CONNECT:[ UseTime:0.000852s ] mysql:host=127.0.0.1;port=3306;dbname=shane;charset=utf8
[2020-09-24T15:28:16+08:00][sql] SHOW FULL COLUMNS FROM `api_app_config` [ RunTime:0.001627s ]
[2020-09-24T15:28:16+08:00][sql] SELECT `value` FROM `api_app_config` WHERE  `key` = 'EMAIL_HOST'  AND `status` = 1 LIMIT 1 [ RunTime:0.000608s ]
[2020-09-24T15:28:16+08:00][sql] SELECT `value` FROM `api_app_config` WHERE  `key` = 'EMAIL_USERNAME'  AND `status` = 1 LIMIT 1 [ RunTime:0.000332s ]
[2020-09-24T15:28:16+08:00][sql] SELECT `value` FROM `api_app_config` WHERE  `key` = 'EMAIL_PASSWORD'  AND `status` = 1 LIMIT 1 [ RunTime:0.000356s ]
[2020-09-24T15:28:16+08:00][sql] SELECT `value` FROM `api_app_config` WHERE  `key` = 'EMAIL_NAME'  AND `status` = 1 LIMIT 1 [ RunTime:0.000307s ]
[2020-09-24T15:28:16+08:00][sql] SHOW FULL COLUMNS FROM `api_user` [ RunTime:0.002162s ]
[2020-09-24T15:28:16+08:00][sql] SELECT * FROM `api_user` WHERE  `email` = '1109571639@qq.com'  AND `status` = 1 LIMIT 1 [ RunTime:0.000668s ]
[2020-09-24T15:28:16+08:00][sql] SELECT * FROM `api_user` WHERE  `email` = '1109571639@qq.com'  AND `status` = 1 LIMIT 1 [ RunTime:0.000497s ]
[2020-09-24T15:28:16+08:00][sql] UPDATE `api_user`  SET `last_login_time` = 1600932496 , `last_login_token` = '3d79223ac53939228a79f01b25d244122ba162d3' , `update_time` = 1600932496  WHERE  `id` = 1 [ RunTime:0.000472s ]
[2020-09-24T15:28:20+08:00][sql] CONNECT:[ UseTime:0.000765s ] mysql:host=127.0.0.1;port=3306;dbname=shane;charset=utf8
[2020-09-24T15:28:20+08:00][sql] SHOW FULL COLUMNS FROM `api_app_config` [ RunTime:0.001481s ]
[2020-09-24T15:28:20+08:00][sql] SELECT `value` FROM `api_app_config` WHERE  `key` = 'EMAIL_HOST'  AND `status` = 1 LIMIT 1 [ RunTime:0.000626s ]
[2020-09-24T15:28:20+08:00][sql] SELECT `value` FROM `api_app_config` WHERE  `key` = 'EMAIL_USERNAME'  AND `status` = 1 LIMIT 1 [ RunTime:0.000406s ]
[2020-09-24T15:28:20+08:00][sql] SELECT `value` FROM `api_app_config` WHERE  `key` = 'EMAIL_PASSWORD'  AND `status` = 1 LIMIT 1 [ RunTime:0.000328s ]
[2020-09-24T15:28:20+08:00][sql] SELECT `value` FROM `api_app_config` WHERE  `key` = 'EMAIL_NAME'  AND `status` = 1 LIMIT 1 [ RunTime:0.000366s ]
[2020-09-24T15:28:20+08:00][sql] SHOW FULL COLUMNS FROM `api_user` [ RunTime:0.001618s ]
[2020-09-24T15:28:20+08:00][sql] SELECT * FROM `api_user` WHERE  `email` = '1109571639@qq.com'  AND `status` = 1 LIMIT 1 [ RunTime:0.000316s ]
[2020-09-24T15:28:20+08:00][sql] SELECT * FROM `api_user` WHERE  `email` = '1109571639@qq.com'  AND `status` = 1 LIMIT 1 [ RunTime:0.000739s ]
[2020-09-24T15:28:20+08:00][sql] UPDATE `api_user`  SET `last_login_time` = 1600932500 , `last_login_token` = '3f4aa48383d87f297eb8e902c7e4a82ea82ca127' , `update_time` = 1600932500  WHERE  `id` = 1 [ RunTime:0.000741s ]
[2020-09-24T15:28:21+08:00][sql] CONNECT:[ UseTime:0.011136s ] mysql:host=127.0.0.1;port=3306;dbname=shane;charset=utf8
[2020-09-24T15:28:21+08:00][sql] SHOW FULL COLUMNS FROM `api_app_config` [ RunTime:0.001703s ]
[2020-09-24T15:28:21+08:00][sql] SELECT `value` FROM `api_app_config` WHERE  `key` = 'EMAIL_HOST'  AND `status` = 1 LIMIT 1 [ RunTime:0.000701s ]
[2020-09-24T15:28:21+08:00][sql] SELECT `value` FROM `api_app_config` WHERE  `key` = 'EMAIL_USERNAME'  AND `status` = 1 LIMIT 1 [ RunTime:0.000359s ]
[2020-09-24T15:28:21+08:00][sql] SELECT `value` FROM `api_app_config` WHERE  `key` = 'EMAIL_PASSWORD'  AND `status` = 1 LIMIT 1 [ RunTime:0.000299s ]
[2020-09-24T15:28:21+08:00][sql] SELECT `value` FROM `api_app_config` WHERE  `key` = 'EMAIL_NAME'  AND `status` = 1 LIMIT 1 [ RunTime:0.000335s ]
[2020-09-24T15:28:21+08:00][sql] SHOW FULL COLUMNS FROM `api_user` [ RunTime:0.001397s ]
[2020-09-24T15:28:21+08:00][sql] SELECT * FROM `api_user` WHERE  `email` = '1109571639@qq.com'  AND `status` = 1 LIMIT 1 [ RunTime:0.000487s ]
[2020-09-24T15:28:21+08:00][sql] SELECT * FROM `api_user` WHERE  `email` = '1109571639@qq.com'  AND `status` = 1 LIMIT 1 [ RunTime:0.000527s ]
[2020-09-24T15:28:21+08:00][sql] UPDATE `api_user`  SET `last_login_time` = 1600932501 , `last_login_token` = 'f10798a6394d6060fb3c898732ecbebf5f443d2f' , `update_time` = 1600932501  WHERE  `id` = 1 [ RunTime:0.000481s ]
[2020-09-24T15:28:41+08:00][sql] CONNECT:[ UseTime:0.010945s ] mysql:host=127.0.0.1;port=3306;dbname=shane;charset=utf8
[2020-09-24T15:28:41+08:00][sql] SHOW FULL COLUMNS FROM `api_app_config` [ RunTime:0.001635s ]
[2020-09-24T15:28:41+08:00][sql] SELECT `value` FROM `api_app_config` WHERE  `key` = 'EMAIL_HOST'  AND `status` = 1 LIMIT 1 [ RunTime:0.000821s ]
[2020-09-24T15:28:41+08:00][sql] SELECT `value` FROM `api_app_config` WHERE  `key` = 'EMAIL_USERNAME'  AND `status` = 1 LIMIT 1 [ RunTime:0.000436s ]
[2020-09-24T15:28:41+08:00][sql] SELECT `value` FROM `api_app_config` WHERE  `key` = 'EMAIL_PASSWORD'  AND `status` = 1 LIMIT 1 [ RunTime:0.000380s ]
[2020-09-24T15:28:41+08:00][sql] SELECT `value` FROM `api_app_config` WHERE  `key` = 'EMAIL_NAME'  AND `status` = 1 LIMIT 1 [ RunTime:0.000446s ]
[2020-09-24T15:28:41+08:00][sql] SHOW FULL COLUMNS FROM `api_user` [ RunTime:0.002251s ]
[2020-09-24T15:28:41+08:00][sql] SELECT * FROM `api_user` WHERE  `email` = '1109571639@qq.com'  AND `status` = 1 LIMIT 1 [ RunTime:0.000769s ]
[2020-09-24T15:28:41+08:00][sql] SELECT * FROM `api_user` WHERE  `email` = '1109571639@qq.com'  AND `status` = 1 LIMIT 1 [ RunTime:0.000456s ]
[2020-09-24T15:28:41+08:00][sql] UPDATE `api_user`  SET `last_login_time` = 1600932521 , `last_login_token` = '19b2536e3a4f70feaee7e5a0fb7c2328b181ca9b' , `update_time` = 1600932521  WHERE  `id` = 1 [ RunTime:0.000383s ]
[2020-09-24T15:29:21+08:00][sql] CONNECT:[ UseTime:0.000851s ] mysql:host=127.0.0.1;port=3306;dbname=shane;charset=utf8
[2020-09-24T15:29:21+08:00][sql] SHOW FULL COLUMNS FROM `api_app_config` [ RunTime:0.002070s ]
[2020-09-24T15:29:21+08:00][sql] SELECT `value` FROM `api_app_config` WHERE  `key` = 'EMAIL_HOST'  AND `status` = 1 LIMIT 1 [ RunTime:0.000746s ]
[2020-09-24T15:29:21+08:00][sql] SELECT `value` FROM `api_app_config` WHERE  `key` = 'EMAIL_USERNAME'  AND `status` = 1 LIMIT 1 [ RunTime:0.000366s ]
[2020-09-24T15:29:21+08:00][sql] SELECT `value` FROM `api_app_config` WHERE  `key` = 'EMAIL_PASSWORD'  AND `status` = 1 LIMIT 1 [ RunTime:0.000309s ]
[2020-09-24T15:29:21+08:00][sql] SELECT `value` FROM `api_app_config` WHERE  `key` = 'EMAIL_NAME'  AND `status` = 1 LIMIT 1 [ RunTime:0.000296s ]
[2020-09-24T15:29:21+08:00][sql] SHOW FULL COLUMNS FROM `api_user` [ RunTime:0.001416s ]
[2020-09-24T15:29:21+08:00][sql] SELECT * FROM `api_user` WHERE  `email` = '1109571639@qq.com'  AND `status` = 1 LIMIT 1 [ RunTime:0.000432s ]
[2020-09-24T15:29:21+08:00][sql] SELECT `value` FROM `api_app_config` WHERE  `key` = 'EMAIL_RANDOM_TITLE'  AND `status` = 1 LIMIT 1 [ RunTime:0.000444s ]
[2020-09-24T15:29:21+08:00][sql] SELECT `value` FROM `api_app_config` WHERE  `key` = 'EMAIL_RANDOM_BODY'  AND `status` = 1 LIMIT 1 [ RunTime:0.000357s ]
[2020-09-24T15:29:21+08:00][sql] SELECT `value` FROM `api_app_config` WHERE  `key` = 'EMAIL_RANDOM_ALT_BODY'  AND `status` = 1 LIMIT 1 [ RunTime:0.000315s ]
[2020-09-24T15:29:40+08:00][sql] CONNECT:[ UseTime:0.009741s ] mysql:host=127.0.0.1;port=3306;dbname=shane;charset=utf8
[2020-09-24T15:29:40+08:00][sql] SHOW FULL COLUMNS FROM `api_app_config` [ RunTime:0.001670s ]
[2020-09-24T15:29:40+08:00][sql] SELECT `value` FROM `api_app_config` WHERE  `key` = 'EMAIL_HOST'  AND `status` = 1 LIMIT 1 [ RunTime:0.000706s ]
[2020-09-24T15:29:40+08:00][sql] SELECT `value` FROM `api_app_config` WHERE  `key` = 'EMAIL_USERNAME'  AND `status` = 1 LIMIT 1 [ RunTime:0.000368s ]
[2020-09-24T15:29:40+08:00][sql] SELECT `value` FROM `api_app_config` WHERE  `key` = 'EMAIL_PASSWORD'  AND `status` = 1 LIMIT 1 [ RunTime:0.000349s ]
[2020-09-24T15:29:40+08:00][sql] SELECT `value` FROM `api_app_config` WHERE  `key` = 'EMAIL_NAME'  AND `status` = 1 LIMIT 1 [ RunTime:0.000448s ]
[2020-09-24T15:29:40+08:00][sql] SHOW FULL COLUMNS FROM `api_user` [ RunTime:0.001416s ]
[2020-09-24T15:29:40+08:00][sql] SELECT * FROM `api_user` WHERE  `email` = '1109571639@qq.com'  AND `status` = 1 LIMIT 1 [ RunTime:0.000493s ]
[2020-09-24T15:29:40+08:00][sql] SELECT * FROM `api_user` WHERE  `email` = '1109571639@qq.com'  AND `status` = 1 LIMIT 1 [ RunTime:0.000495s ]
[2020-09-24T15:29:40+08:00][sql] UPDATE `api_user`  SET `last_login_time` = 1600932579 , `last_login_token` = 'bee94be0f20e33f610e385366a8fa441c1c3a8ab' , `update_time` = 1600932579  WHERE  `id` = 1 [ RunTime:0.000420s ]
[2020-09-24T15:30:54+08:00][sql] CONNECT:[ UseTime:0.010493s ] mysql:host=127.0.0.1;port=3306;dbname=shane;charset=utf8
[2020-09-24T15:30:54+08:00][sql] SHOW FULL COLUMNS FROM `api_app_config` [ RunTime:0.001858s ]
[2020-09-24T15:30:54+08:00][sql] SELECT `value` FROM `api_app_config` WHERE  `key` = 'EMAIL_HOST'  AND `status` = 1 LIMIT 1 [ RunTime:0.000783s ]
[2020-09-24T15:30:54+08:00][sql] SELECT `value` FROM `api_app_config` WHERE  `key` = 'EMAIL_USERNAME'  AND `status` = 1 LIMIT 1 [ RunTime:0.000390s ]
[2020-09-24T15:30:54+08:00][sql] SELECT `value` FROM `api_app_config` WHERE  `key` = 'EMAIL_PASSWORD'  AND `status` = 1 LIMIT 1 [ RunTime:0.000379s ]
[2020-09-24T15:30:54+08:00][sql] SELECT `value` FROM `api_app_config` WHERE  `key` = 'EMAIL_NAME'  AND `status` = 1 LIMIT 1 [ RunTime:0.000443s ]
[2020-09-24T15:30:54+08:00][sql] SHOW FULL COLUMNS FROM `api_user` [ RunTime:0.001457s ]
[2020-09-24T15:30:54+08:00][sql] SELECT * FROM `api_user` WHERE  `email` = '1109571639@qq.com' LIMIT 1 [ RunTime:0.000444s ]
[2020-09-24T15:30:54+08:00][sql] SELECT `value` FROM `api_app_config` WHERE  `key` = 'EMAIL_ACTIVE_TITLE'  AND `status` = 1 LIMIT 1 [ RunTime:0.000479s ]
[2020-09-24T15:30:54+08:00][sql] SELECT `value` FROM `api_app_config` WHERE  `key` = 'EMAIL_ACTIVE_BODY'  AND `status` = 1 LIMIT 1 [ RunTime:0.000496s ]
[2020-09-24T15:30:54+08:00][sql] SELECT `value` FROM `api_app_config` WHERE  `key` = 'EMAIL_ACTIVE_ALT_BODY'  AND `status` = 1 LIMIT 1 [ RunTime:0.000450s ]
[2020-09-24T15:31:35+08:00][sql] CONNECT:[ UseTime:0.000864s ] mysql:host=127.0.0.1;port=3306;dbname=shane;charset=utf8
[2020-09-24T15:31:35+08:00][sql] SHOW FULL COLUMNS FROM `api_app_config` [ RunTime:0.002215s ]
[2020-09-24T15:31:35+08:00][sql] SELECT `value` FROM `api_app_config` WHERE  `key` = 'EMAIL_HOST'  AND `status` = 1 LIMIT 1 [ RunTime:0.000710s ]
[2020-09-24T15:31:35+08:00][sql] SELECT `value` FROM `api_app_config` WHERE  `key` = 'EMAIL_USERNAME'  AND `status` = 1 LIMIT 1 [ RunTime:0.000436s ]
[2020-09-24T15:31:35+08:00][sql] SELECT `value` FROM `api_app_config` WHERE  `key` = 'EMAIL_PASSWORD'  AND `status` = 1 LIMIT 1 [ RunTime:0.000387s ]
[2020-09-24T15:31:35+08:00][sql] SELECT `value` FROM `api_app_config` WHERE  `key` = 'EMAIL_NAME'  AND `status` = 1 LIMIT 1 [ RunTime:0.000420s ]
[2020-09-24T15:31:35+08:00][sql] SHOW FULL COLUMNS FROM `api_user` [ RunTime:0.001657s ]
[2020-09-24T15:31:35+08:00][sql] SELECT * FROM `api_user` WHERE  `email` = '1109571639@qq.com' LIMIT 1 [ RunTime:0.000663s ]
[2020-09-24T15:31:35+08:00][sql] INSERT INTO `api_user` SET `email` = '1109571639@qq.com' , `password` = '7fc1196bd1a7675fb04d9cdb30f5ef61' , `name` = 'shane' , `student_id` = '2018510500' , `password_salt` = 'v6Usq' , `last_login_ip` = '127.0.0.1' , `last_login_time` = 1600932651 , `create_time` = 1600932694 , `update_time` = 1600932694 [ RunTime:0.000591s ]
[2020-09-24T15:31:38+08:00][sql] CONNECT:[ UseTime:0.010598s ] mysql:host=127.0.0.1;port=3306;dbname=shane;charset=utf8
[2020-09-24T15:31:38+08:00][sql] SHOW FULL COLUMNS FROM `api_app_config` [ RunTime:0.001546s ]
[2020-09-24T15:31:38+08:00][sql] SELECT `value` FROM `api_app_config` WHERE  `key` = 'EMAIL_HOST'  AND `status` = 1 LIMIT 1 [ RunTime:0.000631s ]
[2020-09-24T15:31:38+08:00][sql] SELECT `value` FROM `api_app_config` WHERE  `key` = 'EMAIL_USERNAME'  AND `status` = 1 LIMIT 1 [ RunTime:0.000439s ]
[2020-09-24T15:31:38+08:00][sql] SELECT `value` FROM `api_app_config` WHERE  `key` = 'EMAIL_PASSWORD'  AND `status` = 1 LIMIT 1 [ RunTime:0.000356s ]
[2020-09-24T15:31:38+08:00][sql] SELECT `value` FROM `api_app_config` WHERE  `key` = 'EMAIL_NAME'  AND `status` = 1 LIMIT 1 [ RunTime:0.000403s ]
[2020-09-24T15:31:38+08:00][sql] SHOW FULL COLUMNS FROM `api_user` [ RunTime:0.001935s ]
[2020-09-24T15:31:38+08:00][sql] SELECT * FROM `api_user` WHERE  `email` = '1109571639@qq.com' LIMIT 1 [ RunTime:0.000598s ]
[2020-09-24T15:32:23+08:00][sql] CONNECT:[ UseTime:0.001423s ] mysql:host=127.0.0.1;port=3306;dbname=shane;charset=utf8
[2020-09-24T15:32:23+08:00][sql] SHOW FULL COLUMNS FROM `api_app_config` [ RunTime:0.001997s ]
[2020-09-24T15:32:23+08:00][sql] SELECT `value` FROM `api_app_config` WHERE  `key` = 'EMAIL_HOST'  AND `status` = 1 LIMIT 1 [ RunTime:0.000730s ]
[2020-09-24T15:32:23+08:00][sql] SELECT `value` FROM `api_app_config` WHERE  `key` = 'EMAIL_USERNAME'  AND `status` = 1 LIMIT 1 [ RunTime:0.000601s ]
[2020-09-24T15:32:23+08:00][sql] SELECT `value` FROM `api_app_config` WHERE  `key` = 'EMAIL_PASSWORD'  AND `status` = 1 LIMIT 1 [ RunTime:0.000356s ]
[2020-09-24T15:32:23+08:00][sql] SELECT `value` FROM `api_app_config` WHERE  `key` = 'EMAIL_NAME'  AND `status` = 1 LIMIT 1 [ RunTime:0.000457s ]
[2020-09-24T15:32:23+08:00][sql] SHOW FULL COLUMNS FROM `api_user` [ RunTime:0.001458s ]
[2020-09-24T15:32:23+08:00][sql] SELECT * FROM `api_user` WHERE  `email` = '1109571639@qq.com'  AND `status` = 1 LIMIT 1 [ RunTime:0.000493s ]
[2020-09-24T15:32:47+08:00][sql] CONNECT:[ UseTime:0.001384s ] mysql:host=127.0.0.1;port=3306;dbname=shane;charset=utf8
[2020-09-24T15:32:47+08:00][sql] SHOW FULL COLUMNS FROM `api_app_config` [ RunTime:0.002457s ]
[2020-09-24T15:32:47+08:00][sql] SELECT `value` FROM `api_app_config` WHERE  `key` = 'EMAIL_HOST'  AND `status` = 1 LIMIT 1 [ RunTime:0.000534s ]
[2020-09-24T15:32:47+08:00][sql] SELECT `value` FROM `api_app_config` WHERE  `key` = 'EMAIL_USERNAME'  AND `status` = 1 LIMIT 1 [ RunTime:0.000456s ]
[2020-09-24T15:32:47+08:00][sql] SELECT `value` FROM `api_app_config` WHERE  `key` = 'EMAIL_PASSWORD'  AND `status` = 1 LIMIT 1 [ RunTime:0.000382s ]
[2020-09-24T15:32:47+08:00][sql] SELECT `value` FROM `api_app_config` WHERE  `key` = 'EMAIL_NAME'  AND `status` = 1 LIMIT 1 [ RunTime:0.000376s ]
[2020-09-24T15:32:47+08:00][sql] SHOW FULL COLUMNS FROM `api_user` [ RunTime:0.001553s ]
[2020-09-24T15:32:47+08:00][sql] SELECT * FROM `api_user` WHERE  `email` = '1109571639@qq.com'  AND `status` = 1 LIMIT 1 [ RunTime:0.000546s ]
[2020-09-24T15:34:33+08:00][sql] CONNECT:[ UseTime:0.010418s ] mysql:host=127.0.0.1;port=3306;dbname=shane;charset=utf8
[2020-09-24T15:34:33+08:00][sql] SHOW FULL COLUMNS FROM `api_app_config` [ RunTime:0.001705s ]
[2020-09-24T15:34:33+08:00][sql] SELECT `value` FROM `api_app_config` WHERE  `key` = 'EMAIL_HOST'  AND `status` = 1 LIMIT 1 [ RunTime:0.000539s ]
[2020-09-24T15:34:33+08:00][sql] SELECT `value` FROM `api_app_config` WHERE  `key` = 'EMAIL_USERNAME'  AND `status` = 1 LIMIT 1 [ RunTime:0.000364s ]
[2020-09-24T15:34:33+08:00][sql] SELECT `value` FROM `api_app_config` WHERE  `key` = 'EMAIL_PASSWORD'  AND `status` = 1 LIMIT 1 [ RunTime:0.000353s ]
[2020-09-24T15:34:33+08:00][sql] SELECT `value` FROM `api_app_config` WHERE  `key` = 'EMAIL_NAME'  AND `status` = 1 LIMIT 1 [ RunTime:0.000354s ]
[2020-09-24T15:34:33+08:00][sql] SHOW FULL COLUMNS FROM `api_user` [ RunTime:0.001473s ]
[2020-09-24T15:34:33+08:00][sql] SELECT * FROM `api_user` WHERE  `email` = '1109571639@qq.com'  AND `status` = 1 LIMIT 1 [ RunTime:0.000495s ]
[2020-09-24T15:35:35+08:00][sql] CONNECT:[ UseTime:0.011061s ] mysql:host=127.0.0.1;port=3306;dbname=shane;charset=utf8
[2020-09-24T15:35:35+08:00][sql] SHOW FULL COLUMNS FROM `api_app_config` [ RunTime:0.002206s ]
[2020-09-24T15:35:35+08:00][sql] SELECT `value` FROM `api_app_config` WHERE  `key` = 'EMAIL_HOST'  AND `status` = 1 LIMIT 1 [ RunTime:0.000534s ]
[2020-09-24T15:35:35+08:00][sql] SELECT `value` FROM `api_app_config` WHERE  `key` = 'EMAIL_USERNAME'  AND `status` = 1 LIMIT 1 [ RunTime:0.000314s ]
[2020-09-24T15:35:35+08:00][sql] SELECT `value` FROM `api_app_config` WHERE  `key` = 'EMAIL_PASSWORD'  AND `status` = 1 LIMIT 1 [ RunTime:0.000250s ]
[2020-09-24T15:35:35+08:00][sql] SELECT `value` FROM `api_app_config` WHERE  `key` = 'EMAIL_NAME'  AND `status` = 1 LIMIT 1 [ RunTime:0.000342s ]
[2020-09-24T15:35:35+08:00][sql] SHOW FULL COLUMNS FROM `api_user` [ RunTime:0.001806s ]
[2020-09-24T15:35:35+08:00][sql] SELECT * FROM `api_user` WHERE  `email` = '1109571639@qq.com'  AND `status` = 1 LIMIT 1 [ RunTime:0.000455s ]
[2020-09-24T15:35:35+08:00][sql] SELECT * FROM `api_user` WHERE  `email` = '1109571639@qq.com'  AND `status` = 1 LIMIT 1 [ RunTime:0.000410s ]
[2020-09-24T15:35:35+08:00][sql] UPDATE `api_user`  SET `last_login_time` = 1600932935 , `last_login_token` = 'a906fffc6d9eb03a6f95a9ac352411d089266e5e' , `update_time` = 1600932935  WHERE  `id` = 1 [ RunTime:0.000424s ]
[2020-09-24T15:35:40+08:00][sql] CONNECT:[ UseTime:0.000793s ] mysql:host=127.0.0.1;port=3306;dbname=shane;charset=utf8
[2020-09-24T15:35:40+08:00][sql] SHOW FULL COLUMNS FROM `api_app_config` [ RunTime:0.001386s ]
[2020-09-24T15:35:40+08:00][sql] SELECT `value` FROM `api_app_config` WHERE  `key` = 'EMAIL_HOST'  AND `status` = 1 LIMIT 1 [ RunTime:0.000564s ]
[2020-09-24T15:35:40+08:00][sql] SELECT `value` FROM `api_app_config` WHERE  `key` = 'EMAIL_USERNAME'  AND `status` = 1 LIMIT 1 [ RunTime:0.000601s ]
[2020-09-24T15:35:40+08:00][sql] SELECT `value` FROM `api_app_config` WHERE  `key` = 'EMAIL_PASSWORD'  AND `status` = 1 LIMIT 1 [ RunTime:0.000448s ]
[2020-09-24T15:35:40+08:00][sql] SELECT `value` FROM `api_app_config` WHERE  `key` = 'EMAIL_NAME'  AND `status` = 1 LIMIT 1 [ RunTime:0.000454s ]
[2020-09-24T15:35:40+08:00][sql] SHOW FULL COLUMNS FROM `api_user` [ RunTime:0.001680s ]
[2020-09-24T15:35:40+08:00][sql] SELECT * FROM `api_user` WHERE  `email` = '1109571639@qq.com'  AND `status` = 1 LIMIT 1 [ RunTime:0.000394s ]
[2020-09-24T15:35:40+08:00][sql] SELECT * FROM `api_user` WHERE  `email` = '1109571639@qq.com'  AND `status` = 1 LIMIT 1 [ RunTime:0.000600s ]
[2020-09-24T15:35:40+08:00][sql] UPDATE `api_user`  SET `last_login_time` = 1600932940 , `last_login_token` = 'e5a82594efd5b6a426af8160f13ba3dd251127a5' , `update_time` = 1600932940  WHERE  `id` = 1 [ RunTime:0.000668s ]
[2020-09-24T15:37:27+08:00][sql] CONNECT:[ UseTime:0.010606s ] mysql:host=127.0.0.1;port=3306;dbname=shane;charset=utf8
[2020-09-24T15:37:27+08:00][sql] SHOW FULL COLUMNS FROM `api_app_config` [ RunTime:0.001592s ]
[2020-09-24T15:37:27+08:00][sql] SELECT `value` FROM `api_app_config` WHERE  `key` = 'EMAIL_HOST'  AND `status` = 1 LIMIT 1 [ RunTime:0.001100s ]
[2020-09-24T15:37:27+08:00][sql] SELECT `value` FROM `api_app_config` WHERE  `key` = 'EMAIL_USERNAME'  AND `status` = 1 LIMIT 1 [ RunTime:0.000560s ]
[2020-09-24T15:37:27+08:00][sql] SELECT `value` FROM `api_app_config` WHERE  `key` = 'EMAIL_PASSWORD'  AND `status` = 1 LIMIT 1 [ RunTime:0.000349s ]
[2020-09-24T15:37:27+08:00][sql] SELECT `value` FROM `api_app_config` WHERE  `key` = 'EMAIL_NAME'  AND `status` = 1 LIMIT 1 [ RunTime:0.000400s ]
[2020-09-24T15:37:27+08:00][sql] SHOW FULL COLUMNS FROM `api_user` [ RunTime:0.001478s ]
[2020-09-24T15:37:27+08:00][sql] SELECT * FROM `api_user` WHERE  `email` = '1109571639@qq.com'  AND `status` = 1 LIMIT 1 [ RunTime:0.000376s ]
[2020-09-24T15:37:27+08:00][sql] SELECT * FROM `api_user` WHERE  `email` = '1109571639@qq.com'  AND `status` = 1 LIMIT 1 [ RunTime:0.000500s ]
[2020-09-24T15:37:27+08:00][sql] UPDATE `api_user`  SET `last_login_time` = 1600933047 , `last_login_token` = 'e0ce9964b5dc85d7a82b6578856db5d1fad8924f' , `update_time` = 1600933047  WHERE  `id` = 1 [ RunTime:0.000553s ]
[2020-09-24T15:37:28+08:00][sql] CONNECT:[ UseTime:0.011298s ] mysql:host=127.0.0.1;port=3306;dbname=shane;charset=utf8
[2020-09-24T15:37:28+08:00][sql] SHOW FULL COLUMNS FROM `api_app_config` [ RunTime:0.001637s ]
[2020-09-24T15:37:28+08:00][sql] SELECT `value` FROM `api_app_config` WHERE  `key` = 'EMAIL_HOST'  AND `status` = 1 LIMIT 1 [ RunTime:0.000592s ]
[2020-09-24T15:37:28+08:00][sql] SELECT `value` FROM `api_app_config` WHERE  `key` = 'EMAIL_USERNAME'  AND `status` = 1 LIMIT 1 [ RunTime:0.000319s ]
[2020-09-24T15:37:28+08:00][sql] SELECT `value` FROM `api_app_config` WHERE  `key` = 'EMAIL_PASSWORD'  AND `status` = 1 LIMIT 1 [ RunTime:0.000283s ]
[2020-09-24T15:37:28+08:00][sql] SELECT `value` FROM `api_app_config` WHERE  `key` = 'EMAIL_NAME'  AND `status` = 1 LIMIT 1 [ RunTime:0.000245s ]
[2020-09-24T15:37:28+08:00][sql] SHOW FULL COLUMNS FROM `api_user` [ RunTime:0.001299s ]
[2020-09-24T15:37:28+08:00][sql] SELECT * FROM `api_user` WHERE  `email` = '1109571639@qq.com'  AND `status` = 1 LIMIT 1 [ RunTime:0.000553s ]
[2020-09-24T15:37:28+08:00][sql] SELECT * FROM `api_user` WHERE  `email` = '1109571639@qq.com'  AND `status` = 1 LIMIT 1 [ RunTime:0.000437s ]
[2020-09-24T15:37:28+08:00][sql] UPDATE `api_user`  SET `last_login_time` = 1600933048 , `last_login_token` = '41284cb74af4e6de3a1ca94038b6d47a49100d66' , `update_time` = 1600933048  WHERE  `id` = 1 [ RunTime:0.000432s ]
[2020-09-24T15:37:30+08:00][sql] CONNECT:[ UseTime:0.011064s ] mysql:host=127.0.0.1;port=3306;dbname=shane;charset=utf8
[2020-09-24T15:37:30+08:00][sql] SHOW FULL COLUMNS FROM `api_app_config` [ RunTime:0.001607s ]
[2020-09-24T15:37:30+08:00][sql] SELECT `value` FROM `api_app_config` WHERE  `key` = 'EMAIL_HOST'  AND `status` = 1 LIMIT 1 [ RunTime:0.000472s ]
[2020-09-24T15:37:30+08:00][sql] SELECT `value` FROM `api_app_config` WHERE  `key` = 'EMAIL_USERNAME'  AND `status` = 1 LIMIT 1 [ RunTime:0.000402s ]
[2020-09-24T15:37:30+08:00][sql] SELECT `value` FROM `api_app_config` WHERE  `key` = 'EMAIL_PASSWORD'  AND `status` = 1 LIMIT 1 [ RunTime:0.000378s ]
[2020-09-24T15:37:30+08:00][sql] SELECT `value` FROM `api_app_config` WHERE  `key` = 'EMAIL_NAME'  AND `status` = 1 LIMIT 1 [ RunTime:0.000692s ]
[2020-09-24T15:37:30+08:00][sql] SHOW FULL COLUMNS FROM `api_user` [ RunTime:0.002313s ]
[2020-09-24T15:37:30+08:00][sql] SELECT * FROM `api_user` WHERE  `email` = '1109571639@qq.com'  AND `status` = 1 LIMIT 1 [ RunTime:0.000778s ]
[2020-09-24T15:37:30+08:00][sql] SELECT * FROM `api_user` WHERE  `email` = '1109571639@qq.com'  AND `status` = 1 LIMIT 1 [ RunTime:0.000428s ]
[2020-09-24T15:37:30+08:00][sql] UPDATE `api_user`  SET `last_login_time` = 1600933050 , `last_login_token` = 'af63e903375c93ee110a935d9a9998ffd49b6f9e' , `update_time` = 1600933050  WHERE  `id` = 1 [ RunTime:0.000414s ]
[2020-09-24T15:38:25+08:00][sql] CONNECT:[ UseTime:0.011556s ] mysql:host=127.0.0.1;port=3306;dbname=shane;charset=utf8
[2020-09-24T15:38:25+08:00][sql] SHOW FULL COLUMNS FROM `api_app_config` [ RunTime:0.001394s ]
[2020-09-24T15:38:25+08:00][sql] SELECT `value` FROM `api_app_config` WHERE  `key` = 'EMAIL_HOST'  AND `status` = 1 LIMIT 1 [ RunTime:0.000541s ]
[2020-09-24T15:38:25+08:00][sql] SELECT `value` FROM `api_app_config` WHERE  `key` = 'EMAIL_USERNAME'  AND `status` = 1 LIMIT 1 [ RunTime:0.000288s ]
[2020-09-24T15:38:25+08:00][sql] SELECT `value` FROM `api_app_config` WHERE  `key` = 'EMAIL_PASSWORD'  AND `status` = 1 LIMIT 1 [ RunTime:0.000430s ]
[2020-09-24T15:38:25+08:00][sql] SELECT `value` FROM `api_app_config` WHERE  `key` = 'EMAIL_NAME'  AND `status` = 1 LIMIT 1 [ RunTime:0.000660s ]
[2020-09-24T15:38:25+08:00][sql] SHOW FULL COLUMNS FROM `api_user` [ RunTime:0.002679s ]
[2020-09-24T15:38:25+08:00][sql] SELECT * FROM `api_user` WHERE  `email` = '1109571639@qq.com'  AND `status` = 1 LIMIT 1 [ RunTime:0.000444s ]
[2020-09-24T15:38:25+08:00][sql] SELECT `value` FROM `api_app_config` WHERE  `key` = 'EMAIL_RANDOM_TITLE'  AND `status` = 1 LIMIT 1 [ RunTime:0.000650s ]
[2020-09-24T15:38:25+08:00][sql] SELECT `value` FROM `api_app_config` WHERE  `key` = 'EMAIL_RANDOM_BODY'  AND `status` = 1 LIMIT 1 [ RunTime:0.000457s ]
[2020-09-24T15:38:25+08:00][sql] SELECT `value` FROM `api_app_config` WHERE  `key` = 'EMAIL_RANDOM_ALT_BODY'  AND `status` = 1 LIMIT 1 [ RunTime:0.000516s ]
[2020-09-24T15:38:39+08:00][sql] CONNECT:[ UseTime:0.011250s ] mysql:host=127.0.0.1;port=3306;dbname=shane;charset=utf8
[2020-09-24T15:38:39+08:00][sql] SHOW FULL COLUMNS FROM `api_app_config` [ RunTime:0.001399s ]
[2020-09-24T15:38:39+08:00][sql] SELECT `value` FROM `api_app_config` WHERE  `key` = 'EMAIL_HOST'  AND `status` = 1 LIMIT 1 [ RunTime:0.000774s ]
[2020-09-24T15:38:39+08:00][sql] SELECT `value` FROM `api_app_config` WHERE  `key` = 'EMAIL_USERNAME'  AND `status` = 1 LIMIT 1 [ RunTime:0.000663s ]
[2020-09-24T15:38:39+08:00][sql] SELECT `value` FROM `api_app_config` WHERE  `key` = 'EMAIL_PASSWORD'  AND `status` = 1 LIMIT 1 [ RunTime:0.000337s ]
[2020-09-24T15:38:39+08:00][sql] SELECT `value` FROM `api_app_config` WHERE  `key` = 'EMAIL_NAME'  AND `status` = 1 LIMIT 1 [ RunTime:0.000345s ]
[2020-09-24T15:38:39+08:00][sql] SHOW FULL COLUMNS FROM `api_user` [ RunTime:0.001412s ]
[2020-09-24T15:38:39+08:00][sql] SELECT * FROM `api_user` WHERE  `email` = '1109571639@qq.com'  AND `status` = 1 LIMIT 1 [ RunTime:0.000283s ]
[2020-09-24T15:38:39+08:00][sql] SELECT * FROM `api_user` WHERE  `email` = '1109571639@qq.com'  AND `status` = 1 LIMIT 1 [ RunTime:0.000566s ]
[2020-09-24T15:38:39+08:00][sql] UPDATE `api_user`  SET `last_login_time` = 1600933119 , `last_login_token` = '7bbdcabdb6ccbe6fdf74efb146cae2b2bd55b9a2' , `update_time` = 1600933119  WHERE  `id` = 1 [ RunTime:0.000384s ]
[2020-09-24T15:39:43+08:00][sql] CONNECT:[ UseTime:0.011311s ] mysql:host=127.0.0.1;port=3306;dbname=shane;charset=utf8
[2020-09-24T15:39:43+08:00][sql] SHOW FULL COLUMNS FROM `api_user` [ RunTime:0.001349s ]
[2020-09-24T15:39:43+08:00][sql] SELECT * FROM `api_user` WHERE  `email` = '1109571639@qq.com'  AND `status` = 1 LIMIT 1 [ RunTime:0.000329s ]
[2020-09-24T15:42:53+08:00][sql] CONNECT:[ UseTime:0.010430s ] mysql:host=127.0.0.1;port=3306;dbname=shane;charset=utf8
[2020-09-24T15:42:53+08:00][sql] SHOW FULL COLUMNS FROM `api_app_config` [ RunTime:0.001733s ]
[2020-09-24T15:42:53+08:00][sql] SELECT `value` FROM `api_app_config` WHERE  `key` = 'EMAIL_HOST'  AND `status` = 1 LIMIT 1 [ RunTime:0.000484s ]
[2020-09-24T15:42:53+08:00][sql] SELECT `value` FROM `api_app_config` WHERE  `key` = 'EMAIL_USERNAME'  AND `status` = 1 LIMIT 1 [ RunTime:0.000394s ]
[2020-09-24T15:42:53+08:00][sql] SELECT `value` FROM `api_app_config` WHERE  `key` = 'EMAIL_PASSWORD'  AND `status` = 1 LIMIT 1 [ RunTime:0.000411s ]
[2020-09-24T15:42:53+08:00][sql] SELECT `value` FROM `api_app_config` WHERE  `key` = 'EMAIL_NAME'  AND `status` = 1 LIMIT 1 [ RunTime:0.000368s ]
[2020-09-24T15:42:53+08:00][sql] SHOW FULL COLUMNS FROM `api_user` [ RunTime:0.001458s ]
[2020-09-24T15:42:53+08:00][sql] SELECT * FROM `api_user` WHERE  `email` = '1109571639@qq.com'  AND `status` = 1 LIMIT 1 [ RunTime:0.000500s ]
[2020-09-24T15:43:07+08:00][sql] CONNECT:[ UseTime:0.000745s ] mysql:host=127.0.0.1;port=3306;dbname=shane;charset=utf8
[2020-09-24T15:43:07+08:00][sql] SHOW FULL COLUMNS FROM `api_app_config` [ RunTime:0.001395s ]
[2020-09-24T15:43:07+08:00][sql] SELECT `value` FROM `api_app_config` WHERE  `key` = 'EMAIL_HOST'  AND `status` = 1 LIMIT 1 [ RunTime:0.000533s ]
[2020-09-24T15:43:07+08:00][sql] SELECT `value` FROM `api_app_config` WHERE  `key` = 'EMAIL_USERNAME'  AND `status` = 1 LIMIT 1 [ RunTime:0.000375s ]
[2020-09-24T15:43:07+08:00][sql] SELECT `value` FROM `api_app_config` WHERE  `key` = 'EMAIL_PASSWORD'  AND `status` = 1 LIMIT 1 [ RunTime:0.000363s ]
[2020-09-24T15:43:07+08:00][sql] SELECT `value` FROM `api_app_config` WHERE  `key` = 'EMAIL_NAME'  AND `status` = 1 LIMIT 1 [ RunTime:0.000523s ]
[2020-09-24T15:43:07+08:00][sql] SHOW FULL COLUMNS FROM `api_user` [ RunTime:0.002237s ]
[2020-09-24T15:43:07+08:00][sql] SELECT * FROM `api_user` WHERE  `email` = '1109571639@qq.com'  AND `status` = 1 LIMIT 1 [ RunTime:0.000568s ]
[2020-09-24T15:43:07+08:00][sql] SELECT * FROM `api_user` WHERE  `email` = '1109571639@qq.com'  AND `status` = 1 LIMIT 1 [ RunTime:0.000755s ]
[2020-09-24T15:43:07+08:00][sql] UPDATE `api_user`  SET `last_login_time` = 1600933387 , `last_login_token` = 'ce1514489099ed01bd3b60cd3a20551dd92e8c4d' , `update_time` = 1600933387  WHERE  `id` = 1 [ RunTime:0.000552s ]
[2020-09-24T20:08:20+08:00][sql] CONNECT:[ UseTime:0.010852s ] mysql:host=127.0.0.1;port=3306;dbname=shane;charset=utf8
[2020-09-24T20:08:20+08:00][sql] SHOW FULL COLUMNS FROM `api_app_config` [ RunTime:0.001737s ]
[2020-09-24T20:08:20+08:00][sql] SELECT `value` FROM `api_app_config` WHERE  `key` = 'EMAIL_HOST'  AND `status` = 1 LIMIT 1 [ RunTime:0.000700s ]
[2020-09-24T20:08:20+08:00][sql] SELECT `value` FROM `api_app_config` WHERE  `key` = 'EMAIL_USERNAME'  AND `status` = 1 LIMIT 1 [ RunTime:0.000367s ]
[2020-09-24T20:08:20+08:00][sql] SELECT `value` FROM `api_app_config` WHERE  `key` = 'EMAIL_PASSWORD'  AND `status` = 1 LIMIT 1 [ RunTime:0.000381s ]
[2020-09-24T20:08:20+08:00][sql] SELECT `value` FROM `api_app_config` WHERE  `key` = 'EMAIL_NAME'  AND `status` = 1 LIMIT 1 [ RunTime:0.000425s ]
[2020-09-24T20:08:20+08:00][sql] SHOW FULL COLUMNS FROM `api_user` [ RunTime:0.004185s ]
[2020-09-24T20:08:20+08:00][sql] SELECT * FROM `api_user` WHERE  `email` = '1109571639@qq.com' LIMIT 1 [ RunTime:0.001533s ]
[2020-09-24T20:08:20+08:00][sql] SELECT `value` FROM `api_app_config` WHERE  `key` = 'EMAIL_ACTIVE_TITLE'  AND `status` = 1 LIMIT 1 [ RunTime:0.001093s ]
[2020-09-24T20:08:20+08:00][sql] SELECT `value` FROM `api_app_config` WHERE  `key` = 'EMAIL_ACTIVE_BODY'  AND `status` = 1 LIMIT 1 [ RunTime:0.000450s ]
[2020-09-24T20:08:20+08:00][sql] SELECT `value` FROM `api_app_config` WHERE  `key` = 'EMAIL_ACTIVE_ALT_BODY'  AND `status` = 1 LIMIT 1 [ RunTime:0.000442s ]
[2020-09-24T20:12:22+08:00][sql] CONNECT:[ UseTime:0.000943s ] mysql:host=127.0.0.1;port=3306;dbname=shane;charset=utf8
[2020-09-24T20:12:22+08:00][sql] SHOW FULL COLUMNS FROM `api_app_config` [ RunTime:0.002381s ]
[2020-09-24T20:12:22+08:00][sql] SELECT `value` FROM `api_app_config` WHERE  `key` = 'EMAIL_HOST'  AND `status` = 1 LIMIT 1 [ RunTime:0.000575s ]
[2020-09-24T20:12:22+08:00][sql] SELECT `value` FROM `api_app_config` WHERE  `key` = 'EMAIL_USERNAME'  AND `status` = 1 LIMIT 1 [ RunTime:0.000359s ]
[2020-09-24T20:12:22+08:00][sql] SELECT `value` FROM `api_app_config` WHERE  `key` = 'EMAIL_PASSWORD'  AND `status` = 1 LIMIT 1 [ RunTime:0.000393s ]
[2020-09-24T20:12:22+08:00][sql] SELECT `value` FROM `api_app_config` WHERE  `key` = 'EMAIL_NAME'  AND `status` = 1 LIMIT 1 [ RunTime:0.000408s ]
[2020-09-24T20:12:22+08:00][sql] SHOW FULL COLUMNS FROM `api_user` [ RunTime:0.003011s ]
[2020-09-24T20:12:22+08:00][sql] SELECT * FROM `api_user` WHERE  `email` = '1109571639@qq.com' LIMIT 1 [ RunTime:0.001037s ]
[2020-09-24T20:12:22+08:00][sql] INSERT INTO `api_user` SET `email` = '1109571639@qq.com' , `password` = 'c9ddde3d9ccc740cedef8a21fe682db4' , `name` = 'shane' , `student_id` = '2018510500' , `password_salt` = '3K1eU' , `last_login_ip` = '127.0.0.1' , `last_login_time` = 1600949298 , `create_time` = 1600949542 , `update_time` = 1600949542 [ RunTime:0.000645s ]
[2020-09-24T21:38:06+08:00][sql] CONNECT:[ UseTime:0.001267s ] mysql:host=127.0.0.1;port=3306;dbname=shane;charset=utf8
[2020-09-24T21:38:06+08:00][sql] SHOW FULL COLUMNS FROM `api_app_config` [ RunTime:0.001781s ]
[2020-09-24T21:38:06+08:00][sql] SELECT `value` FROM `api_app_config` WHERE  `key` = 'EMAIL_HOST'  AND `status` = 1 LIMIT 1 [ RunTime:0.000595s ]
[2020-09-24T21:38:06+08:00][sql] SELECT `value` FROM `api_app_config` WHERE  `key` = 'EMAIL_USERNAME'  AND `status` = 1 LIMIT 1 [ RunTime:0.000355s ]
[2020-09-24T21:38:06+08:00][sql] SELECT `value` FROM `api_app_config` WHERE  `key` = 'EMAIL_PASSWORD'  AND `status` = 1 LIMIT 1 [ RunTime:0.000381s ]
[2020-09-24T21:38:06+08:00][sql] SELECT `value` FROM `api_app_config` WHERE  `key` = 'EMAIL_NAME'  AND `status` = 1 LIMIT 1 [ RunTime:0.000343s ]
[2020-09-24T21:38:06+08:00][sql] SHOW FULL COLUMNS FROM `api_user` [ RunTime:0.001500s ]
[2020-09-24T21:38:06+08:00][sql] SELECT * FROM `api_user` WHERE  `email` = '1109571639@qq.com'  AND `status` = 1 LIMIT 1 [ RunTime:0.000525s ]
[2020-09-24T21:38:06+08:00][sql] SELECT * FROM `api_user` WHERE  `email` = '1109571639@qq.com'  AND `status` = 1 LIMIT 1 [ RunTime:0.000587s ]
[2020-09-24T21:38:06+08:00][sql] UPDATE `api_user`  SET `last_login_time` = 1600954686 , `last_login_token` = '73ad2e5e69620758ea539a3b9b092a9f098a86f8' , `update_time` = 1600954686  WHERE  `id` = 1 [ RunTime:0.000760s ]
[2020-09-24T21:50:09+08:00][sql] CONNECT:[ UseTime:0.010849s ] mysql:host=127.0.0.1;port=3306;dbname=shane;charset=utf8
[2020-09-24T21:50:09+08:00][sql] SHOW FULL COLUMNS FROM `api_user` [ RunTime:0.001696s ]
[2020-09-24T21:50:09+08:00][sql] SELECT * FROM `api_user` WHERE  `email` = '1109571639@qq.com'  AND `status` = 1 LIMIT 1 [ RunTime:0.000370s ]
[2020-09-24T22:48:30+08:00][sql] CONNECT:[ UseTime:0.010495s ] mysql:host=127.0.0.1;port=3306;dbname=shane;charset=utf8
[2020-09-24T22:48:30+08:00][sql] SHOW FULL COLUMNS FROM `api_user` [ RunTime:0.001675s ]
[2020-09-24T22:48:30+08:00][sql] SELECT * FROM `api_user` WHERE  `email` = '1109571639@qq.com'  AND `status` = 1 LIMIT 1 [ RunTime:0.000591s ]
[2020-09-24T22:48:30+08:00][sql] SHOW FULL COLUMNS FROM `api_app_config` [ RunTime:0.001508s ]
[2020-09-24T22:48:30+08:00][sql] SELECT `value` FROM `api_app_config` WHERE  `key` = 'EMAIL_HOST'  AND `status` = 1 LIMIT 1 [ RunTime:0.000620s ]
[2020-09-24T22:48:30+08:00][sql] SELECT `value` FROM `api_app_config` WHERE  `key` = 'EMAIL_USERNAME'  AND `status` = 1 LIMIT 1 [ RunTime:0.000486s ]
[2020-09-24T22:48:30+08:00][sql] SELECT `value` FROM `api_app_config` WHERE  `key` = 'EMAIL_PASSWORD'  AND `status` = 1 LIMIT 1 [ RunTime:0.000717s ]
[2020-09-24T22:48:30+08:00][sql] SELECT `value` FROM `api_app_config` WHERE  `key` = 'EMAIL_NAME'  AND `status` = 1 LIMIT 1 [ RunTime:0.000517s ]
[2020-09-24T22:48:30+08:00][sql] SHOW FULL COLUMNS FROM `api_user_class` [ RunTime:0.001754s ]
[2020-09-24T22:48:30+08:00][sql] SHOW FULL COLUMNS FROM `api_class` [ RunTime:0.001293s ]
[2020-09-24T22:48:30+08:00][sql] SELECT * FROM `api_user_class` WHERE  `uid` = 1 LIMIT 1 [ RunTime:0.000756s ]
[2020-09-24T22:48:30+08:00][sql] SELECT * FROM `api_class` WHERE  `invite_code` = 'admin'  AND `join_status` = 1 LIMIT 1 [ RunTime:0.000652s ]
[2020-09-24T22:55:18+08:00][sql] CONNECT:[ UseTime:0.000901s ] mysql:host=127.0.0.1;port=3306;dbname=shane;charset=utf8
[2020-09-24T22:55:18+08:00][sql] SHOW FULL COLUMNS FROM `api_user` [ RunTime:0.001774s ]
[2020-09-24T22:55:18+08:00][sql] SELECT * FROM `api_user` WHERE  `email` = '1109571639@qq.com'  AND `status` = 1 LIMIT 1 [ RunTime:0.000487s ]
[2020-09-24T22:55:18+08:00][sql] SHOW FULL COLUMNS FROM `api_app_config` [ RunTime:0.002067s ]
[2020-09-24T22:55:18+08:00][sql] SELECT `value` FROM `api_app_config` WHERE  `key` = 'EMAIL_HOST'  AND `status` = 1 LIMIT 1 [ RunTime:0.000650s ]
[2020-09-24T22:55:18+08:00][sql] SELECT `value` FROM `api_app_config` WHERE  `key` = 'EMAIL_USERNAME'  AND `status` = 1 LIMIT 1 [ RunTime:0.000357s ]
[2020-09-24T22:55:18+08:00][sql] SELECT `value` FROM `api_app_config` WHERE  `key` = 'EMAIL_PASSWORD'  AND `status` = 1 LIMIT 1 [ RunTime:0.000344s ]
[2020-09-24T22:55:18+08:00][sql] SELECT `value` FROM `api_app_config` WHERE  `key` = 'EMAIL_NAME'  AND `status` = 1 LIMIT 1 [ RunTime:0.000346s ]
[2020-09-24T22:55:18+08:00][sql] SHOW FULL COLUMNS FROM `api_user_class` [ RunTime:0.001568s ]
[2020-09-24T22:55:18+08:00][sql] SHOW FULL COLUMNS FROM `api_class` [ RunTime:0.001521s ]
[2020-09-24T22:55:18+08:00][sql] SELECT * FROM `api_user_class` WHERE  `uid` = 1 LIMIT 1 [ RunTime:0.000402s ]
[2020-09-24T22:55:18+08:00][sql] SELECT * FROM `api_class` WHERE  `invite_code` = 'admin'  AND `join_status` = 1 LIMIT 1 [ RunTime:0.000430s ]
[2020-09-24T22:55:38+08:00][sql] CONNECT:[ UseTime:0.000784s ] mysql:host=127.0.0.1;port=3306;dbname=shane;charset=utf8
[2020-09-24T22:55:38+08:00][sql] SHOW FULL COLUMNS FROM `api_user` [ RunTime:0.002092s ]
[2020-09-24T22:55:38+08:00][sql] SELECT * FROM `api_user` WHERE  `email` = '1109571639@qq.com'  AND `status` = 1 LIMIT 1 [ RunTime:0.000601s ]
[2020-09-24T22:55:38+08:00][sql] SHOW FULL COLUMNS FROM `api_app_config` [ RunTime:0.001533s ]
[2020-09-24T22:55:38+08:00][sql] SELECT `value` FROM `api_app_config` WHERE  `key` = 'EMAIL_HOST'  AND `status` = 1 LIMIT 1 [ RunTime:0.000677s ]
[2020-09-24T22:55:38+08:00][sql] SELECT `value` FROM `api_app_config` WHERE  `key` = 'EMAIL_USERNAME'  AND `status` = 1 LIMIT 1 [ RunTime:0.000408s ]
[2020-09-24T22:55:38+08:00][sql] SELECT `value` FROM `api_app_config` WHERE  `key` = 'EMAIL_PASSWORD'  AND `status` = 1 LIMIT 1 [ RunTime:0.000376s ]
[2020-09-24T22:55:38+08:00][sql] SELECT `value` FROM `api_app_config` WHERE  `key` = 'EMAIL_NAME'  AND `status` = 1 LIMIT 1 [ RunTime:0.000399s ]
[2020-09-24T22:55:38+08:00][sql] SHOW FULL COLUMNS FROM `api_user_class` [ RunTime:0.002218s ]
[2020-09-24T22:55:38+08:00][sql] SHOW FULL COLUMNS FROM `api_class` [ RunTime:0.001468s ]
[2020-09-24T22:55:38+08:00][sql] SELECT * FROM `api_user_class` WHERE  `uid` = 1 LIMIT 1 [ RunTime:0.000497s ]
[2020-09-24T22:55:38+08:00][sql] SELECT * FROM `api_class` WHERE  `invite_code` = 'admin'  AND `join_status` = 1 LIMIT 1 [ RunTime:0.000480s ]
[2020-09-24T22:55:38+08:00][sql] INSERT INTO `api_user_class` SET `uid` = 1 , `class_id` = 2 , `create_time` = 1600959338 , `update_time` = 1600959338 [ RunTime:0.000531s ]
[2020-09-24T22:56:05+08:00][sql] CONNECT:[ UseTime:0.010627s ] mysql:host=127.0.0.1;port=3306;dbname=shane;charset=utf8
[2020-09-24T22:56:05+08:00][sql] SHOW FULL COLUMNS FROM `api_user` [ RunTime:0.001716s ]
[2020-09-24T22:56:05+08:00][sql] SELECT * FROM `api_user` WHERE  `email` = '1109571639@qq.com'  AND `status` = 1 LIMIT 1 [ RunTime:0.000469s ]
[2020-09-24T22:56:05+08:00][sql] SHOW FULL COLUMNS FROM `api_app_config` [ RunTime:0.002180s ]
[2020-09-24T22:56:05+08:00][sql] SELECT `value` FROM `api_app_config` WHERE  `key` = 'EMAIL_HOST'  AND `status` = 1 LIMIT 1 [ RunTime:0.000656s ]
[2020-09-24T22:56:05+08:00][sql] SELECT `value` FROM `api_app_config` WHERE  `key` = 'EMAIL_USERNAME'  AND `status` = 1 LIMIT 1 [ RunTime:0.000451s ]
[2020-09-24T22:56:05+08:00][sql] SELECT `value` FROM `api_app_config` WHERE  `key` = 'EMAIL_PASSWORD'  AND `status` = 1 LIMIT 1 [ RunTime:0.000419s ]
[2020-09-24T22:56:05+08:00][sql] SELECT `value` FROM `api_app_config` WHERE  `key` = 'EMAIL_NAME'  AND `status` = 1 LIMIT 1 [ RunTime:0.000413s ]
[2020-09-24T22:56:05+08:00][sql] SHOW FULL COLUMNS FROM `api_user_class` [ RunTime:0.001720s ]
[2020-09-24T22:56:05+08:00][sql] SHOW FULL COLUMNS FROM `api_class` [ RunTime:0.001397s ]
[2020-09-24T22:56:05+08:00][sql] SELECT * FROM `api_user_class` WHERE  `uid` = 1 LIMIT 1 [ RunTime:0.000449s ]
[2020-09-24T22:57:59+08:00][sql] CONNECT:[ UseTime:0.010410s ] mysql:host=127.0.0.1;port=3306;dbname=shane;charset=utf8
[2020-09-24T22:57:59+08:00][sql] SHOW FULL COLUMNS FROM `api_user` [ RunTime:0.001579s ]
[2020-09-24T22:57:59+08:00][sql] SELECT * FROM `api_user` WHERE  `email` = '1109571639@qq.com'  AND `status` = 1 LIMIT 1 [ RunTime:0.000544s ]
[2020-09-24T22:57:59+08:00][sql] SHOW FULL COLUMNS FROM `api_app_config` [ RunTime:0.001486s ]
[2020-09-24T22:57:59+08:00][sql] SELECT `value` FROM `api_app_config` WHERE  `key` = 'EMAIL_HOST'  AND `status` = 1 LIMIT 1 [ RunTime:0.000781s ]
[2020-09-24T22:57:59+08:00][sql] SELECT `value` FROM `api_app_config` WHERE  `key` = 'EMAIL_USERNAME'  AND `status` = 1 LIMIT 1 [ RunTime:0.000391s ]
[2020-09-24T22:57:59+08:00][sql] SELECT `value` FROM `api_app_config` WHERE  `key` = 'EMAIL_PASSWORD'  AND `status` = 1 LIMIT 1 [ RunTime:0.000352s ]
[2020-09-24T22:57:59+08:00][sql] SELECT `value` FROM `api_app_config` WHERE  `key` = 'EMAIL_NAME'  AND `status` = 1 LIMIT 1 [ RunTime:0.000359s ]
[2020-09-24T22:57:59+08:00][sql] SHOW FULL COLUMNS FROM `api_user_class` [ RunTime:0.001402s ]
[2020-09-24T22:57:59+08:00][sql] SHOW FULL COLUMNS FROM `api_class` [ RunTime:0.001558s ]
[2020-09-24T22:57:59+08:00][sql] SELECT * FROM `api_user_class` WHERE  `uid` = 1 LIMIT 1 [ RunTime:0.000580s ]
[2020-09-24T22:58:03+08:00][sql] CONNECT:[ UseTime:0.011224s ] mysql:host=127.0.0.1;port=3306;dbname=shane;charset=utf8
[2020-09-24T22:58:03+08:00][sql] SHOW FULL COLUMNS FROM `api_user` [ RunTime:0.001916s ]
[2020-09-24T22:58:03+08:00][sql] SELECT * FROM `api_user` WHERE  `email` = '1109571639@qq.com'  AND `status` = 1 LIMIT 1 [ RunTime:0.000392s ]
[2020-09-24T22:58:03+08:00][sql] SHOW FULL COLUMNS FROM `api_app_config` [ RunTime:0.001790s ]
[2020-09-24T22:58:03+08:00][sql] SELECT `value` FROM `api_app_config` WHERE  `key` = 'EMAIL_HOST'  AND `status` = 1 LIMIT 1 [ RunTime:0.000538s ]
[2020-09-24T22:58:03+08:00][sql] SELECT `value` FROM `api_app_config` WHERE  `key` = 'EMAIL_USERNAME'  AND `status` = 1 LIMIT 1 [ RunTime:0.000557s ]
[2020-09-24T22:58:03+08:00][sql] SELECT `value` FROM `api_app_config` WHERE  `key` = 'EMAIL_PASSWORD'  AND `status` = 1 LIMIT 1 [ RunTime:0.000509s ]
[2020-09-24T22:58:03+08:00][sql] SELECT `value` FROM `api_app_config` WHERE  `key` = 'EMAIL_NAME'  AND `status` = 1 LIMIT 1 [ RunTime:0.000407s ]
[2020-09-24T22:58:03+08:00][sql] SHOW FULL COLUMNS FROM `api_user_class` [ RunTime:0.001907s ]
[2020-09-24T22:58:03+08:00][sql] SHOW FULL COLUMNS FROM `api_class` [ RunTime:0.001929s ]
[2020-09-24T22:58:03+08:00][sql] SELECT * FROM `api_user_class` WHERE  `uid` = 1 LIMIT 1 [ RunTime:0.000552s ]
[2020-09-24T23:13:32+08:00][sql] CONNECT:[ UseTime:0.010753s ] mysql:host=127.0.0.1;port=3306;dbname=shane;charset=utf8
[2020-09-24T23:13:32+08:00][sql] SHOW FULL COLUMNS FROM `api_user` [ RunTime:0.001787s ]
[2020-09-24T23:13:32+08:00][sql] SELECT * FROM `api_user` WHERE  `email` = '1109571639@qq.com'  AND `status` = 1 LIMIT 1 [ RunTime:0.000390s ]
[2020-09-24T23:13:32+08:00][sql] SHOW FULL COLUMNS FROM `api_app_config` [ RunTime:0.001689s ]
[2020-09-24T23:13:32+08:00][sql] SELECT `value` FROM `api_app_config` WHERE  `key` = 'EMAIL_HOST'  AND `status` = 1 LIMIT 1 [ RunTime:0.001047s ]
[2020-09-24T23:13:32+08:00][sql] SELECT `value` FROM `api_app_config` WHERE  `key` = 'EMAIL_USERNAME'  AND `status` = 1 LIMIT 1 [ RunTime:0.000734s ]
[2020-09-24T23:13:32+08:00][sql] SELECT `value` FROM `api_app_config` WHERE  `key` = 'EMAIL_PASSWORD'  AND `status` = 1 LIMIT 1 [ RunTime:0.000846s ]
[2020-09-24T23:13:32+08:00][sql] SELECT `value` FROM `api_app_config` WHERE  `key` = 'EMAIL_NAME'  AND `status` = 1 LIMIT 1 [ RunTime:0.000500s ]
[2020-09-24T23:13:32+08:00][sql] SHOW FULL COLUMNS FROM `api_user_class` [ RunTime:0.001369s ]
[2020-09-24T23:13:32+08:00][sql] SHOW FULL COLUMNS FROM `api_class` [ RunTime:0.001343s ]
[2020-09-24T23:13:32+08:00][sql] SHOW FULL COLUMNS FROM `api_department` [ RunTime:0.001377s ]
[2020-09-24T23:13:32+08:00][sql] SELECT * FROM `api_user_class` WHERE  `uid` = 1 LIMIT 1 [ RunTime:0.000636s ]
[2020-09-24T23:13:32+08:00][sql] SELECT * FROM `api_class` WHERE  `id` = 2 LIMIT 1 [ RunTime:0.000419s ]
[2020-09-24T23:13:32+08:00][sql] SELECT * FROM `api_department` WHERE  `id` = 1 LIMIT 1 [ RunTime:0.000513s ]
