[2020-09-25T08:02:01+08:00][sql] CONNECT:[ UseTime:0.026118s ] mysql:host=127.0.0.1;port=3306;dbname=shane;charset=utf8
[2020-09-25T08:02:01+08:00][sql] SHOW FULL COLUMNS FROM `api_app_config` [ RunTime:0.002093s ]
[2020-09-25T08:02:01+08:00][sql] SELECT `value` FROM `api_app_config` WHERE  `key` = 'EMAIL_HOST'  AND `status` = 1 LIMIT 1 [ RunTime:0.016538s ]
[2020-09-25T08:02:01+08:00][sql] SELECT `value` FROM `api_app_config` WHERE  `key` = 'EMAIL_USERNAME'  AND `status` = 1 LIMIT 1 [ RunTime:0.000360s ]
[2020-09-25T08:02:01+08:00][sql] SELECT `value` FROM `api_app_config` WHERE  `key` = 'EMAIL_PASSWORD'  AND `status` = 1 LIMIT 1 [ RunTime:0.000252s ]
[2020-09-25T08:02:01+08:00][sql] SELECT `value` FROM `api_app_config` WHERE  `key` = 'EMAIL_NAME'  AND `status` = 1 LIMIT 1 [ RunTime:0.000270s ]
[2020-09-25T08:02:01+08:00][sql] SHOW FULL COLUMNS FROM `api_user` [ RunTime:0.001622s ]
[2020-09-25T08:02:01+08:00][sql] SHOW FULL COLUMNS FROM `api_user_class` [ RunTime:0.001610s ]
[2020-09-25T08:02:01+08:00][sql] SHOW FULL COLUMNS FROM `api_class` [ RunTime:0.002237s ]
[2020-09-25T08:02:01+08:00][sql] SHOW FULL COLUMNS FROM `api_department` [ RunTime:0.001608s ]
[2020-09-25T08:02:01+08:00][sql] SELECT * FROM `api_user` WHERE  `email` = '1109571639@qq.com'  AND `status` = 1 LIMIT 1 [ RunTime:0.005677s ]
[2020-09-25T08:02:01+08:00][sql] SELECT * FROM `api_user` WHERE  `email` = '1109571639@qq.com'  AND `status` = 1 LIMIT 1 [ RunTime:0.000500s ]
[2020-09-25T08:02:01+08:00][sql] UPDATE `api_user`  SET `last_login_time` = 1600992121 , `last_login_token` = 'b56a9f9f19fd3e0b01c88562d37a0bb9301cf1f4' , `update_time` = 1600992121  WHERE  `id` = 1 [ RunTime:0.012325s ]
[2020-09-25T08:02:19+08:00][sql] CONNECT:[ UseTime:0.000958s ] mysql:host=127.0.0.1;port=3306;dbname=shane;charset=utf8
[2020-09-25T08:02:19+08:00][sql] SHOW FULL COLUMNS FROM `api_user` [ RunTime:0.003071s ]
[2020-09-25T08:02:19+08:00][sql] SELECT * FROM `api_user` WHERE  `email` = '1109571639@qq.com'  AND `status` = 1 LIMIT 1 [ RunTime:0.000635s ]
[2020-09-25T08:02:19+08:00][sql] SHOW FULL COLUMNS FROM `api_app_config` [ RunTime:0.001788s ]
[2020-09-25T08:02:19+08:00][sql] SELECT `value` FROM `api_app_config` WHERE  `key` = 'EMAIL_HOST'  AND `status` = 1 LIMIT 1 [ RunTime:0.000927s ]
[2020-09-25T08:02:19+08:00][sql] SELECT `value` FROM `api_app_config` WHERE  `key` = 'EMAIL_USERNAME'  AND `status` = 1 LIMIT 1 [ RunTime:0.000857s ]
[2020-09-25T08:02:19+08:00][sql] SELECT `value` FROM `api_app_config` WHERE  `key` = 'EMAIL_PASSWORD'  AND `status` = 1 LIMIT 1 [ RunTime:0.000563s ]
[2020-09-25T08:02:19+08:00][sql] SELECT `value` FROM `api_app_config` WHERE  `key` = 'EMAIL_NAME'  AND `status` = 1 LIMIT 1 [ RunTime:0.000417s ]
[2020-09-25T08:02:19+08:00][sql] SHOW FULL COLUMNS FROM `api_user_class` [ RunTime:0.002168s ]
[2020-09-25T08:02:19+08:00][sql] SHOW FULL COLUMNS FROM `api_class` [ RunTime:0.002389s ]
[2020-09-25T08:02:19+08:00][sql] SHOW FULL COLUMNS FROM `api_department` [ RunTime:0.001626s ]
[2020-09-25T08:02:19+08:00][sql] SELECT * FROM `api_user_class` WHERE  `uid` = 1 LIMIT 1 [ RunTime:0.019070s ]
[2020-09-25T08:03:13+08:00][sql] CONNECT:[ UseTime:0.001024s ] mysql:host=127.0.0.1;port=3306;dbname=shane;charset=utf8
[2020-09-25T08:03:13+08:00][sql] SHOW FULL COLUMNS FROM `api_app_config` [ RunTime:0.002386s ]
[2020-09-25T08:03:13+08:00][sql] SELECT `value` FROM `api_app_config` WHERE  `key` = 'EMAIL_HOST'  AND `status` = 1 LIMIT 1 [ RunTime:0.000765s ]
[2020-09-25T08:03:13+08:00][sql] SELECT `value` FROM `api_app_config` WHERE  `key` = 'EMAIL_USERNAME'  AND `status` = 1 LIMIT 1 [ RunTime:0.000474s ]
[2020-09-25T08:03:13+08:00][sql] SELECT `value` FROM `api_app_config` WHERE  `key` = 'EMAIL_PASSWORD'  AND `status` = 1 LIMIT 1 [ RunTime:0.000380s ]
[2020-09-25T08:03:13+08:00][sql] SELECT `value` FROM `api_app_config` WHERE  `key` = 'EMAIL_NAME'  AND `status` = 1 LIMIT 1 [ RunTime:0.000429s ]
[2020-09-25T08:03:13+08:00][sql] SHOW FULL COLUMNS FROM `api_user` [ RunTime:0.002865s ]
[2020-09-25T08:03:13+08:00][sql] SHOW FULL COLUMNS FROM `api_user_class` [ RunTime:0.002166s ]
[2020-09-25T08:03:13+08:00][sql] SHOW FULL COLUMNS FROM `api_class` [ RunTime:0.001582s ]
[2020-09-25T08:03:13+08:00][sql] SHOW FULL COLUMNS FROM `api_department` [ RunTime:0.001244s ]
[2020-09-25T08:03:13+08:00][sql] SELECT * FROM `api_user` WHERE  `email` = 'shenzheng092112@qq.com' LIMIT 1 [ RunTime:0.000370s ]
[2020-09-25T08:03:13+08:00][sql] SELECT `value` FROM `api_app_config` WHERE  `key` = 'EMAIL_ACTIVE_TITLE'  AND `status` = 1 LIMIT 1 [ RunTime:0.000457s ]
[2020-09-25T08:03:13+08:00][sql] SELECT `value` FROM `api_app_config` WHERE  `key` = 'EMAIL_ACTIVE_BODY'  AND `status` = 1 LIMIT 1 [ RunTime:0.000374s ]
[2020-09-25T08:03:13+08:00][sql] SELECT `value` FROM `api_app_config` WHERE  `key` = 'EMAIL_ACTIVE_ALT_BODY'  AND `status` = 1 LIMIT 1 [ RunTime:0.000398s ]
[2020-09-25T08:03:35+08:00][sql] CONNECT:[ UseTime:0.001003s ] mysql:host=127.0.0.1;port=3306;dbname=shane;charset=utf8
[2020-09-25T08:03:35+08:00][sql] SHOW FULL COLUMNS FROM `api_app_config` [ RunTime:0.002928s ]
[2020-09-25T08:03:35+08:00][sql] SELECT `value` FROM `api_app_config` WHERE  `key` = 'EMAIL_HOST'  AND `status` = 1 LIMIT 1 [ RunTime:0.000629s ]
[2020-09-25T08:03:35+08:00][sql] SELECT `value` FROM `api_app_config` WHERE  `key` = 'EMAIL_USERNAME'  AND `status` = 1 LIMIT 1 [ RunTime:0.000331s ]
[2020-09-25T08:03:35+08:00][sql] SELECT `value` FROM `api_app_config` WHERE  `key` = 'EMAIL_PASSWORD'  AND `status` = 1 LIMIT 1 [ RunTime:0.000315s ]
[2020-09-25T08:03:35+08:00][sql] SELECT `value` FROM `api_app_config` WHERE  `key` = 'EMAIL_NAME'  AND `status` = 1 LIMIT 1 [ RunTime:0.000308s ]
[2020-09-25T08:03:35+08:00][sql] SHOW FULL COLUMNS FROM `api_user` [ RunTime:0.001412s ]
[2020-09-25T08:03:35+08:00][sql] SHOW FULL COLUMNS FROM `api_user_class` [ RunTime:0.001527s ]
[2020-09-25T08:03:35+08:00][sql] SHOW FULL COLUMNS FROM `api_class` [ RunTime:0.001221s ]
[2020-09-25T08:03:35+08:00][sql] SHOW FULL COLUMNS FROM `api_department` [ RunTime:0.001342s ]
[2020-09-25T08:03:35+08:00][sql] SELECT * FROM `api_user` WHERE  `email` = 'shenzheng092112@qq.com' LIMIT 1 [ RunTime:0.000500s ]
[2020-09-25T08:03:35+08:00][sql] INSERT INTO `api_user` SET `email` = 'shenzheng092112@qq.com' , `password` = 'c8975a74c6135318f44e71b56fb6c71a' , `name` = 'shane1' , `student_id` = '2018510500' , `password_salt` = 'C1dMb' , `last_login_ip` = '127.0.0.1' , `last_login_time` = 1600992190 , `create_time` = 1600992215 , `update_time` = 1600992215 [ RunTime:0.043380s ]
[2020-09-25T08:10:37+08:00][sql] CONNECT:[ UseTime:0.011025s ] mysql:host=127.0.0.1;port=3306;dbname=shane;charset=utf8
[2020-09-25T08:10:37+08:00][sql] SHOW FULL COLUMNS FROM `api_app_config` [ RunTime:0.001570s ]
[2020-09-25T08:10:37+08:00][sql] SELECT `value` FROM `api_app_config` WHERE  `key` = 'EMAIL_HOST'  AND `status` = 1 LIMIT 1 [ RunTime:0.000670s ]
[2020-09-25T08:10:37+08:00][sql] SELECT `value` FROM `api_app_config` WHERE  `key` = 'EMAIL_USERNAME'  AND `status` = 1 LIMIT 1 [ RunTime:0.000341s ]
[2020-09-25T08:10:37+08:00][sql] SELECT `value` FROM `api_app_config` WHERE  `key` = 'EMAIL_PASSWORD'  AND `status` = 1 LIMIT 1 [ RunTime:0.000354s ]
[2020-09-25T08:10:37+08:00][sql] SELECT `value` FROM `api_app_config` WHERE  `key` = 'EMAIL_NAME'  AND `status` = 1 LIMIT 1 [ RunTime:0.000355s ]
[2020-09-25T08:10:37+08:00][sql] SHOW FULL COLUMNS FROM `api_user` [ RunTime:0.001488s ]
[2020-09-25T08:10:37+08:00][sql] SHOW FULL COLUMNS FROM `api_user_class` [ RunTime:0.001361s ]
[2020-09-25T08:10:37+08:00][sql] SHOW FULL COLUMNS FROM `api_class` [ RunTime:0.001910s ]
[2020-09-25T08:10:37+08:00][sql] SHOW FULL COLUMNS FROM `api_department` [ RunTime:0.002071s ]
[2020-09-25T08:10:37+08:00][sql] SELECT * FROM `api_user` WHERE  `email` = '1109571640@qq.com'  AND `status` = 1 LIMIT 1 [ RunTime:0.000386s ]
[2020-09-25T08:10:37+08:00][sql] SELECT * FROM `api_user` WHERE  `email` = '1109571640@qq.com'  AND `status` = 1 LIMIT 1 [ RunTime:0.000346s ]
[2020-09-25T08:10:37+08:00][sql] SELECT `value` FROM `api_app_config` WHERE  `key` = 'EMAIL_RANDOM_TITLE'  AND `status` = 1 LIMIT 1 [ RunTime:0.000561s ]
[2020-09-25T08:10:37+08:00][sql] SELECT `value` FROM `api_app_config` WHERE  `key` = 'EMAIL_RANDOM_BODY'  AND `status` = 1 LIMIT 1 [ RunTime:0.000441s ]
[2020-09-25T08:10:37+08:00][sql] SELECT `value` FROM `api_app_config` WHERE  `key` = 'EMAIL_RANDOM_ALT_BODY'  AND `status` = 1 LIMIT 1 [ RunTime:0.000465s ]
[2020-09-25T08:11:55+08:00][sql] CONNECT:[ UseTime:0.001505s ] mysql:host=127.0.0.1;port=3306;dbname=shane;charset=utf8
[2020-09-25T08:11:55+08:00][sql] SHOW FULL COLUMNS FROM `api_app_config` [ RunTime:0.003156s ]
[2020-09-25T08:11:55+08:00][sql] SELECT `value` FROM `api_app_config` WHERE  `key` = 'EMAIL_HOST'  AND `status` = 1 LIMIT 1 [ RunTime:0.000662s ]
[2020-09-25T08:11:55+08:00][sql] SELECT `value` FROM `api_app_config` WHERE  `key` = 'EMAIL_USERNAME'  AND `status` = 1 LIMIT 1 [ RunTime:0.000491s ]
[2020-09-25T08:11:55+08:00][sql] SELECT `value` FROM `api_app_config` WHERE  `key` = 'EMAIL_PASSWORD'  AND `status` = 1 LIMIT 1 [ RunTime:0.000444s ]
[2020-09-25T08:11:55+08:00][sql] SELECT `value` FROM `api_app_config` WHERE  `key` = 'EMAIL_NAME'  AND `status` = 1 LIMIT 1 [ RunTime:0.000384s ]
[2020-09-25T08:11:55+08:00][sql] SHOW FULL COLUMNS FROM `api_user` [ RunTime:0.001446s ]
[2020-09-25T08:11:55+08:00][sql] SHOW FULL COLUMNS FROM `api_user_class` [ RunTime:0.001391s ]
[2020-09-25T08:11:55+08:00][sql] SHOW FULL COLUMNS FROM `api_class` [ RunTime:0.002055s ]
[2020-09-25T08:11:55+08:00][sql] SHOW FULL COLUMNS FROM `api_department` [ RunTime:0.002198s ]
[2020-09-25T08:11:55+08:00][sql] SELECT * FROM `api_user` WHERE  `email` = '1109571640@qq.com'  AND `status` = 1 LIMIT 1 [ RunTime:0.000511s ]
[2020-09-25T08:11:55+08:00][sql] SELECT * FROM `api_user` WHERE  `email` = '1109571640@qq.com'  AND `status` = 1 LIMIT 1 [ RunTime:0.000753s ]
[2020-09-25T08:11:55+08:00][sql] UPDATE `api_user`  SET `last_login_time` = 1600992715 , `last_login_token` = '24cc8f7d2e9c463038a3543b1475716a53508362' , `update_time` = 1600992715  WHERE  `id` = 3 [ RunTime:0.000703s ]
[2020-09-25T08:12:25+08:00][sql] CONNECT:[ UseTime:0.000753s ] mysql:host=127.0.0.1;port=3306;dbname=shane;charset=utf8
[2020-09-25T08:12:25+08:00][sql] SHOW FULL COLUMNS FROM `api_user` [ RunTime:0.001598s ]
[2020-09-25T08:12:25+08:00][sql] SELECT * FROM `api_user` WHERE  `email` = '1109571640@qq.com'  AND `status` = 1 LIMIT 1 [ RunTime:0.000461s ]
[2020-09-25T08:12:25+08:00][sql] SHOW FULL COLUMNS FROM `api_app_config` [ RunTime:0.002957s ]
[2020-09-25T08:12:25+08:00][sql] SELECT `value` FROM `api_app_config` WHERE  `key` = 'EMAIL_HOST'  AND `status` = 1 LIMIT 1 [ RunTime:0.000758s ]
[2020-09-25T08:12:25+08:00][sql] SELECT `value` FROM `api_app_config` WHERE  `key` = 'EMAIL_USERNAME'  AND `status` = 1 LIMIT 1 [ RunTime:0.000437s ]
[2020-09-25T08:12:25+08:00][sql] SELECT `value` FROM `api_app_config` WHERE  `key` = 'EMAIL_PASSWORD'  AND `status` = 1 LIMIT 1 [ RunTime:0.000385s ]
[2020-09-25T08:12:25+08:00][sql] SELECT `value` FROM `api_app_config` WHERE  `key` = 'EMAIL_NAME'  AND `status` = 1 LIMIT 1 [ RunTime:0.000510s ]
[2020-09-25T08:12:25+08:00][sql] SHOW FULL COLUMNS FROM `api_user_class` [ RunTime:0.001440s ]
[2020-09-25T08:12:25+08:00][sql] SHOW FULL COLUMNS FROM `api_class` [ RunTime:0.001441s ]
[2020-09-25T08:12:25+08:00][sql] SHOW FULL COLUMNS FROM `api_department` [ RunTime:0.001404s ]
[2020-09-25T08:12:25+08:00][sql] SELECT * FROM `api_user_class` WHERE  `uid` = 3 LIMIT 1 [ RunTime:0.000412s ]
[2020-09-25T08:12:25+08:00][sql] SELECT * FROM `api_class` WHERE  `invite_code` = 'admin'  AND `join_status` = 1 LIMIT 1 [ RunTime:0.000611s ]
[2020-09-25T08:12:25+08:00][sql] INSERT INTO `api_user_class` SET `uid` = 3 , `class_id` = 2 , `create_time` = 1600992745 , `update_time` = 1600992745 [ RunTime:0.000415s ]
[2020-09-25T08:12:53+08:00][sql] CONNECT:[ UseTime:0.000951s ] mysql:host=127.0.0.1;port=3306;dbname=shane;charset=utf8
[2020-09-25T08:12:53+08:00][sql] SHOW FULL COLUMNS FROM `api_user` [ RunTime:0.001649s ]
[2020-09-25T08:12:53+08:00][sql] SELECT * FROM `api_user` WHERE  `email` = '1109571640@qq.com'  AND `status` = 1 LIMIT 1 [ RunTime:0.000354s ]
[2020-09-25T08:12:53+08:00][sql] SHOW FULL COLUMNS FROM `api_app_config` [ RunTime:0.002138s ]
[2020-09-25T08:12:53+08:00][sql] SELECT `value` FROM `api_app_config` WHERE  `key` = 'EMAIL_HOST'  AND `status` = 1 LIMIT 1 [ RunTime:0.000672s ]
[2020-09-25T08:12:53+08:00][sql] SELECT `value` FROM `api_app_config` WHERE  `key` = 'EMAIL_USERNAME'  AND `status` = 1 LIMIT 1 [ RunTime:0.000396s ]
[2020-09-25T08:12:53+08:00][sql] SELECT `value` FROM `api_app_config` WHERE  `key` = 'EMAIL_PASSWORD'  AND `status` = 1 LIMIT 1 [ RunTime:0.000400s ]
[2020-09-25T08:12:53+08:00][sql] SELECT `value` FROM `api_app_config` WHERE  `key` = 'EMAIL_NAME'  AND `status` = 1 LIMIT 1 [ RunTime:0.000394s ]
[2020-09-25T08:12:53+08:00][sql] SHOW FULL COLUMNS FROM `api_user_class` [ RunTime:0.001402s ]
[2020-09-25T08:12:53+08:00][sql] SHOW FULL COLUMNS FROM `api_class` [ RunTime:0.001579s ]
[2020-09-25T08:12:53+08:00][sql] SHOW FULL COLUMNS FROM `api_department` [ RunTime:0.001334s ]
[2020-09-25T08:12:53+08:00][sql] SELECT * FROM `api_user_class` WHERE  `uid` = 3 LIMIT 1 [ RunTime:0.000592s ]
[2020-09-25T08:12:53+08:00][sql] SELECT * FROM `api_class` WHERE  `id` = 2 LIMIT 1 [ RunTime:0.000442s ]
[2020-09-25T08:12:53+08:00][sql] SELECT * FROM `api_department` WHERE  `id` = 1 LIMIT 1 [ RunTime:0.000794s ]
[2020-09-25T08:14:43+08:00][sql] CONNECT:[ UseTime:0.010679s ] mysql:host=127.0.0.1;port=3306;dbname=shane;charset=utf8
[2020-09-25T08:14:43+08:00][sql] SHOW FULL COLUMNS FROM `api_user` [ RunTime:0.001598s ]
[2020-09-25T08:14:43+08:00][sql] SELECT * FROM `api_user` WHERE  `email` = '1109571640@qq.com'  AND `status` = 1 LIMIT 1 [ RunTime:0.000543s ]
[2020-09-25T08:14:43+08:00][sql] SHOW FULL COLUMNS FROM `api_app_config` [ RunTime:0.001784s ]
[2020-09-25T08:14:43+08:00][sql] SELECT `value` FROM `api_app_config` WHERE  `key` = 'EMAIL_HOST'  AND `status` = 1 LIMIT 1 [ RunTime:0.000700s ]
[2020-09-25T08:14:43+08:00][sql] SELECT `value` FROM `api_app_config` WHERE  `key` = 'EMAIL_USERNAME'  AND `status` = 1 LIMIT 1 [ RunTime:0.000351s ]
[2020-09-25T08:14:43+08:00][sql] SELECT `value` FROM `api_app_config` WHERE  `key` = 'EMAIL_PASSWORD'  AND `status` = 1 LIMIT 1 [ RunTime:0.000359s ]
[2020-09-25T08:14:43+08:00][sql] SELECT `value` FROM `api_app_config` WHERE  `key` = 'EMAIL_NAME'  AND `status` = 1 LIMIT 1 [ RunTime:0.000318s ]
[2020-09-25T08:14:43+08:00][sql] SHOW FULL COLUMNS FROM `api_user_class` [ RunTime:0.001695s ]
[2020-09-25T08:14:43+08:00][sql] SHOW FULL COLUMNS FROM `api_class` [ RunTime:0.001486s ]
[2020-09-25T08:14:43+08:00][sql] SHOW FULL COLUMNS FROM `api_department` [ RunTime:0.001289s ]
[2020-09-25T08:14:43+08:00][sql] SELECT * FROM `api_user_class` WHERE  `uid` = 3 LIMIT 1 [ RunTime:0.000458s ]
[2020-09-25T08:27:07+08:00][sql] CONNECT:[ UseTime:0.001033s ] mysql:host=127.0.0.1;port=3306;dbname=shane;charset=utf8
[2020-09-25T08:27:07+08:00][sql] SHOW FULL COLUMNS FROM `api_app_config` [ RunTime:0.002572s ]
[2020-09-25T08:27:07+08:00][sql] SELECT `value` FROM `api_app_config` WHERE  `key` = 'EMAIL_HOST'  AND `status` = 1 LIMIT 1 [ RunTime:0.000577s ]
[2020-09-25T08:27:07+08:00][sql] SELECT `value` FROM `api_app_config` WHERE  `key` = 'EMAIL_USERNAME'  AND `status` = 1 LIMIT 1 [ RunTime:0.000467s ]
[2020-09-25T08:27:07+08:00][sql] SELECT `value` FROM `api_app_config` WHERE  `key` = 'EMAIL_PASSWORD'  AND `status` = 1 LIMIT 1 [ RunTime:0.000604s ]
[2020-09-25T08:27:07+08:00][sql] SELECT `value` FROM `api_app_config` WHERE  `key` = 'EMAIL_NAME'  AND `status` = 1 LIMIT 1 [ RunTime:0.000707s ]
[2020-09-25T08:27:07+08:00][sql] SHOW FULL COLUMNS FROM `api_user` [ RunTime:0.002032s ]
[2020-09-25T08:27:07+08:00][sql] SHOW FULL COLUMNS FROM `api_user_class` [ RunTime:0.002334s ]
[2020-09-25T08:27:07+08:00][sql] SHOW FULL COLUMNS FROM `api_class` [ RunTime:0.002979s ]
[2020-09-25T08:27:07+08:00][sql] SHOW FULL COLUMNS FROM `api_department` [ RunTime:0.002142s ]
[2020-09-25T08:27:07+08:00][sql] SELECT * FROM `api_user` WHERE  `email` = 'shenzheng092112@qq.com' LIMIT 1 [ RunTime:0.000780s ]
[2020-09-25T08:33:58+08:00][sql] CONNECT:[ UseTime:0.001359s ] mysql:host=127.0.0.1;port=3306;dbname=shane;charset=utf8
[2020-09-25T08:33:58+08:00][sql] SHOW FULL COLUMNS FROM `api_app_config` [ RunTime:0.003094s ]
[2020-09-25T08:33:58+08:00][sql] SELECT `value` FROM `api_app_config` WHERE  `key` = 'EMAIL_HOST'  AND `status` = 1 LIMIT 1 [ RunTime:0.000988s ]
[2020-09-25T08:33:58+08:00][sql] SELECT `value` FROM `api_app_config` WHERE  `key` = 'EMAIL_USERNAME'  AND `status` = 1 LIMIT 1 [ RunTime:0.000452s ]
[2020-09-25T08:33:58+08:00][sql] SELECT `value` FROM `api_app_config` WHERE  `key` = 'EMAIL_PASSWORD'  AND `status` = 1 LIMIT 1 [ RunTime:0.000421s ]
[2020-09-25T08:33:58+08:00][sql] SELECT `value` FROM `api_app_config` WHERE  `key` = 'EMAIL_NAME'  AND `status` = 1 LIMIT 1 [ RunTime:0.000395s ]
[2020-09-25T08:33:58+08:00][sql] SHOW FULL COLUMNS FROM `api_user` [ RunTime:0.001663s ]
[2020-09-25T08:33:58+08:00][sql] SHOW FULL COLUMNS FROM `api_user_class` [ RunTime:0.001336s ]
[2020-09-25T08:33:58+08:00][sql] SHOW FULL COLUMNS FROM `api_class` [ RunTime:0.001294s ]
[2020-09-25T08:33:58+08:00][sql] SHOW FULL COLUMNS FROM `api_department` [ RunTime:0.001297s ]
[2020-09-25T08:33:58+08:00][sql] SELECT * FROM `api_user` WHERE  `email` = 'shenzheng092112@qq.com' LIMIT 1 [ RunTime:0.000698s ]
[2020-09-25T08:52:29+08:00][sql] CONNECT:[ UseTime:0.001066s ] mysql:host=127.0.0.1;port=3306;dbname=shane;charset=utf8
[2020-09-25T08:52:29+08:00][sql] SHOW FULL COLUMNS FROM `api_app_config` [ RunTime:0.001678s ]
[2020-09-25T08:52:29+08:00][sql] SELECT `value` FROM `api_app_config` WHERE  `key` = 'EMAIL_HOST'  AND `status` = 1 LIMIT 1 [ RunTime:0.000798s ]
[2020-09-25T08:52:29+08:00][sql] SELECT `value` FROM `api_app_config` WHERE  `key` = 'EMAIL_USERNAME'  AND `status` = 1 LIMIT 1 [ RunTime:0.000374s ]
[2020-09-25T08:52:29+08:00][sql] SELECT `value` FROM `api_app_config` WHERE  `key` = 'EMAIL_PASSWORD'  AND `status` = 1 LIMIT 1 [ RunTime:0.000412s ]
[2020-09-25T08:52:29+08:00][sql] SELECT `value` FROM `api_app_config` WHERE  `key` = 'EMAIL_NAME'  AND `status` = 1 LIMIT 1 [ RunTime:0.000367s ]
[2020-09-25T08:52:29+08:00][sql] SHOW FULL COLUMNS FROM `api_user` [ RunTime:0.002907s ]
[2020-09-25T08:52:29+08:00][sql] SHOW FULL COLUMNS FROM `api_user_class` [ RunTime:0.001491s ]
[2020-09-25T08:52:29+08:00][sql] SHOW FULL COLUMNS FROM `api_class` [ RunTime:0.001323s ]
[2020-09-25T08:52:29+08:00][sql] SHOW FULL COLUMNS FROM `api_department` [ RunTime:0.001299s ]
[2020-09-25T08:52:29+08:00][sql] SELECT * FROM `api_user` WHERE  `email` = '1109571639@qq.com'  AND `status` = 1 LIMIT 1 [ RunTime:0.000504s ]
[2020-09-25T08:52:29+08:00][sql] SELECT * FROM `api_user` WHERE  `email` = '1109571639@qq.com'  AND `status` = 1 LIMIT 1 [ RunTime:0.000403s ]
[2020-09-25T08:52:29+08:00][sql] UPDATE `api_user`  SET `last_login_time` = 1600995149 , `last_login_token` = 'bc57b5c03059fa591a10fb4b629aff6448bfa884' , `update_time` = 1600995149  WHERE  `id` = 1 [ RunTime:0.000533s ]
[2020-09-25T08:52:50+08:00][sql] CONNECT:[ UseTime:0.000806s ] mysql:host=127.0.0.1;port=3306;dbname=shane;charset=utf8
[2020-09-25T08:52:50+08:00][sql] SHOW FULL COLUMNS FROM `api_app_config` [ RunTime:0.001546s ]
[2020-09-25T08:52:50+08:00][sql] SELECT `value` FROM `api_app_config` WHERE  `key` = 'EMAIL_HOST'  AND `status` = 1 LIMIT 1 [ RunTime:0.000478s ]
[2020-09-25T08:52:50+08:00][sql] SELECT `value` FROM `api_app_config` WHERE  `key` = 'EMAIL_USERNAME'  AND `status` = 1 LIMIT 1 [ RunTime:0.000739s ]
[2020-09-25T08:52:50+08:00][sql] SELECT `value` FROM `api_app_config` WHERE  `key` = 'EMAIL_PASSWORD'  AND `status` = 1 LIMIT 1 [ RunTime:0.000899s ]
[2020-09-25T08:52:50+08:00][sql] SELECT `value` FROM `api_app_config` WHERE  `key` = 'EMAIL_NAME'  AND `status` = 1 LIMIT 1 [ RunTime:0.000446s ]
[2020-09-25T08:52:50+08:00][sql] SHOW FULL COLUMNS FROM `api_user` [ RunTime:0.002007s ]
[2020-09-25T08:52:50+08:00][sql] SHOW FULL COLUMNS FROM `api_user_class` [ RunTime:0.001347s ]
[2020-09-25T08:52:50+08:00][sql] SHOW FULL COLUMNS FROM `api_class` [ RunTime:0.001399s ]
[2020-09-25T08:52:50+08:00][sql] SHOW FULL COLUMNS FROM `api_department` [ RunTime:0.001310s ]
[2020-09-25T08:52:50+08:00][sql] SELECT * FROM `api_user` WHERE  `email` = '1109571639@qq.com'  AND `status` = 1 LIMIT 1 [ RunTime:0.000454s ]
[2020-09-25T08:53:21+08:00][sql] CONNECT:[ UseTime:0.001015s ] mysql:host=127.0.0.1;port=3306;dbname=shane;charset=utf8
[2020-09-25T08:53:21+08:00][sql] SHOW FULL COLUMNS FROM `api_app_config` [ RunTime:0.001838s ]
[2020-09-25T08:53:21+08:00][sql] SELECT `value` FROM `api_app_config` WHERE  `key` = 'EMAIL_HOST'  AND `status` = 1 LIMIT 1 [ RunTime:0.000515s ]
[2020-09-25T08:53:21+08:00][sql] SELECT `value` FROM `api_app_config` WHERE  `key` = 'EMAIL_USERNAME'  AND `status` = 1 LIMIT 1 [ RunTime:0.000268s ]
[2020-09-25T08:53:21+08:00][sql] SELECT `value` FROM `api_app_config` WHERE  `key` = 'EMAIL_PASSWORD'  AND `status` = 1 LIMIT 1 [ RunTime:0.000403s ]
[2020-09-25T08:53:21+08:00][sql] SELECT `value` FROM `api_app_config` WHERE  `key` = 'EMAIL_NAME'  AND `status` = 1 LIMIT 1 [ RunTime:0.000324s ]
[2020-09-25T08:53:21+08:00][sql] SHOW FULL COLUMNS FROM `api_user` [ RunTime:0.001448s ]
[2020-09-25T08:53:21+08:00][sql] SHOW FULL COLUMNS FROM `api_user_class` [ RunTime:0.001250s ]
[2020-09-25T08:53:21+08:00][sql] SHOW FULL COLUMNS FROM `api_class` [ RunTime:0.002489s ]
[2020-09-25T08:53:21+08:00][sql] SHOW FULL COLUMNS FROM `api_department` [ RunTime:0.001914s ]
[2020-09-25T08:53:21+08:00][sql] SELECT * FROM `api_user` WHERE  `email` = '1109571639@qq.com'  AND `status` = 1 LIMIT 1 [ RunTime:0.000511s ]
[2020-09-25T08:53:21+08:00][sql] SELECT * FROM `api_user` WHERE  `email` = '1109571639@qq.com'  AND `status` = 1 LIMIT 1 [ RunTime:0.000319s ]
[2020-09-25T08:53:21+08:00][sql] SELECT `value` FROM `api_app_config` WHERE  `key` = 'EMAIL_RANDOM_TITLE'  AND `status` = 1 LIMIT 1 [ RunTime:0.000389s ]
[2020-09-25T08:53:21+08:00][sql] SELECT `value` FROM `api_app_config` WHERE  `key` = 'EMAIL_RANDOM_BODY'  AND `status` = 1 LIMIT 1 [ RunTime:0.000326s ]
[2020-09-25T08:53:21+08:00][sql] SELECT `value` FROM `api_app_config` WHERE  `key` = 'EMAIL_RANDOM_ALT_BODY'  AND `status` = 1 LIMIT 1 [ RunTime:0.000296s ]
[2020-09-25T09:01:40+08:00][sql] CONNECT:[ UseTime:0.001204s ] mysql:host=127.0.0.1;port=3306;dbname=shane;charset=utf8
[2020-09-25T09:01:40+08:00][sql] SHOW FULL COLUMNS FROM `api_app_config` [ RunTime:0.002232s ]
[2020-09-25T09:01:40+08:00][sql] SELECT `value` FROM `api_app_config` WHERE  `key` = 'EMAIL_HOST'  AND `status` = 1 LIMIT 1 [ RunTime:0.001128s ]
[2020-09-25T09:01:40+08:00][sql] SELECT `value` FROM `api_app_config` WHERE  `key` = 'EMAIL_USERNAME'  AND `status` = 1 LIMIT 1 [ RunTime:0.000578s ]
[2020-09-25T09:01:40+08:00][sql] SELECT `value` FROM `api_app_config` WHERE  `key` = 'EMAIL_PASSWORD'  AND `status` = 1 LIMIT 1 [ RunTime:0.000460s ]
[2020-09-25T09:01:40+08:00][sql] SELECT `value` FROM `api_app_config` WHERE  `key` = 'EMAIL_NAME'  AND `status` = 1 LIMIT 1 [ RunTime:0.000425s ]
[2020-09-25T09:01:40+08:00][sql] SHOW FULL COLUMNS FROM `api_user` [ RunTime:0.002954s ]
[2020-09-25T09:01:40+08:00][sql] SHOW FULL COLUMNS FROM `api_user_class` [ RunTime:0.002150s ]
[2020-09-25T09:01:40+08:00][sql] SHOW FULL COLUMNS FROM `api_class` [ RunTime:0.002080s ]
[2020-09-25T09:01:40+08:00][sql] SHOW FULL COLUMNS FROM `api_department` [ RunTime:0.001410s ]
[2020-09-25T09:01:40+08:00][sql] SELECT * FROM `api_user` WHERE  `email` = '1109571639@qq.com'  AND `status` = 1 LIMIT 1 [ RunTime:0.000663s ]
[2020-09-25T09:01:40+08:00][sql] SELECT `value` FROM `api_app_config` WHERE  `key` = 'EMAIL_RANDOM_TITLE'  AND `status` = 1 LIMIT 1 [ RunTime:0.000713s ]
[2020-09-25T09:01:40+08:00][sql] SELECT `value` FROM `api_app_config` WHERE  `key` = 'EMAIL_RANDOM_BODY'  AND `status` = 1 LIMIT 1 [ RunTime:0.000370s ]
[2020-09-25T09:01:40+08:00][sql] SELECT `value` FROM `api_app_config` WHERE  `key` = 'EMAIL_RANDOM_ALT_BODY'  AND `status` = 1 LIMIT 1 [ RunTime:0.000302s ]
[2020-09-25T09:08:43+08:00][sql] CONNECT:[ UseTime:0.010817s ] mysql:host=127.0.0.1;port=3306;dbname=shane;charset=utf8
[2020-09-25T09:08:43+08:00][sql] SHOW FULL COLUMNS FROM `api_user` [ RunTime:0.002008s ]
[2020-09-25T09:08:43+08:00][sql] SELECT * FROM `api_user` WHERE  `email` = '1109571640@qq.com'  AND `status` = 1 LIMIT 1 [ RunTime:0.000590s ]
[2020-09-25T09:21:31+08:00][sql] CONNECT:[ UseTime:0.001178s ] mysql:host=127.0.0.1;port=3306;dbname=shane;charset=utf8
[2020-09-25T09:21:31+08:00][sql] SHOW FULL COLUMNS FROM `api_user` [ RunTime:0.001728s ]
[2020-09-25T09:21:31+08:00][sql] SELECT * FROM `api_user` WHERE  `email` = '1109571639@qq.com'  AND `status` = 1 LIMIT 1 [ RunTime:0.000579s ]
[2020-09-25T09:21:31+08:00][sql] SHOW FULL COLUMNS FROM `api_app_config` [ RunTime:0.001669s ]
[2020-09-25T09:21:31+08:00][sql] SELECT `value` FROM `api_app_config` WHERE  `key` = 'EMAIL_HOST'  AND `status` = 1 LIMIT 1 [ RunTime:0.000687s ]
[2020-09-25T09:21:31+08:00][sql] SELECT `value` FROM `api_app_config` WHERE  `key` = 'EMAIL_USERNAME'  AND `status` = 1 LIMIT 1 [ RunTime:0.000357s ]
[2020-09-25T09:21:31+08:00][sql] SELECT `value` FROM `api_app_config` WHERE  `key` = 'EMAIL_PASSWORD'  AND `status` = 1 LIMIT 1 [ RunTime:0.000361s ]
[2020-09-25T09:21:31+08:00][sql] SELECT `value` FROM `api_app_config` WHERE  `key` = 'EMAIL_NAME'  AND `status` = 1 LIMIT 1 [ RunTime:0.000350s ]
[2020-09-25T09:21:31+08:00][sql] SHOW FULL COLUMNS FROM `api_user_class` [ RunTime:0.001803s ]
[2020-09-25T09:21:31+08:00][sql] SHOW FULL COLUMNS FROM `api_class` [ RunTime:0.001459s ]
[2020-09-25T09:21:31+08:00][sql] SHOW FULL COLUMNS FROM `api_department` [ RunTime:0.001318s ]
[2020-09-25T09:21:31+08:00][sql] SELECT * FROM `api_user_class` WHERE  `uid` = 1 LIMIT 1 [ RunTime:0.000541s ]
[2020-09-25T09:21:31+08:00][sql] SELECT * FROM `api_class` WHERE  `id` = 2 LIMIT 1 [ RunTime:0.000445s ]
[2020-09-25T09:21:31+08:00][sql] SELECT * FROM `api_department` WHERE  `id` = 1 LIMIT 1 [ RunTime:0.000445s ]
[2020-09-25T10:17:10+08:00][sql] CONNECT:[ UseTime:0.010830s ] mysql:host=127.0.0.1;port=3306;dbname=shane;charset=utf8
[2020-09-25T10:17:10+08:00][sql] SHOW FULL COLUMNS FROM `api_user` [ RunTime:0.003313s ]
[2020-09-25T10:17:10+08:00][sql] SELECT * FROM `api_user` WHERE  `email` = '1109571639@qq.com'  AND `status` = 1 LIMIT 1 [ RunTime:0.000608s ]
[2020-09-25T10:17:36+08:00][sql] CONNECT:[ UseTime:0.001002s ] mysql:host=127.0.0.1;port=3306;dbname=shane;charset=utf8
[2020-09-25T10:17:36+08:00][sql] SHOW FULL COLUMNS FROM `api_user` [ RunTime:0.001798s ]
[2020-09-25T10:17:36+08:00][sql] SELECT * FROM `api_user` WHERE  `email` = '1109571639@qq.com'  AND `status` = 1 LIMIT 1 [ RunTime:0.000512s ]
[2020-09-25T10:20:19+08:00][sql] CONNECT:[ UseTime:0.010708s ] mysql:host=127.0.0.1;port=3306;dbname=shane;charset=utf8
[2020-09-25T10:20:19+08:00][sql] SHOW FULL COLUMNS FROM `api_user` [ RunTime:0.001816s ]
[2020-09-25T10:20:19+08:00][sql] SELECT * FROM `api_user` WHERE  `email` = '1109571639@qq.com'  AND `status` = 1 LIMIT 1 [ RunTime:0.000535s ]
[2020-09-25T10:20:19+08:00][error] [0]语法错误: unexpected '}', expecting identifier (T_STRING) or variable (T_VARIABLE) or '{' or '$'
[2020-09-25T10:45:50+08:00][sql] CONNECT:[ UseTime:0.011553s ] mysql:host=127.0.0.1;port=3306;dbname=shane;charset=utf8
[2020-09-25T10:45:50+08:00][sql] SHOW FULL COLUMNS FROM `api_user` [ RunTime:0.002095s ]
[2020-09-25T10:45:50+08:00][sql] SELECT * FROM `api_user` WHERE  `email` = '1109571639@qq.com'  AND `status` = 1 LIMIT 1 [ RunTime:0.000557s ]
[2020-09-25T10:45:50+08:00][sql] SHOW FULL COLUMNS FROM `api_app_config` [ RunTime:0.001531s ]
[2020-09-25T10:45:50+08:00][sql] SHOW FULL COLUMNS FROM `api_synthesize_config` [ RunTime:0.002119s ]
[2020-09-25T10:45:50+08:00][sql] SELECT `value` FROM `api_synthesize_config` WHERE  `key` = 'POOR_SIGN_OPTION'  AND `status` = 1 LIMIT 1 [ RunTime:0.000520s ]
[2020-09-25T10:46:13+08:00][sql] CONNECT:[ UseTime:0.010629s ] mysql:host=127.0.0.1;port=3306;dbname=shane;charset=utf8
[2020-09-25T10:46:13+08:00][sql] SHOW FULL COLUMNS FROM `api_user` [ RunTime:0.001802s ]
[2020-09-25T10:46:13+08:00][sql] SELECT * FROM `api_user` WHERE  `email` = '1109571639@qq.com'  AND `status` = 1 LIMIT 1 [ RunTime:0.000698s ]
[2020-09-25T10:46:13+08:00][sql] SHOW FULL COLUMNS FROM `api_app_config` [ RunTime:0.001926s ]
[2020-09-25T10:46:13+08:00][sql] SHOW FULL COLUMNS FROM `api_synthesize_config` [ RunTime:0.001740s ]
[2020-09-25T10:46:13+08:00][sql] SELECT `value` FROM `api_synthesize_config` WHERE  `key` = 'POOR_SIGN_OPTION'  AND `status` = 1 LIMIT 1 [ RunTime:0.000728s ]
