[2020-09-29T08:17:38+08:00][sql] CONNECT:[ UseTime:0.016918s ] mysql:host=127.0.0.1;port=3306;dbname=shane;charset=utf8
[2020-09-29T08:17:38+08:00][sql] SHOW FULL COLUMNS FROM `api_app_config` [ RunTime:0.095943s ]
[2020-09-29T08:17:38+08:00][sql] SHOW FULL COLUMNS FROM `api_synthesize_config` [ RunTime:0.002393s ]
[2020-09-29T08:17:38+08:00][sql] SELECT `value` FROM `api_app_config` WHERE  `key` = 'EMAIL_HOST'  AND `status` = 1 LIMIT 1 [ RunTime:0.019451s ]
[2020-09-29T08:17:38+08:00][sql] SELECT `value` FROM `api_app_config` WHERE  `key` = 'EMAIL_USERNAME'  AND `status` = 1 LIMIT 1 [ RunTime:0.000739s ]
[2020-09-29T08:17:38+08:00][sql] SELECT `value` FROM `api_app_config` WHERE  `key` = 'EMAIL_PASSWORD'  AND `status` = 1 LIMIT 1 [ RunTime:0.000483s ]
[2020-09-29T08:17:38+08:00][sql] SELECT `value` FROM `api_app_config` WHERE  `key` = 'EMAIL_NAME'  AND `status` = 1 LIMIT 1 [ RunTime:0.000426s ]
[2020-09-29T08:17:38+08:00][sql] SHOW FULL COLUMNS FROM `api_user` [ RunTime:0.003080s ]
[2020-09-29T08:17:38+08:00][sql] SHOW FULL COLUMNS FROM `api_user_class` [ RunTime:0.002840s ]
[2020-09-29T08:17:38+08:00][sql] SHOW FULL COLUMNS FROM `api_class` [ RunTime:0.002140s ]
[2020-09-29T08:17:38+08:00][sql] SHOW FULL COLUMNS FROM `api_department` [ RunTime:0.003076s ]
[2020-09-29T08:17:38+08:00][sql] SELECT * FROM `api_user` WHERE  `email` = '1109571639@qq.com'  AND `status` = 1 LIMIT 1 [ RunTime:0.024299s ]
[2020-09-29T08:17:38+08:00][sql] SELECT * FROM `api_user` WHERE  `email` = '1109571639@qq.com'  AND `status` = 1 LIMIT 1 [ RunTime:0.000604s ]
[2020-09-29T08:17:38+08:00][sql] UPDATE `api_user`  SET `last_login_time` = 1601338658 , `last_login_token` = '297df93071641d7a9e9a6e5d4be790e768b4542b' , `update_time` = 1601338658  WHERE  `id` = 1 [ RunTime:0.018755s ]
[2020-09-29T08:25:35+08:00][sql] CONNECT:[ UseTime:0.001755s ] mysql:host=127.0.0.1;port=3306;dbname=shane;charset=utf8
[2020-09-29T08:25:35+08:00][sql] SHOW FULL COLUMNS FROM `api_user` [ RunTime:0.002628s ]
[2020-09-29T08:25:35+08:00][sql] SELECT * FROM `api_user` WHERE  `email` = '1109571639@qq.com'  AND `status` = 1 LIMIT 1 [ RunTime:0.000734s ]
[2020-09-29T08:25:35+08:00][sql] SHOW FULL COLUMNS FROM `api_app_config` [ RunTime:0.001774s ]
[2020-09-29T08:25:35+08:00][sql] SHOW FULL COLUMNS FROM `api_synthesize_config` [ RunTime:0.001629s ]
[2020-09-29T08:25:35+08:00][sql] SELECT `value` FROM `api_app_config` WHERE  `key` = 'UPLOAD_SIZE_LIMIT'  AND `status` = 1 LIMIT 1 [ RunTime:0.000660s ]
[2020-09-29T08:25:36+08:00][sql] CONNECT:[ UseTime:0.010060s ] mysql:host=127.0.0.1;port=3306;dbname=shane;charset=utf8
[2020-09-29T08:25:36+08:00][sql] SHOW FULL COLUMNS FROM `api_user` [ RunTime:0.001965s ]
[2020-09-29T08:25:36+08:00][sql] SELECT * FROM `api_user` WHERE  `email` = '1109571639@qq.com'  AND `status` = 1 LIMIT 1 [ RunTime:0.000706s ]
[2020-09-29T08:25:36+08:00][sql] SHOW FULL COLUMNS FROM `api_app_config` [ RunTime:0.001496s ]
[2020-09-29T08:25:36+08:00][sql] SHOW FULL COLUMNS FROM `api_synthesize_config` [ RunTime:0.001556s ]
[2020-09-29T08:25:36+08:00][sql] SELECT `value` FROM `api_app_config` WHERE  `key` = 'UPLOAD_SIZE_LIMIT'  AND `status` = 1 LIMIT 1 [ RunTime:0.000722s ]
[2020-09-29T08:29:42+08:00][sql] CONNECT:[ UseTime:0.010560s ] mysql:host=127.0.0.1;port=3306;dbname=shane;charset=utf8
[2020-09-29T08:29:42+08:00][sql] SHOW FULL COLUMNS FROM `api_user` [ RunTime:0.002416s ]
[2020-09-29T08:29:42+08:00][sql] SELECT * FROM `api_user` WHERE  `email` = '1109571639@qq.com'  AND `status` = 1 LIMIT 1 [ RunTime:0.001069s ]
[2020-09-29T08:29:42+08:00][sql] SHOW FULL COLUMNS FROM `api_app_config` [ RunTime:0.001826s ]
[2020-09-29T08:29:42+08:00][sql] SHOW FULL COLUMNS FROM `api_synthesize_config` [ RunTime:0.001771s ]
[2020-09-29T08:29:42+08:00][sql] SELECT `value` FROM `api_app_config` WHERE  `key` = 'UPLOAD_SIZE_LIMIT'  AND `status` = 1 LIMIT 1 [ RunTime:0.000863s ]
[2020-09-29T08:33:42+08:00][sql] CONNECT:[ UseTime:0.010844s ] mysql:host=127.0.0.1;port=3306;dbname=shane;charset=utf8
[2020-09-29T08:33:42+08:00][sql] SHOW FULL COLUMNS FROM `api_user` [ RunTime:0.001977s ]
[2020-09-29T08:33:42+08:00][sql] SELECT * FROM `api_user` WHERE  `email` = '1109571639@qq.com'  AND `status` = 1 LIMIT 1 [ RunTime:0.000761s ]
[2020-09-29T08:33:42+08:00][sql] SHOW FULL COLUMNS FROM `api_app_config` [ RunTime:0.001713s ]
[2020-09-29T08:33:42+08:00][sql] SHOW FULL COLUMNS FROM `api_synthesize_config` [ RunTime:0.001519s ]
[2020-09-29T08:33:42+08:00][sql] SELECT `value` FROM `api_app_config` WHERE  `key` = 'UPLOAD_TYPE_LIMIT'  AND `status` = 1 LIMIT 1 [ RunTime:0.000650s ]
[2020-09-29T08:34:12+08:00][sql] CONNECT:[ UseTime:0.010741s ] mysql:host=127.0.0.1;port=3306;dbname=shane;charset=utf8
[2020-09-29T08:34:12+08:00][sql] SHOW FULL COLUMNS FROM `api_user` [ RunTime:0.001732s ]
[2020-09-29T08:34:12+08:00][sql] SELECT * FROM `api_user` WHERE  `email` = '1109571639@qq.com'  AND `status` = 1 LIMIT 1 [ RunTime:0.000515s ]
[2020-09-29T08:34:12+08:00][sql] SHOW FULL COLUMNS FROM `api_app_config` [ RunTime:0.001485s ]
[2020-09-29T08:34:12+08:00][sql] SHOW FULL COLUMNS FROM `api_synthesize_config` [ RunTime:0.003287s ]
[2020-09-29T08:34:12+08:00][sql] SELECT `value` FROM `api_app_config` WHERE  `key` = 'UPLOAD_TYPE_LIMIT'  AND `status` = 1 LIMIT 1 [ RunTime:0.001242s ]
[2020-09-29T08:34:56+08:00][sql] CONNECT:[ UseTime:0.011455s ] mysql:host=127.0.0.1;port=3306;dbname=shane;charset=utf8
[2020-09-29T08:34:56+08:00][sql] SHOW FULL COLUMNS FROM `api_user` [ RunTime:0.002321s ]
[2020-09-29T08:34:56+08:00][sql] SELECT * FROM `api_user` WHERE  `email` = '1109571639@qq.com'  AND `status` = 1 LIMIT 1 [ RunTime:0.000723s ]
[2020-09-29T08:34:56+08:00][sql] SHOW FULL COLUMNS FROM `api_app_config` [ RunTime:0.001661s ]
[2020-09-29T08:34:56+08:00][sql] SHOW FULL COLUMNS FROM `api_synthesize_config` [ RunTime:0.002384s ]
[2020-09-29T08:34:56+08:00][sql] SELECT `value` FROM `api_app_config` WHERE  `key` = 'UPLOAD_TYPE_LIMIT'  AND `status` = 1 LIMIT 1 [ RunTime:0.000732s ]
[2020-09-29T08:34:58+08:00][sql] CONNECT:[ UseTime:0.011113s ] mysql:host=127.0.0.1;port=3306;dbname=shane;charset=utf8
[2020-09-29T08:34:58+08:00][sql] SHOW FULL COLUMNS FROM `api_user` [ RunTime:0.002731s ]
[2020-09-29T08:34:58+08:00][sql] SELECT * FROM `api_user` WHERE  `email` = '1109571639@qq.com'  AND `status` = 1 LIMIT 1 [ RunTime:0.000920s ]
[2020-09-29T08:34:58+08:00][sql] SHOW FULL COLUMNS FROM `api_app_config` [ RunTime:0.001637s ]
[2020-09-29T08:34:58+08:00][sql] SHOW FULL COLUMNS FROM `api_synthesize_config` [ RunTime:0.001605s ]
[2020-09-29T08:34:58+08:00][sql] SELECT `value` FROM `api_app_config` WHERE  `key` = 'UPLOAD_TYPE_LIMIT'  AND `status` = 1 LIMIT 1 [ RunTime:0.000826s ]
[2020-09-29T08:36:00+08:00][sql] CONNECT:[ UseTime:0.011333s ] mysql:host=127.0.0.1;port=3306;dbname=shane;charset=utf8
[2020-09-29T08:36:00+08:00][sql] SHOW FULL COLUMNS FROM `api_user` [ RunTime:0.001960s ]
[2020-09-29T08:36:00+08:00][sql] SELECT * FROM `api_user` WHERE  `email` = '1109571639@qq.com'  AND `status` = 1 LIMIT 1 [ RunTime:0.000811s ]
[2020-09-29T08:37:51+08:00][sql] CONNECT:[ UseTime:0.002028s ] mysql:host=127.0.0.1;port=3306;dbname=shane;charset=utf8
[2020-09-29T08:37:51+08:00][sql] SHOW FULL COLUMNS FROM `api_user` [ RunTime:0.002697s ]
[2020-09-29T08:37:51+08:00][sql] SELECT * FROM `api_user` WHERE  `email` = '1109571639@qq.com'  AND `status` = 1 LIMIT 1 [ RunTime:0.000862s ]
[2020-09-29T08:37:58+08:00][sql] CONNECT:[ UseTime:0.001302s ] mysql:host=127.0.0.1;port=3306;dbname=shane;charset=utf8
[2020-09-29T08:37:58+08:00][sql] SHOW FULL COLUMNS FROM `api_user` [ RunTime:0.003287s ]
[2020-09-29T08:37:58+08:00][sql] SELECT * FROM `api_user` WHERE  `email` = '1109571639@qq.com'  AND `status` = 1 LIMIT 1 [ RunTime:0.001649s ]
[2020-09-29T08:43:07+08:00][sql] CONNECT:[ UseTime:0.011472s ] mysql:host=127.0.0.1;port=3306;dbname=shane;charset=utf8
[2020-09-29T08:43:07+08:00][sql] SHOW FULL COLUMNS FROM `api_user` [ RunTime:0.002031s ]
[2020-09-29T08:43:07+08:00][sql] SELECT * FROM `api_user` WHERE  `email` = '1109571639@qq.com'  AND `status` = 1 LIMIT 1 [ RunTime:0.000668s ]
[2020-09-29T08:43:19+08:00][sql] CONNECT:[ UseTime:0.011604s ] mysql:host=127.0.0.1;port=3306;dbname=shane;charset=utf8
[2020-09-29T08:43:19+08:00][sql] SHOW FULL COLUMNS FROM `api_user` [ RunTime:0.001652s ]
[2020-09-29T08:43:19+08:00][sql] SELECT * FROM `api_user` WHERE  `email` = '1109571639@qq.com'  AND `status` = 1 LIMIT 1 [ RunTime:0.000621s ]
[2020-09-29T08:43:29+08:00][sql] CONNECT:[ UseTime:0.010717s ] mysql:host=127.0.0.1;port=3306;dbname=shane;charset=utf8
[2020-09-29T08:43:29+08:00][sql] SHOW FULL COLUMNS FROM `api_user` [ RunTime:0.001799s ]
[2020-09-29T08:43:29+08:00][sql] SELECT * FROM `api_user` WHERE  `email` = '1109571639@qq.com'  AND `status` = 1 LIMIT 1 [ RunTime:0.000560s ]
[2020-09-29T08:45:37+08:00][sql] CONNECT:[ UseTime:0.010721s ] mysql:host=127.0.0.1;port=3306;dbname=shane;charset=utf8
[2020-09-29T08:45:37+08:00][sql] SHOW FULL COLUMNS FROM `api_user` [ RunTime:0.003193s ]
[2020-09-29T08:45:37+08:00][sql] SELECT * FROM `api_user` WHERE  `email` = '1109571639@qq.com'  AND `status` = 1 LIMIT 1 [ RunTime:0.000940s ]
[2020-09-29T08:45:37+08:00][sql] SHOW FULL COLUMNS FROM `api_app_config` [ RunTime:0.001635s ]
[2020-09-29T08:45:37+08:00][sql] SHOW FULL COLUMNS FROM `api_synthesize_config` [ RunTime:0.001715s ]
[2020-09-29T08:45:37+08:00][sql] SELECT `value` FROM `api_app_config` WHERE  `key` = 'UPLOAD_SIZE_LIMIT'  AND `status` = 1 LIMIT 1 [ RunTime:0.001072s ]
[2020-09-29T08:45:37+08:00][sql] SELECT `value` FROM `api_app_config` WHERE  `key` = 'UPLOAD_TYPE_LIMIT'  AND `status` = 1 LIMIT 1 [ RunTime:0.000524s ]
[2020-09-29T08:46:24+08:00][sql] CONNECT:[ UseTime:0.011096s ] mysql:host=127.0.0.1;port=3306;dbname=shane;charset=utf8
[2020-09-29T08:46:24+08:00][sql] SHOW FULL COLUMNS FROM `api_user` [ RunTime:0.001876s ]
[2020-09-29T08:46:24+08:00][sql] SELECT * FROM `api_user` WHERE  `email` = '1109571639@qq.com'  AND `status` = 1 LIMIT 1 [ RunTime:0.001061s ]
[2020-09-29T08:46:24+08:00][sql] SHOW FULL COLUMNS FROM `api_app_config` [ RunTime:0.001726s ]
[2020-09-29T08:46:24+08:00][sql] SHOW FULL COLUMNS FROM `api_synthesize_config` [ RunTime:0.001593s ]
[2020-09-29T08:46:24+08:00][sql] SELECT `value` FROM `api_app_config` WHERE  `key` = 'UPLOAD_SIZE_LIMIT'  AND `status` = 1 LIMIT 1 [ RunTime:0.001068s ]
[2020-09-29T08:46:24+08:00][sql] SELECT `value` FROM `api_app_config` WHERE  `key` = 'UPLOAD_TYPE_LIMIT'  AND `status` = 1 LIMIT 1 [ RunTime:0.001001s ]
[2020-09-29T08:47:09+08:00][sql] CONNECT:[ UseTime:0.001388s ] mysql:host=127.0.0.1;port=3306;dbname=shane;charset=utf8
[2020-09-29T08:47:09+08:00][sql] SHOW FULL COLUMNS FROM `api_user` [ RunTime:0.001820s ]
[2020-09-29T08:47:09+08:00][sql] SELECT * FROM `api_user` WHERE  `email` = '1109571639@qq.com'  AND `status` = 1 LIMIT 1 [ RunTime:0.000825s ]
[2020-09-29T08:47:09+08:00][sql] SHOW FULL COLUMNS FROM `api_app_config` [ RunTime:0.001847s ]
[2020-09-29T08:47:09+08:00][sql] SHOW FULL COLUMNS FROM `api_synthesize_config` [ RunTime:0.003174s ]
[2020-09-29T08:47:09+08:00][sql] SELECT `value` FROM `api_app_config` WHERE  `key` = 'UPLOAD_SIZE_LIMIT'  AND `status` = 1 LIMIT 1 [ RunTime:0.001632s ]
[2020-09-29T08:47:09+08:00][sql] SELECT `value` FROM `api_app_config` WHERE  `key` = 'UPLOAD_TYPE_LIMIT'  AND `status` = 1 LIMIT 1 [ RunTime:0.000694s ]
[2020-09-29T08:49:27+08:00][sql] CONNECT:[ UseTime:0.001736s ] mysql:host=127.0.0.1;port=3306;dbname=shane;charset=utf8
[2020-09-29T08:49:27+08:00][sql] SHOW FULL COLUMNS FROM `api_user` [ RunTime:0.002176s ]
[2020-09-29T08:49:27+08:00][sql] SELECT * FROM `api_user` WHERE  `email` = '1109571639@qq.com'  AND `status` = 1 LIMIT 1 [ RunTime:0.001621s ]
[2020-09-29T08:49:27+08:00][sql] SHOW FULL COLUMNS FROM `api_app_config` [ RunTime:0.002793s ]
[2020-09-29T08:49:27+08:00][sql] SHOW FULL COLUMNS FROM `api_synthesize_config` [ RunTime:0.002586s ]
[2020-09-29T08:49:27+08:00][sql] SELECT `value` FROM `api_app_config` WHERE  `key` = 'UPLOAD_SIZE_LIMIT'  AND `status` = 1 LIMIT 1 [ RunTime:0.002382s ]
[2020-09-29T08:49:27+08:00][sql] SELECT `value` FROM `api_app_config` WHERE  `key` = 'UPLOAD_TYPE_LIMIT'  AND `status` = 1 LIMIT 1 [ RunTime:0.001693s ]
[2020-09-29T08:49:48+08:00][sql] CONNECT:[ UseTime:0.001582s ] mysql:host=127.0.0.1;port=3306;dbname=shane;charset=utf8
[2020-09-29T08:49:48+08:00][sql] SHOW FULL COLUMNS FROM `api_user` [ RunTime:0.002409s ]
[2020-09-29T08:49:48+08:00][sql] SELECT * FROM `api_user` WHERE  `email` = '1109571639@qq.com'  AND `status` = 1 LIMIT 1 [ RunTime:0.000824s ]
[2020-09-29T08:50:14+08:00][sql] CONNECT:[ UseTime:0.011643s ] mysql:host=127.0.0.1;port=3306;dbname=shane;charset=utf8
[2020-09-29T08:50:14+08:00][sql] SHOW FULL COLUMNS FROM `api_user` [ RunTime:0.001911s ]
[2020-09-29T08:50:14+08:00][sql] SELECT * FROM `api_user` WHERE  `email` = '1109571639@qq.com'  AND `status` = 1 LIMIT 1 [ RunTime:0.000869s ]
[2020-09-29T08:50:25+08:00][sql] CONNECT:[ UseTime:0.011257s ] mysql:host=127.0.0.1;port=3306;dbname=shane;charset=utf8
[2020-09-29T08:50:25+08:00][sql] SHOW FULL COLUMNS FROM `api_user` [ RunTime:0.001921s ]
[2020-09-29T08:50:25+08:00][sql] SELECT * FROM `api_user` WHERE  `email` = '1109571639@qq.com'  AND `status` = 1 LIMIT 1 [ RunTime:0.000757s ]
[2020-09-29T08:50:42+08:00][sql] CONNECT:[ UseTime:0.000990s ] mysql:host=127.0.0.1;port=3306;dbname=shane;charset=utf8
[2020-09-29T08:50:42+08:00][sql] SHOW FULL COLUMNS FROM `api_user` [ RunTime:0.002287s ]
[2020-09-29T08:50:42+08:00][sql] SELECT * FROM `api_user` WHERE  `email` = '1109571639@qq.com'  AND `status` = 1 LIMIT 1 [ RunTime:0.001030s ]
[2020-09-29T08:51:25+08:00][sql] CONNECT:[ UseTime:0.001473s ] mysql:host=127.0.0.1;port=3306;dbname=shane;charset=utf8
[2020-09-29T08:51:25+08:00][sql] SHOW FULL COLUMNS FROM `api_user` [ RunTime:0.002097s ]
[2020-09-29T08:51:25+08:00][sql] SELECT * FROM `api_user` WHERE  `email` = '1109571639@qq.com'  AND `status` = 1 LIMIT 1 [ RunTime:0.000924s ]
[2020-09-29T08:54:13+08:00][sql] CONNECT:[ UseTime:0.011182s ] mysql:host=127.0.0.1;port=3306;dbname=shane;charset=utf8
[2020-09-29T08:54:13+08:00][sql] SHOW FULL COLUMNS FROM `api_user` [ RunTime:0.003084s ]
[2020-09-29T08:54:13+08:00][sql] SELECT * FROM `api_user` WHERE  `email` = '1109571639@qq.com'  AND `status` = 1 LIMIT 1 [ RunTime:0.000729s ]
[2020-09-29T08:54:13+08:00][sql] SHOW FULL COLUMNS FROM `api_app_config` [ RunTime:0.002152s ]
[2020-09-29T08:54:13+08:00][sql] SHOW FULL COLUMNS FROM `api_synthesize_config` [ RunTime:0.001647s ]
[2020-09-29T08:54:13+08:00][sql] SELECT `value` FROM `api_app_config` WHERE  `key` = 'UPLOAD_SIZE_LIMIT'  AND `status` = 1 LIMIT 1 [ RunTime:0.000685s ]
[2020-09-29T08:54:13+08:00][sql] SELECT `value` FROM `api_app_config` WHERE  `key` = 'UPLOAD_TYPE_LIMIT'  AND `status` = 1 LIMIT 1 [ RunTime:0.000566s ]
[2020-09-29T08:54:37+08:00][sql] CONNECT:[ UseTime:0.011374s ] mysql:host=127.0.0.1;port=3306;dbname=shane;charset=utf8
[2020-09-29T08:54:37+08:00][sql] SHOW FULL COLUMNS FROM `api_user` [ RunTime:0.001753s ]
[2020-09-29T08:54:37+08:00][sql] SELECT * FROM `api_user` WHERE  `email` = '1109571639@qq.com'  AND `status` = 1 LIMIT 1 [ RunTime:0.000508s ]
[2020-09-29T08:54:37+08:00][sql] SHOW FULL COLUMNS FROM `api_app_config` [ RunTime:0.001589s ]
[2020-09-29T08:54:37+08:00][sql] SHOW FULL COLUMNS FROM `api_synthesize_config` [ RunTime:0.001449s ]
[2020-09-29T08:54:37+08:00][sql] SELECT `value` FROM `api_app_config` WHERE  `key` = 'UPLOAD_SIZE_LIMIT'  AND `status` = 1 LIMIT 1 [ RunTime:0.000423s ]
[2020-09-29T08:54:37+08:00][sql] SELECT `value` FROM `api_app_config` WHERE  `key` = 'UPLOAD_TYPE_LIMIT'  AND `status` = 1 LIMIT 1 [ RunTime:0.000457s ]
[2020-09-29T09:03:34+08:00][sql] CONNECT:[ UseTime:0.010681s ] mysql:host=127.0.0.1;port=3306;dbname=shane;charset=utf8
[2020-09-29T09:03:34+08:00][sql] SHOW FULL COLUMNS FROM `api_user` [ RunTime:0.003006s ]
[2020-09-29T09:03:34+08:00][sql] SELECT * FROM `api_user` WHERE  `email` = '1109571639@qq.com'  AND `status` = 1 LIMIT 1 [ RunTime:0.000693s ]
[2020-09-29T09:03:34+08:00][sql] SHOW FULL COLUMNS FROM `api_app_config` [ RunTime:0.001639s ]
[2020-09-29T09:03:34+08:00][sql] SHOW FULL COLUMNS FROM `api_synthesize_config` [ RunTime:0.001458s ]
[2020-09-29T09:03:34+08:00][sql] SELECT `value` FROM `api_app_config` WHERE  `key` = 'UPLOAD_SIZE_LIMIT'  AND `status` = 1 LIMIT 1 [ RunTime:0.000590s ]
[2020-09-29T09:03:34+08:00][sql] SELECT `value` FROM `api_app_config` WHERE  `key` = 'UPLOAD_TYPE_LIMIT'  AND `status` = 1 LIMIT 1 [ RunTime:0.000965s ]
[2020-09-29T09:09:33+08:00][sql] CONNECT:[ UseTime:0.011123s ] mysql:host=127.0.0.1;port=3306;dbname=shane;charset=utf8
[2020-09-29T09:09:33+08:00][sql] SHOW FULL COLUMNS FROM `api_user` [ RunTime:0.002015s ]
[2020-09-29T09:09:33+08:00][sql] SELECT * FROM `api_user` WHERE  `email` = '1109571639@qq.com'  AND `status` = 1 LIMIT 1 [ RunTime:0.000676s ]
[2020-09-29T09:09:33+08:00][error] [4]没有文件被上传！
[2020-09-29T09:10:09+08:00][sql] CONNECT:[ UseTime:0.001767s ] mysql:host=127.0.0.1;port=3306;dbname=shane;charset=utf8
[2020-09-29T09:10:09+08:00][sql] SHOW FULL COLUMNS FROM `api_user` [ RunTime:0.003604s ]
[2020-09-29T09:10:09+08:00][sql] SELECT * FROM `api_user` WHERE  `email` = '1109571639@qq.com'  AND `status` = 1 LIMIT 1 [ RunTime:0.001063s ]
[2020-09-29T09:10:09+08:00][error] [4]没有文件被上传！
[2020-09-29T09:12:53+08:00][sql] CONNECT:[ UseTime:0.001266s ] mysql:host=127.0.0.1;port=3306;dbname=shane;charset=utf8
[2020-09-29T09:12:53+08:00][sql] SHOW FULL COLUMNS FROM `api_user` [ RunTime:0.002663s ]
[2020-09-29T09:12:53+08:00][sql] SELECT * FROM `api_user` WHERE  `email` = '1109571639@qq.com'  AND `status` = 1 LIMIT 1 [ RunTime:0.001523s ]
[2020-09-29T09:12:53+08:00][error] [4]没有文件被上传！
[2020-09-29T09:13:35+08:00][sql] CONNECT:[ UseTime:0.001016s ] mysql:host=127.0.0.1;port=3306;dbname=shane;charset=utf8
[2020-09-29T09:13:35+08:00][sql] SHOW FULL COLUMNS FROM `api_user` [ RunTime:0.001795s ]
[2020-09-29T09:13:35+08:00][sql] SELECT * FROM `api_user` WHERE  `email` = '1109571639@qq.com'  AND `status` = 1 LIMIT 1 [ RunTime:0.000780s ]
[2020-09-29T09:13:35+08:00][error] [4]没有文件被上传！
[2020-09-29T09:13:36+08:00][sql] CONNECT:[ UseTime:0.011697s ] mysql:host=127.0.0.1;port=3306;dbname=shane;charset=utf8
[2020-09-29T09:13:36+08:00][sql] SHOW FULL COLUMNS FROM `api_user` [ RunTime:0.001987s ]
[2020-09-29T09:13:36+08:00][sql] SELECT * FROM `api_user` WHERE  `email` = '1109571639@qq.com'  AND `status` = 1 LIMIT 1 [ RunTime:0.000552s ]
[2020-09-29T09:13:36+08:00][error] [4]没有文件被上传！
[2020-09-29T09:14:29+08:00][sql] CONNECT:[ UseTime:0.001130s ] mysql:host=127.0.0.1;port=3306;dbname=shane;charset=utf8
[2020-09-29T09:14:29+08:00][sql] SHOW FULL COLUMNS FROM `api_user` [ RunTime:0.001787s ]
[2020-09-29T09:14:29+08:00][sql] SELECT * FROM `api_user` WHERE  `email` = '1109571639@qq.com'  AND `status` = 1 LIMIT 1 [ RunTime:0.000772s ]
[2020-09-29T09:14:29+08:00][error] [4]没有文件被上传！
[2020-09-29T09:14:45+08:00][sql] CONNECT:[ UseTime:0.001193s ] mysql:host=127.0.0.1;port=3306;dbname=shane;charset=utf8
[2020-09-29T09:14:45+08:00][sql] SHOW FULL COLUMNS FROM `api_user` [ RunTime:0.001938s ]
[2020-09-29T09:14:45+08:00][sql] SELECT * FROM `api_user` WHERE  `email` = '1109571639@qq.com'  AND `status` = 1 LIMIT 1 [ RunTime:0.000706s ]
[2020-09-29T09:14:45+08:00][error] [4]没有文件被上传！
[2020-09-29T09:14:58+08:00][sql] CONNECT:[ UseTime:0.001231s ] mysql:host=127.0.0.1;port=3306;dbname=shane;charset=utf8
[2020-09-29T09:14:58+08:00][sql] SHOW FULL COLUMNS FROM `api_user` [ RunTime:0.002117s ]
[2020-09-29T09:14:58+08:00][sql] SELECT * FROM `api_user` WHERE  `email` = '1109571639@qq.com'  AND `status` = 1 LIMIT 1 [ RunTime:0.000712s ]
[2020-09-29T09:14:58+08:00][error] [4]没有文件被上传！
[2020-09-29T09:17:13+08:00][sql] CONNECT:[ UseTime:0.010657s ] mysql:host=127.0.0.1;port=3306;dbname=shane;charset=utf8
[2020-09-29T09:17:13+08:00][sql] SHOW FULL COLUMNS FROM `api_user` [ RunTime:0.003753s ]
[2020-09-29T09:17:13+08:00][sql] SELECT * FROM `api_user` WHERE  `email` = '1109571639@qq.com'  AND `status` = 1 LIMIT 1 [ RunTime:0.000844s ]
[2020-09-29T09:18:04+08:00][sql] CONNECT:[ UseTime:0.001385s ] mysql:host=127.0.0.1;port=3306;dbname=shane;charset=utf8
[2020-09-29T09:18:04+08:00][sql] SHOW FULL COLUMNS FROM `api_user` [ RunTime:0.001886s ]
[2020-09-29T09:18:04+08:00][sql] SELECT * FROM `api_user` WHERE  `email` = '1109571639@qq.com'  AND `status` = 1 LIMIT 1 [ RunTime:0.001456s ]
[2020-09-29T09:19:54+08:00][sql] CONNECT:[ UseTime:0.001545s ] mysql:host=127.0.0.1;port=3306;dbname=shane;charset=utf8
[2020-09-29T09:19:54+08:00][sql] SHOW FULL COLUMNS FROM `api_user` [ RunTime:0.001773s ]
[2020-09-29T09:19:54+08:00][sql] SELECT * FROM `api_user` WHERE  `email` = '1109571639@qq.com'  AND `status` = 1 LIMIT 1 [ RunTime:0.000697s ]
[2020-09-29T09:19:54+08:00][error] [4]没有文件被上传！
[2020-09-29T09:22:19+08:00][sql] CONNECT:[ UseTime:0.009960s ] mysql:host=127.0.0.1;port=3306;dbname=shane;charset=utf8
[2020-09-29T09:22:19+08:00][sql] SHOW FULL COLUMNS FROM `api_user` [ RunTime:0.001736s ]
[2020-09-29T09:22:19+08:00][sql] SELECT * FROM `api_user` WHERE  `email` = '1109571639@qq.com'  AND `status` = 1 LIMIT 1 [ RunTime:0.000470s ]
[2020-09-29T09:22:19+08:00][error] [4]没有文件被上传！
[2020-09-29T09:22:22+08:00][sql] CONNECT:[ UseTime:0.010415s ] mysql:host=127.0.0.1;port=3306;dbname=shane;charset=utf8
[2020-09-29T09:22:22+08:00][sql] SHOW FULL COLUMNS FROM `api_user` [ RunTime:0.002687s ]
[2020-09-29T09:22:22+08:00][sql] SELECT * FROM `api_user` WHERE  `email` = '1109571639@qq.com'  AND `status` = 1 LIMIT 1 [ RunTime:0.001947s ]
[2020-09-29T09:22:22+08:00][error] [4]没有文件被上传！
[2020-09-29T09:22:36+08:00][sql] CONNECT:[ UseTime:0.001971s ] mysql:host=127.0.0.1;port=3306;dbname=shane;charset=utf8
[2020-09-29T09:22:36+08:00][sql] SHOW FULL COLUMNS FROM `api_user` [ RunTime:0.002473s ]
[2020-09-29T09:22:36+08:00][sql] SELECT * FROM `api_user` WHERE  `email` = '1109571639@qq.com'  AND `status` = 1 LIMIT 1 [ RunTime:0.000868s ]
[2020-09-29T09:22:36+08:00][error] [4]没有文件被上传！
[2020-09-29T09:25:22+08:00][sql] CONNECT:[ UseTime:0.010699s ] mysql:host=127.0.0.1;port=3306;dbname=shane;charset=utf8
[2020-09-29T09:25:22+08:00][sql] SHOW FULL COLUMNS FROM `api_user` [ RunTime:0.002074s ]
[2020-09-29T09:25:22+08:00][sql] SELECT * FROM `api_user` WHERE  `email` = '1109571639@qq.com'  AND `status` = 1 LIMIT 1 [ RunTime:0.001095s ]
[2020-09-29T09:27:44+08:00][sql] CONNECT:[ UseTime:0.001364s ] mysql:host=127.0.0.1;port=3306;dbname=shane;charset=utf8
[2020-09-29T09:27:44+08:00][sql] SHOW FULL COLUMNS FROM `api_user` [ RunTime:0.002804s ]
[2020-09-29T09:27:44+08:00][sql] SELECT * FROM `api_user` WHERE  `email` = '1109571639@qq.com'  AND `status` = 1 LIMIT 1 [ RunTime:0.000625s ]
[2020-09-29T09:34:02+08:00][sql] CONNECT:[ UseTime:0.011360s ] mysql:host=127.0.0.1;port=3306;dbname=shane;charset=utf8
[2020-09-29T09:34:02+08:00][sql] SHOW FULL COLUMNS FROM `api_user` [ RunTime:0.001830s ]
[2020-09-29T09:34:02+08:00][sql] SELECT * FROM `api_user` WHERE  `email` = '1109571639@qq.com'  AND `status` = 1 LIMIT 1 [ RunTime:0.000649s ]
[2020-09-29T09:34:18+08:00][sql] CONNECT:[ UseTime:0.001320s ] mysql:host=127.0.0.1;port=3306;dbname=shane;charset=utf8
[2020-09-29T09:34:18+08:00][sql] SHOW FULL COLUMNS FROM `api_user` [ RunTime:0.002482s ]
[2020-09-29T09:34:18+08:00][sql] SELECT * FROM `api_user` WHERE  `email` = '1109571639@qq.com'  AND `status` = 1 LIMIT 1 [ RunTime:0.000939s ]
[2020-09-29T09:34:23+08:00][sql] CONNECT:[ UseTime:0.001068s ] mysql:host=127.0.0.1;port=3306;dbname=shane;charset=utf8
[2020-09-29T09:34:23+08:00][sql] SHOW FULL COLUMNS FROM `api_user` [ RunTime:0.001822s ]
[2020-09-29T09:34:23+08:00][sql] SELECT * FROM `api_user` WHERE  `email` = '1109571639@qq.com'  AND `status` = 1 LIMIT 1 [ RunTime:0.000611s ]
[2020-09-29T09:34:27+08:00][sql] CONNECT:[ UseTime:0.001352s ] mysql:host=127.0.0.1;port=3306;dbname=shane;charset=utf8
[2020-09-29T09:34:27+08:00][sql] SHOW FULL COLUMNS FROM `api_user` [ RunTime:0.004024s ]
[2020-09-29T09:34:27+08:00][sql] SELECT * FROM `api_user` WHERE  `email` = '1109571639@qq.com'  AND `status` = 1 LIMIT 1 [ RunTime:0.001113s ]
[2020-09-29T09:40:37+08:00][sql] CONNECT:[ UseTime:0.002207s ] mysql:host=127.0.0.1;port=3306;dbname=shane;charset=utf8
[2020-09-29T09:40:37+08:00][sql] SHOW FULL COLUMNS FROM `api_user` [ RunTime:0.003062s ]
[2020-09-29T09:40:37+08:00][sql] SELECT * FROM `api_user` WHERE  `email` = '1109571639@qq.com'  AND `status` = 1 LIMIT 1 [ RunTime:0.000788s ]
[2020-09-29T09:40:37+08:00][sql] SHOW FULL COLUMNS FROM `api_app_config` [ RunTime:0.002330s ]
[2020-09-29T09:40:37+08:00][sql] SHOW FULL COLUMNS FROM `api_synthesize_config` [ RunTime:0.002314s ]
[2020-09-29T09:40:37+08:00][sql] SELECT `value` FROM `api_app_config` WHERE  `key` = 'UPLOAD_SIZE_LIMIT'  AND `status` = 1 LIMIT 1 [ RunTime:0.000665s ]
[2020-09-29T09:40:37+08:00][error] [0]Call to a member function getSize() on array
[2020-09-29T09:58:17+08:00][sql] CONNECT:[ UseTime:0.010935s ] mysql:host=127.0.0.1;port=3306;dbname=shane;charset=utf8
[2020-09-29T09:58:17+08:00][sql] SHOW FULL COLUMNS FROM `api_user` [ RunTime:0.002892s ]
[2020-09-29T09:58:17+08:00][sql] SELECT * FROM `api_user` WHERE  `email` = '1109571639@qq.com'  AND `status` = 1 LIMIT 1 [ RunTime:0.000993s ]
[2020-09-29T09:58:17+08:00][sql] SHOW FULL COLUMNS FROM `api_app_config` [ RunTime:0.001985s ]
[2020-09-29T09:58:17+08:00][sql] SHOW FULL COLUMNS FROM `api_synthesize_config` [ RunTime:0.002419s ]
[2020-09-29T09:58:17+08:00][sql] SELECT `value` FROM `api_app_config` WHERE  `key` = 'UPLOAD_SIZE_LIMIT'  AND `status` = 1 LIMIT 1 [ RunTime:0.000924s ]
[2020-09-29T09:58:17+08:00][sql] SELECT `value` FROM `api_app_config` WHERE  `key` = 'UPLOAD_TYPE_LIMIT'  AND `status` = 1 LIMIT 1 [ RunTime:0.000602s ]
[2020-09-29T10:02:05+08:00][sql] CONNECT:[ UseTime:0.010765s ] mysql:host=127.0.0.1;port=3306;dbname=shane;charset=utf8
[2020-09-29T10:02:05+08:00][sql] SHOW FULL COLUMNS FROM `api_user` [ RunTime:0.002313s ]
[2020-09-29T10:02:05+08:00][sql] SELECT * FROM `api_user` WHERE  `email` = '1109571639@qq.com'  AND `status` = 1 LIMIT 1 [ RunTime:0.000692s ]
[2020-09-29T10:02:05+08:00][sql] SHOW FULL COLUMNS FROM `api_app_config` [ RunTime:0.001586s ]
[2020-09-29T10:02:05+08:00][sql] SHOW FULL COLUMNS FROM `api_synthesize_config` [ RunTime:0.001591s ]
[2020-09-29T10:02:05+08:00][sql] SELECT `value` FROM `api_app_config` WHERE  `key` = 'UPLOAD_SIZE_LIMIT'  AND `status` = 1 LIMIT 1 [ RunTime:0.000655s ]
[2020-09-29T10:02:05+08:00][sql] SELECT `value` FROM `api_app_config` WHERE  `key` = 'UPLOAD_TYPE_LIMIT'  AND `status` = 1 LIMIT 1 [ RunTime:0.000447s ]
[2020-09-29T10:05:43+08:00][sql] CONNECT:[ UseTime:0.011158s ] mysql:host=127.0.0.1;port=3306;dbname=shane;charset=utf8
[2020-09-29T10:05:43+08:00][sql] SHOW FULL COLUMNS FROM `api_user` [ RunTime:0.001959s ]
[2020-09-29T10:05:43+08:00][sql] SELECT * FROM `api_user` WHERE  `email` = '1109571639@qq.com'  AND `status` = 1 LIMIT 1 [ RunTime:0.000771s ]
[2020-09-29T10:05:43+08:00][sql] SHOW FULL COLUMNS FROM `api_app_config` [ RunTime:0.001641s ]
[2020-09-29T10:05:43+08:00][sql] SHOW FULL COLUMNS FROM `api_synthesize_config` [ RunTime:0.001550s ]
[2020-09-29T10:05:43+08:00][sql] SELECT `value` FROM `api_app_config` WHERE  `key` = 'UPLOAD_SIZE_LIMIT'  AND `status` = 1 LIMIT 1 [ RunTime:0.000517s ]
[2020-09-29T10:05:43+08:00][sql] SELECT `value` FROM `api_app_config` WHERE  `key` = 'UPLOAD_TYPE_LIMIT'  AND `status` = 1 LIMIT 1 [ RunTime:0.000460s ]
[2020-09-29T10:05:55+08:00][sql] CONNECT:[ UseTime:0.011113s ] mysql:host=127.0.0.1;port=3306;dbname=shane;charset=utf8
[2020-09-29T10:05:55+08:00][sql] SHOW FULL COLUMNS FROM `api_user` [ RunTime:0.003280s ]
[2020-09-29T10:05:55+08:00][sql] SELECT * FROM `api_user` WHERE  `email` = '1109571639@qq.com'  AND `status` = 1 LIMIT 1 [ RunTime:0.001162s ]
[2020-09-29T10:05:55+08:00][sql] SHOW FULL COLUMNS FROM `api_app_config` [ RunTime:0.002494s ]
[2020-09-29T10:05:55+08:00][sql] SHOW FULL COLUMNS FROM `api_synthesize_config` [ RunTime:0.001605s ]
[2020-09-29T10:05:55+08:00][sql] SELECT `value` FROM `api_app_config` WHERE  `key` = 'UPLOAD_SIZE_LIMIT'  AND `status` = 1 LIMIT 1 [ RunTime:0.000531s ]
[2020-09-29T10:05:55+08:00][sql] SELECT `value` FROM `api_app_config` WHERE  `key` = 'UPLOAD_TYPE_LIMIT'  AND `status` = 1 LIMIT 1 [ RunTime:0.000571s ]
[2020-09-29T10:06:13+08:00][sql] CONNECT:[ UseTime:0.011328s ] mysql:host=127.0.0.1;port=3306;dbname=shane;charset=utf8
[2020-09-29T10:06:13+08:00][sql] SHOW FULL COLUMNS FROM `api_user` [ RunTime:0.001784s ]
[2020-09-29T10:06:13+08:00][sql] SELECT * FROM `api_user` WHERE  `email` = '1109571639@qq.com'  AND `status` = 1 LIMIT 1 [ RunTime:0.000570s ]
[2020-09-29T10:06:13+08:00][sql] SHOW FULL COLUMNS FROM `api_app_config` [ RunTime:0.003128s ]
[2020-09-29T10:06:13+08:00][sql] SHOW FULL COLUMNS FROM `api_synthesize_config` [ RunTime:0.002102s ]
[2020-09-29T10:06:13+08:00][sql] SELECT `value` FROM `api_app_config` WHERE  `key` = 'UPLOAD_SIZE_LIMIT'  AND `status` = 1 LIMIT 1 [ RunTime:0.000771s ]
[2020-09-29T10:06:13+08:00][sql] SELECT `value` FROM `api_app_config` WHERE  `key` = 'UPLOAD_TYPE_LIMIT'  AND `status` = 1 LIMIT 1 [ RunTime:0.000712s ]
[2020-09-29T10:07:14+08:00][sql] CONNECT:[ UseTime:0.001452s ] mysql:host=127.0.0.1;port=3306;dbname=shane;charset=utf8
[2020-09-29T10:07:14+08:00][sql] SHOW FULL COLUMNS FROM `api_user` [ RunTime:0.002516s ]
[2020-09-29T10:07:14+08:00][sql] SELECT * FROM `api_user` WHERE  `email` = '1109571639@qq.com'  AND `status` = 1 LIMIT 1 [ RunTime:0.000820s ]
[2020-09-29T10:07:14+08:00][sql] SHOW FULL COLUMNS FROM `api_app_config` [ RunTime:0.002167s ]
[2020-09-29T10:07:14+08:00][sql] SHOW FULL COLUMNS FROM `api_synthesize_config` [ RunTime:0.002780s ]
[2020-09-29T10:07:14+08:00][sql] SELECT `value` FROM `api_app_config` WHERE  `key` = 'UPLOAD_SIZE_LIMIT'  AND `status` = 1 LIMIT 1 [ RunTime:0.001133s ]
[2020-09-29T10:07:14+08:00][sql] SELECT `value` FROM `api_app_config` WHERE  `key` = 'UPLOAD_TYPE_LIMIT'  AND `status` = 1 LIMIT 1 [ RunTime:0.000887s ]
[2020-09-29T10:07:32+08:00][sql] CONNECT:[ UseTime:0.010867s ] mysql:host=127.0.0.1;port=3306;dbname=shane;charset=utf8
[2020-09-29T10:07:32+08:00][sql] SHOW FULL COLUMNS FROM `api_user` [ RunTime:0.002659s ]
[2020-09-29T10:07:32+08:00][sql] SELECT * FROM `api_user` WHERE  `email` = '1109571639@qq.com'  AND `status` = 1 LIMIT 1 [ RunTime:0.000911s ]
[2020-09-29T10:07:32+08:00][sql] SHOW FULL COLUMNS FROM `api_app_config` [ RunTime:0.002464s ]
[2020-09-29T10:07:32+08:00][sql] SHOW FULL COLUMNS FROM `api_synthesize_config` [ RunTime:0.001620s ]
[2020-09-29T10:07:32+08:00][sql] SELECT `value` FROM `api_app_config` WHERE  `key` = 'UPLOAD_SIZE_LIMIT'  AND `status` = 1 LIMIT 1 [ RunTime:0.000952s ]
[2020-09-29T10:07:32+08:00][sql] SELECT `value` FROM `api_app_config` WHERE  `key` = 'UPLOAD_TYPE_LIMIT'  AND `status` = 1 LIMIT 1 [ RunTime:0.000538s ]
[2020-09-29T10:22:34+08:00][sql] CONNECT:[ UseTime:0.011608s ] mysql:host=127.0.0.1;port=3306;dbname=shane;charset=utf8
[2020-09-29T10:22:34+08:00][sql] SHOW FULL COLUMNS FROM `api_user` [ RunTime:0.002180s ]
[2020-09-29T10:22:34+08:00][sql] SELECT * FROM `api_user` WHERE  `email` = '1109571639@qq.com'  AND `status` = 1 LIMIT 1 [ RunTime:0.000719s ]
[2020-09-29T10:22:34+08:00][sql] SHOW FULL COLUMNS FROM `api_app_config` [ RunTime:0.001876s ]
[2020-09-29T10:22:34+08:00][sql] SHOW FULL COLUMNS FROM `api_synthesize_config` [ RunTime:0.001531s ]
[2020-09-29T10:22:34+08:00][sql] SELECT `value` FROM `api_app_config` WHERE  `key` = 'UPLOAD_SIZE_LIMIT'  AND `status` = 1 LIMIT 1 [ RunTime:0.000570s ]
[2020-09-29T10:22:34+08:00][sql] SELECT `value` FROM `api_app_config` WHERE  `key` = 'UPLOAD_TYPE_LIMIT'  AND `status` = 1 LIMIT 1 [ RunTime:0.000588s ]
[2020-09-29T10:29:24+08:00][sql] CONNECT:[ UseTime:0.001307s ] mysql:host=127.0.0.1;port=3306;dbname=shane;charset=utf8
[2020-09-29T10:29:24+08:00][sql] SHOW FULL COLUMNS FROM `api_user` [ RunTime:0.003124s ]
[2020-09-29T10:29:24+08:00][sql] SELECT * FROM `api_user` WHERE  `email` = '1109571639@qq.com'  AND `status` = 1 LIMIT 1 [ RunTime:0.000919s ]
[2020-09-29T10:29:24+08:00][sql] SHOW FULL COLUMNS FROM `api_app_config` [ RunTime:0.002211s ]
[2020-09-29T10:29:24+08:00][sql] SHOW FULL COLUMNS FROM `api_synthesize_config` [ RunTime:0.002151s ]
[2020-09-29T10:29:24+08:00][sql] SELECT `value` FROM `api_app_config` WHERE  `key` = 'UPLOAD_SIZE_LIMIT'  AND `status` = 1 LIMIT 1 [ RunTime:0.000848s ]
[2020-09-29T10:29:24+08:00][sql] SELECT `value` FROM `api_app_config` WHERE  `key` = 'UPLOAD_TYPE_LIMIT'  AND `status` = 1 LIMIT 1 [ RunTime:0.000739s ]
[2020-09-29T10:31:24+08:00][sql] CONNECT:[ UseTime:0.011774s ] mysql:host=127.0.0.1;port=3306;dbname=shane;charset=utf8
[2020-09-29T10:31:24+08:00][sql] SHOW FULL COLUMNS FROM `api_user` [ RunTime:0.001920s ]
[2020-09-29T10:31:24+08:00][sql] SELECT * FROM `api_user` WHERE  `email` = '1109571639@qq.com'  AND `status` = 1 LIMIT 1 [ RunTime:0.000739s ]
[2020-09-29T10:31:24+08:00][sql] SHOW FULL COLUMNS FROM `api_app_config` [ RunTime:0.001875s ]
[2020-09-29T10:31:24+08:00][sql] SHOW FULL COLUMNS FROM `api_synthesize_config` [ RunTime:0.001976s ]
[2020-09-29T10:31:24+08:00][sql] SELECT `value` FROM `api_app_config` WHERE  `key` = 'UPLOAD_SIZE_LIMIT'  AND `status` = 1 LIMIT 1 [ RunTime:0.001121s ]
[2020-09-29T10:31:24+08:00][sql] SELECT `value` FROM `api_app_config` WHERE  `key` = 'UPLOAD_TYPE_LIMIT'  AND `status` = 1 LIMIT 1 [ RunTime:0.001076s ]
[2020-09-29T10:33:03+08:00][sql] CONNECT:[ UseTime:0.010145s ] mysql:host=127.0.0.1;port=3306;dbname=shane;charset=utf8
[2020-09-29T10:33:03+08:00][sql] SHOW FULL COLUMNS FROM `api_user` [ RunTime:0.002217s ]
[2020-09-29T10:33:03+08:00][sql] SELECT * FROM `api_user` WHERE  `email` = '1109571639@qq.com'  AND `status` = 1 LIMIT 1 [ RunTime:0.000667s ]
[2020-09-29T10:33:03+08:00][sql] SHOW FULL COLUMNS FROM `api_app_config` [ RunTime:0.001795s ]
[2020-09-29T10:33:03+08:00][sql] SHOW FULL COLUMNS FROM `api_synthesize_config` [ RunTime:0.002058s ]
[2020-09-29T10:33:03+08:00][sql] SELECT `value` FROM `api_app_config` WHERE  `key` = 'UPLOAD_SIZE_LIMIT'  AND `status` = 1 LIMIT 1 [ RunTime:0.001481s ]
[2020-09-29T10:33:03+08:00][sql] SELECT `value` FROM `api_app_config` WHERE  `key` = 'UPLOAD_TYPE_LIMIT'  AND `status` = 1 LIMIT 1 [ RunTime:0.000935s ]
[2020-09-29T10:39:42+08:00][sql] CONNECT:[ UseTime:0.001782s ] mysql:host=127.0.0.1;port=3306;dbname=shane;charset=utf8
[2020-09-29T10:39:42+08:00][sql] SHOW FULL COLUMNS FROM `api_app_config` [ RunTime:0.002692s ]
[2020-09-29T10:39:42+08:00][sql] SHOW FULL COLUMNS FROM `api_synthesize_config` [ RunTime:0.003044s ]
[2020-09-29T10:39:42+08:00][sql] SELECT `value` FROM `api_app_config` WHERE  `key` = 'EMAIL_HOST'  AND `status` = 1 LIMIT 1 [ RunTime:0.001302s ]
[2020-09-29T10:39:42+08:00][sql] SELECT `value` FROM `api_app_config` WHERE  `key` = 'EMAIL_USERNAME'  AND `status` = 1 LIMIT 1 [ RunTime:0.001720s ]
[2020-09-29T10:39:42+08:00][sql] SELECT `value` FROM `api_app_config` WHERE  `key` = 'EMAIL_PASSWORD'  AND `status` = 1 LIMIT 1 [ RunTime:0.001951s ]
[2020-09-29T10:39:42+08:00][sql] SELECT `value` FROM `api_app_config` WHERE  `key` = 'EMAIL_NAME'  AND `status` = 1 LIMIT 1 [ RunTime:0.000831s ]
[2020-09-29T10:39:42+08:00][sql] SHOW FULL COLUMNS FROM `api_user` [ RunTime:0.002663s ]
[2020-09-29T10:39:42+08:00][sql] SHOW FULL COLUMNS FROM `api_user_class` [ RunTime:0.002712s ]
[2020-09-29T10:39:42+08:00][sql] SHOW FULL COLUMNS FROM `api_class` [ RunTime:0.002358s ]
[2020-09-29T10:39:42+08:00][sql] SHOW FULL COLUMNS FROM `api_department` [ RunTime:0.002197s ]
[2020-09-29T10:39:42+08:00][sql] SELECT * FROM `api_user` WHERE  `email` = '1109571639@qq.com'  AND `status` = 1 LIMIT 1 [ RunTime:0.001479s ]
[2020-09-29T10:39:42+08:00][sql] SELECT * FROM `api_user` WHERE  `email` = '1109571639@qq.com'  AND `status` = 1 LIMIT 1 [ RunTime:0.000846s ]
[2020-09-29T10:39:42+08:00][sql] UPDATE `api_user`  SET `last_login_time` = 1601347181 , `last_login_token` = 'b3befed954b74e98260c7da3baf5b9317ab09f33' , `update_time` = 1601347181  WHERE  `id` = 1 [ RunTime:0.000821s ]
[2020-09-29T10:40:18+08:00][sql] CONNECT:[ UseTime:0.011925s ] mysql:host=127.0.0.1;port=3306;dbname=shane;charset=utf8
[2020-09-29T10:40:18+08:00][sql] SHOW FULL COLUMNS FROM `api_user` [ RunTime:0.001900s ]
[2020-09-29T10:40:18+08:00][sql] SELECT * FROM `api_user` WHERE  `email` = '1109571639@qq.com'  AND `status` = 1 LIMIT 1 [ RunTime:0.000751s ]
[2020-09-29T10:40:18+08:00][sql] SHOW FULL COLUMNS FROM `api_app_config` [ RunTime:0.002461s ]
[2020-09-29T10:40:18+08:00][sql] SHOW FULL COLUMNS FROM `api_synthesize_config` [ RunTime:0.003037s ]
[2020-09-29T10:40:18+08:00][sql] SELECT `value` FROM `api_app_config` WHERE  `key` = 'UPLOAD_SIZE_LIMIT'  AND `status` = 1 LIMIT 1 [ RunTime:0.000956s ]
[2020-09-29T10:40:18+08:00][sql] SELECT `value` FROM `api_app_config` WHERE  `key` = 'UPLOAD_TYPE_LIMIT'  AND `status` = 1 LIMIT 1 [ RunTime:0.000856s ]
[2020-09-29T10:41:12+08:00][sql] CONNECT:[ UseTime:0.001306s ] mysql:host=127.0.0.1;port=3306;dbname=shane;charset=utf8
[2020-09-29T10:41:12+08:00][sql] SHOW FULL COLUMNS FROM `api_user` [ RunTime:0.002388s ]
[2020-09-29T10:41:12+08:00][sql] SELECT * FROM `api_user` WHERE  `email` = '1109571639@qq.com'  AND `status` = 1 LIMIT 1 [ RunTime:0.001023s ]
[2020-09-29T10:41:12+08:00][sql] SHOW FULL COLUMNS FROM `api_app_config` [ RunTime:0.002538s ]
[2020-09-29T10:41:12+08:00][sql] SHOW FULL COLUMNS FROM `api_synthesize_config` [ RunTime:0.001862s ]
[2020-09-29T10:41:12+08:00][sql] SELECT `value` FROM `api_app_config` WHERE  `key` = 'UPLOAD_SIZE_LIMIT'  AND `status` = 1 LIMIT 1 [ RunTime:0.000601s ]
[2020-09-29T10:41:12+08:00][sql] SELECT `value` FROM `api_app_config` WHERE  `key` = 'UPLOAD_TYPE_LIMIT'  AND `status` = 1 LIMIT 1 [ RunTime:0.000423s ]
[2020-09-29T11:23:05+08:00][sql] CONNECT:[ UseTime:0.001826s ] mysql:host=127.0.0.1;port=3306;dbname=shane;charset=utf8
[2020-09-29T11:23:05+08:00][sql] SHOW FULL COLUMNS FROM `api_app_config` [ RunTime:0.003663s ]
[2020-09-29T11:23:05+08:00][sql] SHOW FULL COLUMNS FROM `api_synthesize_config` [ RunTime:0.002322s ]
[2020-09-29T11:23:05+08:00][sql] SELECT `value` FROM `api_app_config` WHERE  `key` = 'EMAIL_HOST'  AND `status` = 1 LIMIT 1 [ RunTime:0.001141s ]
[2020-09-29T11:23:05+08:00][sql] SELECT `value` FROM `api_app_config` WHERE  `key` = 'EMAIL_USERNAME'  AND `status` = 1 LIMIT 1 [ RunTime:0.000623s ]
[2020-09-29T11:23:05+08:00][sql] SELECT `value` FROM `api_app_config` WHERE  `key` = 'EMAIL_PASSWORD'  AND `status` = 1 LIMIT 1 [ RunTime:0.000658s ]
[2020-09-29T11:23:05+08:00][sql] SELECT `value` FROM `api_app_config` WHERE  `key` = 'EMAIL_NAME'  AND `status` = 1 LIMIT 1 [ RunTime:0.000889s ]
[2020-09-29T11:23:05+08:00][sql] SHOW FULL COLUMNS FROM `api_user` [ RunTime:0.005055s ]
[2020-09-29T11:23:05+08:00][sql] SHOW FULL COLUMNS FROM `api_user_class` [ RunTime:0.002413s ]
[2020-09-29T11:23:05+08:00][sql] SHOW FULL COLUMNS FROM `api_class` [ RunTime:0.002132s ]
[2020-09-29T11:23:05+08:00][sql] SHOW FULL COLUMNS FROM `api_department` [ RunTime:0.002081s ]
[2020-09-29T11:23:05+08:00][sql] SELECT * FROM `api_user` WHERE  `email` = '1109571639@qq.com' LIMIT 1 [ RunTime:0.001626s ]
[2020-09-29T11:23:05+08:00][sql] SELECT `value` FROM `api_app_config` WHERE  `key` = 'EMAIL_ACTIVE_TITLE'  AND `status` = 1 LIMIT 1 [ RunTime:0.001142s ]
[2020-09-29T11:23:05+08:00][sql] SELECT `value` FROM `api_app_config` WHERE  `key` = 'EMAIL_ACTIVE_BODY'  AND `status` = 1 LIMIT 1 [ RunTime:0.000853s ]
[2020-09-29T11:23:05+08:00][sql] SELECT `value` FROM `api_app_config` WHERE  `key` = 'EMAIL_ACTIVE_ALT_BODY'  AND `status` = 1 LIMIT 1 [ RunTime:0.000839s ]
[2020-09-29T11:23:39+08:00][sql] CONNECT:[ UseTime:0.001646s ] mysql:host=127.0.0.1;port=3306;dbname=shane;charset=utf8
[2020-09-29T11:23:39+08:00][sql] SHOW FULL COLUMNS FROM `api_app_config` [ RunTime:0.002922s ]
[2020-09-29T11:23:39+08:00][sql] SHOW FULL COLUMNS FROM `api_synthesize_config` [ RunTime:0.002429s ]
[2020-09-29T11:23:39+08:00][sql] SELECT `value` FROM `api_app_config` WHERE  `key` = 'EMAIL_HOST'  AND `status` = 1 LIMIT 1 [ RunTime:0.001261s ]
[2020-09-29T11:23:39+08:00][sql] SELECT `value` FROM `api_app_config` WHERE  `key` = 'EMAIL_USERNAME'  AND `status` = 1 LIMIT 1 [ RunTime:0.000828s ]
[2020-09-29T11:23:39+08:00][sql] SELECT `value` FROM `api_app_config` WHERE  `key` = 'EMAIL_PASSWORD'  AND `status` = 1 LIMIT 1 [ RunTime:0.001071s ]
[2020-09-29T11:23:39+08:00][sql] SELECT `value` FROM `api_app_config` WHERE  `key` = 'EMAIL_NAME'  AND `status` = 1 LIMIT 1 [ RunTime:0.000603s ]
[2020-09-29T11:23:39+08:00][sql] SHOW FULL COLUMNS FROM `api_user` [ RunTime:0.002094s ]
[2020-09-29T11:23:39+08:00][sql] SHOW FULL COLUMNS FROM `api_user_class` [ RunTime:0.002099s ]
[2020-09-29T11:23:39+08:00][sql] SHOW FULL COLUMNS FROM `api_class` [ RunTime:0.002472s ]
[2020-09-29T11:23:39+08:00][sql] SHOW FULL COLUMNS FROM `api_department` [ RunTime:0.001614s ]
[2020-09-29T11:23:39+08:00][sql] SELECT * FROM `api_user` WHERE  `email` = '1109571639@qq.com' LIMIT 1 [ RunTime:0.001909s ]
[2020-09-29T11:23:39+08:00][sql] INSERT INTO `api_user` SET `email` = '1109571639@qq.com' , `password` = 'c7dff777ae9f431aa32791f205b20f91' , `name` = 'Shane' , `sex` = 1 , `student_id` = '2018510500' , `password_salt` = 'oFzwX' , `last_login_ip` = '127.0.0.1' , `last_login_time` = 1601349782 , `create_time` = 1601349819 , `update_time` = 1601349819 [ RunTime:0.001048s ]
